[1.472s] Invoking command in '/home/erum/U850_ws/src/xarm_ros2/uf850_ttt': AMENT_PREFIX_PATH=/home/erum/U850_ws/install/xarm_moveit_config:/home/erum/U850_ws/install/xarm_gazebo:/home/erum/U850_ws/install/xarm_controller:/home/erum/U850_ws/install/xarm_api:/home/erum/U850_ws/install/xarm_sdk:/home/erum/U850_ws/install/xarm_msgs:/home/erum/U850_ws/install/xarm_description:/home/erum/U850_ws/install/uf_ros_lib:${AMENT_PREFIX_PATH} CMAKE_PREFIX_PATH=/home/erum/U850_ws/install/xarm_moveit_config:/home/erum/U850_ws/install/xarm_gazebo:/home/erum/U850_ws/install/xarm_controller:/home/erum/U850_ws/install/xarm_api:/home/erum/U850_ws/install/xarm_sdk:/home/erum/U850_ws/install/xarm_msgs:/home/erum/U850_ws/install/xarm_description:${CMAKE_PREFIX_PATH} DEBUGINFOD_URLS=https://debuginfod.ubuntu.com LD_LIBRARY_PATH=/home/erum/U850_ws/install/xarm_gazebo/lib:/home/erum/U850_ws/install/xarm_controller/lib:/home/erum/U850_ws/install/xarm_api/lib:/home/erum/U850_ws/install/xarm_sdk/lib:/home/erum/U850_ws/install/xarm_msgs/lib:${LD_LIBRARY_PATH} PYTHONPATH=/home/erum/U850_ws/build/uf850_ttt/prefix_override:/usr/lib/python3/dist-packages/colcon_core/task/python/colcon_distutils_commands:/home/erum/U850_ws/install/uf850_ttt/lib/python3.12/site-packages:/home/erum/U850_ws/install/xarm_msgs/lib/python3.12/site-packages:/home/erum/U850_ws/install/uf_ros_lib/lib/python3.12/site-packages:${PYTHONPATH} /usr/bin/python3 -W ignore:setup.py install is deprecated -W ignore:easy_install command is deprecated setup.py egg_info --egg-base ../../../build/uf850_ttt build --build-base /home/erum/U850_ws/build/uf850_ttt/build install --record /home/erum/U850_ws/build/uf850_ttt/install.log --single-version-externally-managed install_data
[1.895s] running egg_info
[1.897s] creating ../../../build/uf850_ttt/uf850_ttt.egg-info
[1.932s] writing ../../../build/uf850_ttt/uf850_ttt.egg-info/PKG-INFO
[1.932s] writing dependency_links to ../../../build/uf850_ttt/uf850_ttt.egg-info/dependency_links.txt
[1.933s] writing requirements to ../../../build/uf850_ttt/uf850_ttt.egg-info/requires.txt
[1.935s] writing top-level names to ../../../build/uf850_ttt/uf850_ttt.egg-info/top_level.txt
[1.935s] writing manifest file '../../../build/uf850_ttt/uf850_ttt.egg-info/SOURCES.txt'
[1.984s] reading manifest file '../../../build/uf850_ttt/uf850_ttt.egg-info/SOURCES.txt'
[1.985s] writing manifest file '../../../build/uf850_ttt/uf850_ttt.egg-info/SOURCES.txt'
[1.985s] running build
[1.986s] running build_py
[1.986s] creating /home/erum/U850_ws/build/uf850_ttt/build
[1.986s] creating /home/erum/U850_ws/build/uf850_ttt/build/lib
[1.987s] creating /home/erum/U850_ws/build/uf850_ttt/build/lib/uf850_ttt
[1.987s] copying uf850_ttt/__init__.py -> /home/erum/U850_ws/build/uf850_ttt/build/lib/uf850_ttt
[1.987s] running install
[1.995s] running install_lib
[2.028s] creating /home/erum/U850_ws/install/uf850_ttt/lib/python3.12/site-packages/uf850_ttt
[2.030s] copying /home/erum/U850_ws/build/uf850_ttt/build/lib/uf850_ttt/__init__.py -> /home/erum/U850_ws/install/uf850_ttt/lib/python3.12/site-packages/uf850_ttt
[2.031s] byte-compiling /home/erum/U850_ws/install/uf850_ttt/lib/python3.12/site-packages/uf850_ttt/__init__.py to __init__.cpython-312.pyc
[2.031s] running install_data
[2.033s] creating /home/erum/U850_ws/install/uf850_ttt/share/ament_index
[2.033s] creating /home/erum/U850_ws/install/uf850_ttt/share/ament_index/resource_index
[2.033s] creating /home/erum/U850_ws/install/uf850_ttt/share/ament_index/resource_index/packages
[2.033s] copying resource/uf850_ttt -> /home/erum/U850_ws/install/uf850_ttt/share/ament_index/resource_index/packages
[2.033s] copying package.xml -> /home/erum/U850_ws/install/uf850_ttt/share/uf850_ttt
[2.035s] creating /home/erum/U850_ws/install/uf850_ttt/share/uf850_ttt/launch
[2.036s] copying launch/ttt_simulation.launch.py -> /home/erum/U850_ws/install/uf850_ttt/share/uf850_ttt/launch
[2.036s] creating /home/erum/U850_ws/install/uf850_ttt/share/uf850_ttt/worlds
[2.036s] copying worlds/ttt_master.world -> /home/erum/U850_ws/install/uf850_ttt/share/uf850_ttt/worlds
[2.036s] running install_egg_info
[2.087s] Copying ../../../build/uf850_ttt/uf850_ttt.egg-info to /home/erum/U850_ws/install/uf850_ttt/lib/python3.12/site-packages/uf850_ttt-0.0.1-py3.12.egg-info
[2.096s] running install_scripts
[2.363s] writing list of installed files to '/home/erum/U850_ws/build/uf850_ttt/install.log'
[2.434s] Invoked command in '/home/erum/U850_ws/src/xarm_ros2/uf850_ttt' returned '0': AMENT_PREFIX_PATH=/home/erum/U850_ws/install/xarm_moveit_config:/home/erum/U850_ws/install/xarm_gazebo:/home/erum/U850_ws/install/xarm_controller:/home/erum/U850_ws/install/xarm_api:/home/erum/U850_ws/install/xarm_sdk:/home/erum/U850_ws/install/xarm_msgs:/home/erum/U850_ws/install/xarm_description:/home/erum/U850_ws/install/uf_ros_lib:${AMENT_PREFIX_PATH} CMAKE_PREFIX_PATH=/home/erum/U850_ws/install/xarm_moveit_config:/home/erum/U850_ws/install/xarm_gazebo:/home/erum/U850_ws/install/xarm_controller:/home/erum/U850_ws/install/xarm_api:/home/erum/U850_ws/install/xarm_sdk:/home/erum/U850_ws/install/xarm_msgs:/home/erum/U850_ws/install/xarm_description:${CMAKE_PREFIX_PATH} DEBUGINFOD_URLS=https://debuginfod.ubuntu.com LD_LIBRARY_PATH=/home/erum/U850_ws/install/xarm_gazebo/lib:/home/erum/U850_ws/install/xarm_controller/lib:/home/erum/U850_ws/install/xarm_api/lib:/home/erum/U850_ws/install/xarm_sdk/lib:/home/erum/U850_ws/install/xarm_msgs/lib:${LD_LIBRARY_PATH} PYTHONPATH=/home/erum/U850_ws/build/uf850_ttt/prefix_override:/usr/lib/python3/dist-packages/colcon_core/task/python/colcon_distutils_commands:/home/erum/U850_ws/install/uf850_ttt/lib/python3.12/site-packages:/home/erum/U850_ws/install/xarm_msgs/lib/python3.12/site-packages:/home/erum/U850_ws/install/uf_ros_lib/lib/python3.12/site-packages:${PYTHONPATH} /usr/bin/python3 -W ignore:setup.py install is deprecated -W ignore:easy_install command is deprecated setup.py egg_info --egg-base ../../../build/uf850_ttt build --build-base /home/erum/U850_ws/build/uf850_ttt/build install --record /home/erum/U850_ws/build/uf850_ttt/install.log --single-version-externally-managed install_data
