[0.022s] Invoking command in '/home/erum/U850_ws/build/realsense_gazebo_plugin': CMAKE_PREFIX_PATH=${CMAKE_PREFIX_PATH}:/opt/ros/jazzy DEBUGINFOD_URLS=https://debuginfod.ubuntu.com /usr/bin/cmake --build /home/erum/U850_ws/build/realsense_gazebo_plugin -- -j2 -l2
[0.094s] Invoked command in '/home/erum/U850_ws/build/realsense_gazebo_plugin' returned '0': CMAKE_PREFIX_PATH=${CMAKE_PREFIX_PATH}:/opt/ros/jazzy DEBUGINFOD_URLS=https://debuginfod.ubuntu.com /usr/bin/cmake --build /home/erum/U850_ws/build/realsense_gazebo_plugin -- -j2 -l2
[0.095s] Invoking command in '/home/erum/U850_ws/build/realsense_gazebo_plugin': CMAKE_PREFIX_PATH=${CMAKE_PREFIX_PATH}:/opt/ros/jazzy DEBUGINFOD_URLS=https://debuginfod.ubuntu.com /usr/bin/cmake --install /home/erum/U850_ws/build/realsense_gazebo_plugin
[0.108s] -- Install configuration: ""
[0.108s] -- Up-to-date: /home/erum/U850_ws/install/realsense_gazebo_plugin/share/realsense_gazebo_plugin/environment/library_path.sh
[0.109s] -- Up-to-date: /home/erum/U850_ws/install/realsense_gazebo_plugin/share/realsense_gazebo_plugin/environment/library_path.dsv
[0.109s] -- Up-to-date: /home/erum/U850_ws/install/realsense_gazebo_plugin/share/ament_index/resource_index/package_run_dependencies/realsense_gazebo_plugin
[0.109s] -- Up-to-date: /home/erum/U850_ws/install/realsense_gazebo_plugin/share/ament_index/resource_index/parent_prefix_path/realsense_gazebo_plugin
[0.110s] -- Up-to-date: /home/erum/U850_ws/install/realsense_gazebo_plugin/share/realsense_gazebo_plugin/environment/ament_prefix_path.sh
[0.110s] -- Up-to-date: /home/erum/U850_ws/install/realsense_gazebo_plugin/share/realsense_gazebo_plugin/environment/ament_prefix_path.dsv
[0.110s] -- Up-to-date: /home/erum/U850_ws/install/realsense_gazebo_plugin/share/realsense_gazebo_plugin/environment/path.sh
[0.111s] -- Up-to-date: /home/erum/U850_ws/install/realsense_gazebo_plugin/share/realsense_gazebo_plugin/environment/path.dsv
[0.111s] -- Up-to-date: /home/erum/U850_ws/install/realsense_gazebo_plugin/share/realsense_gazebo_plugin/local_setup.bash
[0.111s] -- Up-to-date: /home/erum/U850_ws/install/realsense_gazebo_plugin/share/realsense_gazebo_plugin/local_setup.sh
[0.112s] -- Up-to-date: /home/erum/U850_ws/install/realsense_gazebo_plugin/share/realsense_gazebo_plugin/local_setup.zsh
[0.112s] -- Up-to-date: /home/erum/U850_ws/install/realsense_gazebo_plugin/share/realsense_gazebo_plugin/local_setup.dsv
[0.112s] -- Up-to-date: /home/erum/U850_ws/install/realsense_gazebo_plugin/share/realsense_gazebo_plugin/package.dsv
[0.112s] -- Up-to-date: /home/erum/U850_ws/install/realsense_gazebo_plugin/share/ament_index/resource_index/packages/realsense_gazebo_plugin
[0.113s] -- Up-to-date: /home/erum/U850_ws/install/realsense_gazebo_plugin/share/realsense_gazebo_plugin/cmake/ament_cmake_export_include_directories-extras.cmake
[0.113s] -- Up-to-date: /home/erum/U850_ws/install/realsense_gazebo_plugin/share/realsense_gazebo_plugin/cmake/ament_cmake_export_libraries-extras.cmake
[0.113s] -- Up-to-date: /home/erum/U850_ws/install/realsense_gazebo_plugin/share/realsense_gazebo_plugin/cmake/realsense_gazebo_pluginConfig.cmake
[0.114s] -- Up-to-date: /home/erum/U850_ws/install/realsense_gazebo_plugin/share/realsense_gazebo_plugin/cmake/realsense_gazebo_pluginConfig-version.cmake
[0.114s] -- Up-to-date: /home/erum/U850_ws/install/realsense_gazebo_plugin/share/realsense_gazebo_plugin/package.xml
[0.116s] Invoked command in '/home/erum/U850_ws/build/realsense_gazebo_plugin' returned '0': CMAKE_PREFIX_PATH=${CMAKE_PREFIX_PATH}:/opt/ros/jazzy DEBUGINFOD_URLS=https://debuginfod.ubuntu.com /usr/bin/cmake --install /home/erum/U850_ws/build/realsense_gazebo_plugin
