[0.047s] Invoking command in '/home/erum/U850_ws/build/realsense_gazebo_plugin': CMAKE_PREFIX_PATH=${CMAKE_PREFIX_PATH}:/home/erum/U850_ws/install/uf850_ttt:/home/erum/U850_ws/install/uf_ros_lib:/opt/ros/jazzy DEBUGINFOD_URLS=https://debuginfod.ubuntu.com /usr/bin/cmake --build /home/erum/U850_ws/build/realsense_gazebo_plugin -- -j2 -l2
[0.351s] Invoked command in '/home/erum/U850_ws/build/realsense_gazebo_plugin' returned '0': CMAKE_PREFIX_PATH=${CMAKE_PREFIX_PATH}:/home/erum/U850_ws/install/uf850_ttt:/home/erum/U850_ws/install/uf_ros_lib:/opt/ros/jazzy DEBUGINFOD_URLS=https://debuginfod.ubuntu.com /usr/bin/cmake --build /home/erum/U850_ws/build/realsense_gazebo_plugin -- -j2 -l2
[0.353s] Invoking command in '/home/erum/U850_ws/build/realsense_gazebo_plugin': CMAKE_PREFIX_PATH=${CMAKE_PREFIX_PATH}:/home/erum/U850_ws/install/uf850_ttt:/home/erum/U850_ws/install/uf_ros_lib:/opt/ros/jazzy DEBUGINFOD_URLS=https://debuginfod.ubuntu.com /usr/bin/cmake --install /home/erum/U850_ws/build/realsense_gazebo_plugin
[0.369s] -- Install configuration: ""
[0.369s] -- Up-to-date: /home/erum/U850_ws/install/realsense_gazebo_plugin/share/realsense_gazebo_plugin/environment/library_path.sh
[0.370s] -- Up-to-date: /home/erum/U850_ws/install/realsense_gazebo_plugin/share/realsense_gazebo_plugin/environment/library_path.dsv
[0.370s] -- Up-to-date: /home/erum/U850_ws/install/realsense_gazebo_plugin/share/ament_index/resource_index/package_run_dependencies/realsense_gazebo_plugin
[0.371s] -- Up-to-date: /home/erum/U850_ws/install/realsense_gazebo_plugin/share/ament_index/resource_index/parent_prefix_path/realsense_gazebo_plugin
[0.371s] -- Up-to-date: /home/erum/U850_ws/install/realsense_gazebo_plugin/share/realsense_gazebo_plugin/environment/ament_prefix_path.sh
[0.372s] -- Up-to-date: /home/erum/U850_ws/install/realsense_gazebo_plugin/share/realsense_gazebo_plugin/environment/ament_prefix_path.dsv
[0.372s] -- Up-to-date: /home/erum/U850_ws/install/realsense_gazebo_plugin/share/realsense_gazebo_plugin/environment/path.sh
[0.372s] -- Up-to-date: /home/erum/U850_ws/install/realsense_gazebo_plugin/share/realsense_gazebo_plugin/environment/path.dsv
[0.373s] -- Up-to-date: /home/erum/U850_ws/install/realsense_gazebo_plugin/share/realsense_gazebo_plugin/local_setup.bash
[0.373s] -- Up-to-date: /home/erum/U850_ws/install/realsense_gazebo_plugin/share/realsense_gazebo_plugin/local_setup.sh
[0.373s] -- Up-to-date: /home/erum/U850_ws/install/realsense_gazebo_plugin/share/realsense_gazebo_plugin/local_setup.zsh
[0.374s] -- Up-to-date: /home/erum/U850_ws/install/realsense_gazebo_plugin/share/realsense_gazebo_plugin/local_setup.dsv
[0.377s] -- Installing: /home/erum/U850_ws/install/realsense_gazebo_plugin/share/realsense_gazebo_plugin/package.dsv
[0.377s] -- Up-to-date: /home/erum/U850_ws/install/realsense_gazebo_plugin/share/ament_index/resource_index/packages/realsense_gazebo_plugin
[0.377s] -- Up-to-date: /home/erum/U850_ws/install/realsense_gazebo_plugin/share/realsense_gazebo_plugin/cmake/ament_cmake_export_include_directories-extras.cmake
[0.378s] -- Up-to-date: /home/erum/U850_ws/install/realsense_gazebo_plugin/share/realsense_gazebo_plugin/cmake/ament_cmake_export_libraries-extras.cmake
[0.378s] -- Up-to-date: /home/erum/U850_ws/install/realsense_gazebo_plugin/share/realsense_gazebo_plugin/cmake/realsense_gazebo_pluginConfig.cmake
[0.378s] -- Up-to-date: /home/erum/U850_ws/install/realsense_gazebo_plugin/share/realsense_gazebo_plugin/cmake/realsense_gazebo_pluginConfig-version.cmake
[0.379s] -- Up-to-date: /home/erum/U850_ws/install/realsense_gazebo_plugin/share/realsense_gazebo_plugin/package.xml
[0.381s] Invoked command in '/home/erum/U850_ws/build/realsense_gazebo_plugin' returned '0': CMAKE_PREFIX_PATH=${CMAKE_PREFIX_PATH}:/home/erum/U850_ws/install/uf850_ttt:/home/erum/U850_ws/install/uf_ros_lib:/opt/ros/jazzy DEBUGINFOD_URLS=https://debuginfod.ubuntu.com /usr/bin/cmake --install /home/erum/U850_ws/build/realsense_gazebo_plugin
