[0.147s] Invoking command in '/home/erum/U850_ws/build/xarm_controller': AMENT_PREFIX_PATH=/home/erum/U850_ws/install/xarm_api:/home/erum/U850_ws/install/xarm_sdk:/home/erum/U850_ws/install/xarm_msgs:/home/erum/U850_ws/install/xarm_description:${AMENT_PREFIX_PATH} CMAKE_PREFIX_PATH=/home/erum/U850_ws/install/xarm_api:/home/erum/U850_ws/install/xarm_sdk:/home/erum/U850_ws/install/xarm_msgs:/home/erum/U850_ws/install/xarm_description:/opt/ros/jazzy/opt/gz_sim_vendor:/opt/ros/jazzy/opt/gz_sensors_vendor:/opt/ros/jazzy/opt/gz_physics_vendor:/opt/ros/jazzy/opt/sdformat_vendor:/opt/ros/jazzy/opt/gz_gui_vendor:/opt/ros/jazzy/opt/gz_transport_vendor:/opt/ros/jazzy/opt/gz_rendering_vendor:/opt/ros/jazzy/opt/gz_plugin_vendor:/opt/ros/jazzy/opt/gz_fuel_tools_vendor:/opt/ros/jazzy/opt/gz_msgs_vendor:/opt/ros/jazzy/opt/gz_common_vendor:/opt/ros/jazzy/opt/gz_math_vendor:/opt/ros/jazzy/opt/gz_utils_vendor:/opt/ros/jazzy/opt/gz_tools_vendor:/opt/ros/jazzy/opt/gz_ogre_next_vendor:/opt/ros/jazzy/opt/gz_dartsim_vendor:/opt/ros/jazzy/opt/gz_cmake_vendor:/opt/ros/jazzy DEBUGINFOD_URLS=https://debuginfod.ubuntu.com LD_LIBRARY_PATH=/home/erum/U850_ws/install/xarm_api/lib:/home/erum/U850_ws/install/xarm_sdk/lib:/home/erum/U850_ws/install/xarm_msgs/lib:${LD_LIBRARY_PATH} PYTHONPATH=/home/erum/U850_ws/install/xarm_msgs/lib/python3.12/site-packages:${PYTHONPATH} /usr/bin/cmake /home/erum/U850_ws/src/xarm_ros2/xarm_controller -DCMAKE_INSTALL_PREFIX=/home/erum/U850_ws/install/xarm_controller
[0.654s] -- The C compiler identification is GNU 13.3.0
[0.782s] -- The CXX compiler identification is GNU 13.3.0
[0.850s] -- Detecting C compiler ABI info
[1.161s] -- Detecting C compiler ABI info - done
[1.180s] -- Check for working C compiler: /usr/bin/cc - skipped
[1.182s] -- Detecting C compile features
[1.184s] -- Detecting C compile features - done
[1.205s] -- Detecting CXX compiler ABI info
[1.405s] -- Detecting CXX compiler ABI info - done
[1.416s] -- Check for working CXX compiler: /usr/bin/c++ - skipped
[1.417s] -- Detecting CXX compile features
[1.418s] -- Detecting CXX compile features - done
[1.448s] -- Found ament_cmake: 2.5.4 (/opt/ros/jazzy/share/ament_cmake/cmake)
[1.914s] -- Found Python3: /usr/bin/python3 (found version "3.12.3") found components: Interpreter 
[2.261s] -- Found ament_lint_auto: 0.17.3 (/opt/ros/jazzy/share/ament_lint_auto/cmake)
[2.552s] -- Found hardware_interface: 4.39.2 (/opt/ros/jazzy/share/hardware_interface/cmake)
[2.767s] -- Found rosidl_generator_c: 4.6.6 (/opt/ros/jazzy/share/rosidl_generator_c/cmake)
[2.821s] -- Found rosidl_generator_cpp: 4.6.6 (/opt/ros/jazzy/share/rosidl_generator_cpp/cmake)
[2.879s] -- Using all available rosidl_typesupport_c: rosidl_typesupport_fastrtps_c;rosidl_typesupport_introspection_c
[2.951s] -- Using all available rosidl_typesupport_cpp: rosidl_typesupport_fastrtps_cpp;rosidl_typesupport_introspection_cpp
[3.719s] -- Found TinyXML2 via Config file: /usr/lib/x86_64-linux-gnu/cmake/tinyxml2
[3.911s] -- Found rmw_implementation_cmake: 7.3.2 (/opt/ros/jazzy/share/rmw_implementation_cmake/cmake)
[3.927s] -- Found rmw_cyclonedds_cpp: 2.2.3 (/opt/ros/jazzy/share/rmw_cyclonedds_cpp/cmake)
[4.042s] -- Using RMW implementation 'rmw_cyclonedds_cpp' as default
[5.104s] -- Found controller_manager_msgs: 4.39.2 (/opt/ros/jazzy/share/controller_manager_msgs/cmake)
[5.202s] -- Found xarm_msgs: 0.0.0 (/home/erum/U850_ws/install/xarm_msgs/share/xarm_msgs/cmake)
[5.304s] -- Found xarm_api: 0.0.0 (/home/erum/U850_ws/install/xarm_api/share/xarm_api/cmake)
[5.309s] -- Found xarm_sdk: 0.0.0 (/home/erum/U850_ws/install/xarm_sdk/share/xarm_sdk/cmake)
[5.332s] -- Added test 'copyright' to check source files copyright and LICENSE
[5.341s] -- Added test 'cppcheck' to perform static code analysis on C / C++ code
[5.341s] -- Configured cppcheck include dirs: /home/erum/U850_ws/src/xarm_ros2/xarm_controller/include
[5.341s] -- Configured cppcheck exclude dirs and/or files: 
[5.346s] -- Added test 'cpplint' to check C / C++ code against the Google style
[5.346s] -- Configured cpplint exclude dirs and/or files: 
[5.348s] -- Added test 'flake8' to check Python code syntax and style conventions
[5.348s] -- Configured 'flake8' exclude dirs and/or files: 
[5.351s] -- Added test 'lint_cmake' to check CMake code style
[5.353s] -- Added test 'pep257' to check Python code against some of the docstring style conventions in PEP 257
[5.357s] -- Added test 'uncrustify' to check C / C++ code style
[5.357s] -- Configured uncrustify additional arguments: 
[5.358s] -- Added test 'xmllint' to check XML markup files
[5.371s] -- Configuring done (5.2s)
[5.545s] -- Generating done (0.2s)
[5.568s] -- Build files have been written to: /home/erum/U850_ws/build/xarm_controller
[5.636s] Invoked command in '/home/erum/U850_ws/build/xarm_controller' returned '0': AMENT_PREFIX_PATH=/home/erum/U850_ws/install/xarm_api:/home/erum/U850_ws/install/xarm_sdk:/home/erum/U850_ws/install/xarm_msgs:/home/erum/U850_ws/install/xarm_description:${AMENT_PREFIX_PATH} CMAKE_PREFIX_PATH=/home/erum/U850_ws/install/xarm_api:/home/erum/U850_ws/install/xarm_sdk:/home/erum/U850_ws/install/xarm_msgs:/home/erum/U850_ws/install/xarm_description:/opt/ros/jazzy/opt/gz_sim_vendor:/opt/ros/jazzy/opt/gz_sensors_vendor:/opt/ros/jazzy/opt/gz_physics_vendor:/opt/ros/jazzy/opt/sdformat_vendor:/opt/ros/jazzy/opt/gz_gui_vendor:/opt/ros/jazzy/opt/gz_transport_vendor:/opt/ros/jazzy/opt/gz_rendering_vendor:/opt/ros/jazzy/opt/gz_plugin_vendor:/opt/ros/jazzy/opt/gz_fuel_tools_vendor:/opt/ros/jazzy/opt/gz_msgs_vendor:/opt/ros/jazzy/opt/gz_common_vendor:/opt/ros/jazzy/opt/gz_math_vendor:/opt/ros/jazzy/opt/gz_utils_vendor:/opt/ros/jazzy/opt/gz_tools_vendor:/opt/ros/jazzy/opt/gz_ogre_next_vendor:/opt/ros/jazzy/opt/gz_dartsim_vendor:/opt/ros/jazzy/opt/gz_cmake_vendor:/opt/ros/jazzy DEBUGINFOD_URLS=https://debuginfod.ubuntu.com LD_LIBRARY_PATH=/home/erum/U850_ws/install/xarm_api/lib:/home/erum/U850_ws/install/xarm_sdk/lib:/home/erum/U850_ws/install/xarm_msgs/lib:${LD_LIBRARY_PATH} PYTHONPATH=/home/erum/U850_ws/install/xarm_msgs/lib/python3.12/site-packages:${PYTHONPATH} /usr/bin/cmake /home/erum/U850_ws/src/xarm_ros2/xarm_controller -DCMAKE_INSTALL_PREFIX=/home/erum/U850_ws/install/xarm_controller
[5.644s] Invoking command in '/home/erum/U850_ws/build/xarm_controller': AMENT_PREFIX_PATH=/home/erum/U850_ws/install/xarm_api:/home/erum/U850_ws/install/xarm_sdk:/home/erum/U850_ws/install/xarm_msgs:/home/erum/U850_ws/install/xarm_description:${AMENT_PREFIX_PATH} CMAKE_PREFIX_PATH=/home/erum/U850_ws/install/xarm_api:/home/erum/U850_ws/install/xarm_sdk:/home/erum/U850_ws/install/xarm_msgs:/home/erum/U850_ws/install/xarm_description:/opt/ros/jazzy/opt/gz_sim_vendor:/opt/ros/jazzy/opt/gz_sensors_vendor:/opt/ros/jazzy/opt/gz_physics_vendor:/opt/ros/jazzy/opt/sdformat_vendor:/opt/ros/jazzy/opt/gz_gui_vendor:/opt/ros/jazzy/opt/gz_transport_vendor:/opt/ros/jazzy/opt/gz_rendering_vendor:/opt/ros/jazzy/opt/gz_plugin_vendor:/opt/ros/jazzy/opt/gz_fuel_tools_vendor:/opt/ros/jazzy/opt/gz_msgs_vendor:/opt/ros/jazzy/opt/gz_common_vendor:/opt/ros/jazzy/opt/gz_math_vendor:/opt/ros/jazzy/opt/gz_utils_vendor:/opt/ros/jazzy/opt/gz_tools_vendor:/opt/ros/jazzy/opt/gz_ogre_next_vendor:/opt/ros/jazzy/opt/gz_dartsim_vendor:/opt/ros/jazzy/opt/gz_cmake_vendor:/opt/ros/jazzy DEBUGINFOD_URLS=https://debuginfod.ubuntu.com LD_LIBRARY_PATH=/home/erum/U850_ws/install/xarm_api/lib:/home/erum/U850_ws/install/xarm_sdk/lib:/home/erum/U850_ws/install/xarm_msgs/lib:${LD_LIBRARY_PATH} PYTHONPATH=/home/erum/U850_ws/install/xarm_msgs/lib/python3.12/site-packages:${PYTHONPATH} /usr/bin/cmake --build /home/erum/U850_ws/build/xarm_controller -- -j2 -l2
[5.819s] [ 33%] [32mBuilding CXX object CMakeFiles/uf_robot_hardware.dir/src/hardware/uf_robot_system_hardware.cpp.o[0m
[5.827s] [ 66%] [32mBuilding CXX object CMakeFiles/uf_robot_hardware.dir/src/hardware/uf_robot_fake_system_hardware.cpp.o[0m
[16.578s] [01m[K/home/erum/U850_ws/src/xarm_ros2/xarm_controller/src/hardware/uf_robot_system_hardware.cpp:[m[K In member function ‘[01m[Kvirtual uf_robot_hardware::CallbackReturn uf_robot_hardware::UFRobotSystemHardware::[01;32m[Kon_init[m[K(const hardware_interface::HardwareInfo&)[m[K’:
[16.581s] [01m[K/home/erum/U850_ws/src/xarm_ros2/xarm_controller/src/hardware/uf_robot_system_hardware.cpp:163:57:[m[K [01;35m[Kwarning: [m[K‘[01m[Kvirtual rclcpp_lifecycle::node_interfaces::LifecycleNodeInterface::CallbackReturn hardware_interface::HardwareComponentInterface::[01;32m[Kon_init[m[K(const hardware_interface::HardwareInfo&)[m[K’ is deprecated: Use on_init(const HardwareComponentInterfaceParams & params) instead. [[01;35m[K]8;;https://gcc.gnu.org/onlinedocs/gcc/Warning-Options.html#index-Wdeprecated-declarations-Wdeprecated-declarations]8;;[m[K]
[16.581s]   163 |         if ([01;35m[Khardware_interface::SystemInterface::on_init(info)[m[K != CallbackReturn::SUCCESS) {
[16.581s]       |             [01;35m[K~~~~~~~~~~~~~~~~~~~~~~~~~~~~~~~~~~~~~~~~~~~~^~~~~~[m[K
[16.582s] In file included from [01m[K/opt/ros/jazzy/include/hardware_interface/hardware_interface/system_interface.hpp:18[m[K,
[16.582s]                  from [01m[K/home/erum/U850_ws/src/xarm_ros2/xarm_controller/include/xarm_controller/hardware/uf_robot_system_hardware.h:22[m[K,
[16.582s]                  from [01m[K/home/erum/U850_ws/src/xarm_ros2/xarm_controller/src/hardware/uf_robot_system_hardware.cpp:9[m[K:
[16.582s] [01m[K/opt/ros/jazzy/include/hardware_interface/hardware_interface/hardware_component_interface.hpp:235:26:[m[K [01;36m[Knote: [m[Kdeclared here
[16.582s]   235 |   virtual CallbackReturn [01;36m[Kon_init[m[K(const HardwareInfo & hardware_info)
[16.582s]       |                          [01;36m[K^~~~~~~[m[K
[26.429s] [100%] [32m[1mLinking CXX shared library libuf_robot_hardware.so[0m
[29.935s] [100%] Built target uf_robot_hardware
[29.974s] Invoked command in '/home/erum/U850_ws/build/xarm_controller' returned '0': AMENT_PREFIX_PATH=/home/erum/U850_ws/install/xarm_api:/home/erum/U850_ws/install/xarm_sdk:/home/erum/U850_ws/install/xarm_msgs:/home/erum/U850_ws/install/xarm_description:${AMENT_PREFIX_PATH} CMAKE_PREFIX_PATH=/home/erum/U850_ws/install/xarm_api:/home/erum/U850_ws/install/xarm_sdk:/home/erum/U850_ws/install/xarm_msgs:/home/erum/U850_ws/install/xarm_description:/opt/ros/jazzy/opt/gz_sim_vendor:/opt/ros/jazzy/opt/gz_sensors_vendor:/opt/ros/jazzy/opt/gz_physics_vendor:/opt/ros/jazzy/opt/sdformat_vendor:/opt/ros/jazzy/opt/gz_gui_vendor:/opt/ros/jazzy/opt/gz_transport_vendor:/opt/ros/jazzy/opt/gz_rendering_vendor:/opt/ros/jazzy/opt/gz_plugin_vendor:/opt/ros/jazzy/opt/gz_fuel_tools_vendor:/opt/ros/jazzy/opt/gz_msgs_vendor:/opt/ros/jazzy/opt/gz_common_vendor:/opt/ros/jazzy/opt/gz_math_vendor:/opt/ros/jazzy/opt/gz_utils_vendor:/opt/ros/jazzy/opt/gz_tools_vendor:/opt/ros/jazzy/opt/gz_ogre_next_vendor:/opt/ros/jazzy/opt/gz_dartsim_vendor:/opt/ros/jazzy/opt/gz_cmake_vendor:/opt/ros/jazzy DEBUGINFOD_URLS=https://debuginfod.ubuntu.com LD_LIBRARY_PATH=/home/erum/U850_ws/install/xarm_api/lib:/home/erum/U850_ws/install/xarm_sdk/lib:/home/erum/U850_ws/install/xarm_msgs/lib:${LD_LIBRARY_PATH} PYTHONPATH=/home/erum/U850_ws/install/xarm_msgs/lib/python3.12/site-packages:${PYTHONPATH} /usr/bin/cmake --build /home/erum/U850_ws/build/xarm_controller -- -j2 -l2
[29.979s] Invoking command in '/home/erum/U850_ws/build/xarm_controller': AMENT_PREFIX_PATH=/home/erum/U850_ws/install/xarm_api:/home/erum/U850_ws/install/xarm_sdk:/home/erum/U850_ws/install/xarm_msgs:/home/erum/U850_ws/install/xarm_description:${AMENT_PREFIX_PATH} CMAKE_PREFIX_PATH=/home/erum/U850_ws/install/xarm_api:/home/erum/U850_ws/install/xarm_sdk:/home/erum/U850_ws/install/xarm_msgs:/home/erum/U850_ws/install/xarm_description:/opt/ros/jazzy/opt/gz_sim_vendor:/opt/ros/jazzy/opt/gz_sensors_vendor:/opt/ros/jazzy/opt/gz_physics_vendor:/opt/ros/jazzy/opt/sdformat_vendor:/opt/ros/jazzy/opt/gz_gui_vendor:/opt/ros/jazzy/opt/gz_transport_vendor:/opt/ros/jazzy/opt/gz_rendering_vendor:/opt/ros/jazzy/opt/gz_plugin_vendor:/opt/ros/jazzy/opt/gz_fuel_tools_vendor:/opt/ros/jazzy/opt/gz_msgs_vendor:/opt/ros/jazzy/opt/gz_common_vendor:/opt/ros/jazzy/opt/gz_math_vendor:/opt/ros/jazzy/opt/gz_utils_vendor:/opt/ros/jazzy/opt/gz_tools_vendor:/opt/ros/jazzy/opt/gz_ogre_next_vendor:/opt/ros/jazzy/opt/gz_dartsim_vendor:/opt/ros/jazzy/opt/gz_cmake_vendor:/opt/ros/jazzy DEBUGINFOD_URLS=https://debuginfod.ubuntu.com LD_LIBRARY_PATH=/home/erum/U850_ws/install/xarm_api/lib:/home/erum/U850_ws/install/xarm_sdk/lib:/home/erum/U850_ws/install/xarm_msgs/lib:${LD_LIBRARY_PATH} PYTHONPATH=/home/erum/U850_ws/install/xarm_msgs/lib/python3.12/site-packages:${PYTHONPATH} /usr/bin/cmake --install /home/erum/U850_ws/build/xarm_controller
[30.014s] -- Install configuration: ""
[30.014s] -- Installing: /home/erum/U850_ws/install/xarm_controller/share/xarm_controller/uf_hardware_interface_plugins.xml
[30.016s] -- Installing: /home/erum/U850_ws/install/xarm_controller/include
[30.016s] -- Installing: /home/erum/U850_ws/install/xarm_controller/include/xarm_controller
[30.017s] -- Installing: /home/erum/U850_ws/install/xarm_controller/include/xarm_controller/hardware
[30.017s] -- Installing: /home/erum/U850_ws/install/xarm_controller/include/xarm_controller/hardware/bak_uf_robot_fake_system_hardware.h
[30.018s] -- Installing: /home/erum/U850_ws/install/xarm_controller/include/xarm_controller/hardware/uf_robot_system_hardware.h
[30.020s] -- Installing: /home/erum/U850_ws/install/xarm_controller/include/xarm_controller/hardware/uf_robot_fake_system_hardware.h
[30.022s] -- Installing: /home/erum/U850_ws/install/xarm_controller/lib/libuf_robot_hardware.so
[30.037s] -- Set non-toolchain portion of runtime path of "/home/erum/U850_ws/install/xarm_controller/lib/libuf_robot_hardware.so" to ""
[30.037s] -- Installing: /home/erum/U850_ws/install/xarm_controller/share/xarm_controller//launch
[30.037s] -- Installing: /home/erum/U850_ws/install/xarm_controller/share/xarm_controller//launch/lite6_control_rviz_display.launch.py
[30.037s] -- Installing: /home/erum/U850_ws/install/xarm_controller/share/xarm_controller//launch/uf850_control_rviz_display.launch.py
[30.039s] -- Installing: /home/erum/U850_ws/install/xarm_controller/share/xarm_controller//launch/xarm7_mirror_control_rviz_display.launch.py
[30.040s] -- Installing: /home/erum/U850_ws/install/xarm_controller/share/xarm_controller//launch/xarm7_control_rviz_display.launch.py
[30.042s] -- Installing: /home/erum/U850_ws/install/xarm_controller/share/xarm_controller//launch/_dual_ros2_control.launch.py
[30.043s] -- Installing: /home/erum/U850_ws/install/xarm_controller/share/xarm_controller//launch/xarm5_control_rviz_display.launch.py
[30.043s] -- Installing: /home/erum/U850_ws/install/xarm_controller/share/xarm_controller//launch/xarm6_control_rviz_display.launch.py
[30.044s] -- Installing: /home/erum/U850_ws/install/xarm_controller/share/xarm_controller//launch/_ros2_control.launch.py
[30.045s] -- Installing: /home/erum/U850_ws/install/xarm_controller/share/xarm_controller//launch/_robot_ros2_control.launch.py
[30.045s] -- Installing: /home/erum/U850_ws/install/xarm_controller/share/xarm_controller//launch/lib
[30.045s] -- Installing: /home/erum/U850_ws/install/xarm_controller/share/xarm_controller//launch/lib/robot_controller_lib.py
[30.046s] -- Installing: /home/erum/U850_ws/install/xarm_controller/share/xarm_controller//config
[30.047s] -- Installing: /home/erum/U850_ws/install/xarm_controller/share/xarm_controller//config/uf850_gripper_controllers.yaml
[30.048s] -- Installing: /home/erum/U850_ws/install/xarm_controller/share/xarm_controller//config/xarm7_controllers.yaml
[30.048s] -- Installing: /home/erum/U850_ws/install/xarm_controller/share/xarm_controller//config/uf850_controllers.yaml
[30.049s] -- Installing: /home/erum/U850_ws/install/xarm_controller/share/xarm_controller//config/xarm7_mirror_controllers.yaml
[30.049s] -- Installing: /home/erum/U850_ws/install/xarm_controller/share/xarm_controller//config/xarm5_controllers.yaml
[30.049s] -- Installing: /home/erum/U850_ws/install/xarm_controller/share/xarm_controller//config/xarm7_mirror_gripper_controllers.yaml
[30.049s] -- Installing: /home/erum/U850_ws/install/xarm_controller/share/xarm_controller//config/xarm6_controllers.yaml
[30.049s] -- Installing: /home/erum/U850_ws/install/xarm_controller/share/xarm_controller//config/bio_gripper_controllers.yaml
[30.050s] -- Installing: /home/erum/U850_ws/install/xarm_controller/share/xarm_controller//config/xarm_gripper_controllers.yaml
[30.050s] -- Installing: /home/erum/U850_ws/install/xarm_controller/share/xarm_controller//config/lite6_controllers.yaml
[30.053s] -- Installing: /home/erum/U850_ws/install/xarm_controller/share/xarm_controller/environment/library_path.sh
[30.055s] -- Installing: /home/erum/U850_ws/install/xarm_controller/share/xarm_controller/environment/library_path.dsv
[30.056s] -- Installing: /home/erum/U850_ws/install/xarm_controller/share/ament_index/resource_index/package_run_dependencies/xarm_controller
[30.058s] -- Installing: /home/erum/U850_ws/install/xarm_controller/share/ament_index/resource_index/parent_prefix_path/xarm_controller
[30.058s] -- Installing: /home/erum/U850_ws/install/xarm_controller/share/xarm_controller/environment/ament_prefix_path.sh
[30.058s] -- Installing: /home/erum/U850_ws/install/xarm_controller/share/xarm_controller/environment/ament_prefix_path.dsv
[30.060s] -- Installing: /home/erum/U850_ws/install/xarm_controller/share/xarm_controller/environment/path.sh
[30.060s] -- Installing: /home/erum/U850_ws/install/xarm_controller/share/xarm_controller/environment/path.dsv
[30.061s] -- Installing: /home/erum/U850_ws/install/xarm_controller/share/xarm_controller/local_setup.bash
[30.062s] -- Installing: /home/erum/U850_ws/install/xarm_controller/share/xarm_controller/local_setup.sh
[30.062s] -- Installing: /home/erum/U850_ws/install/xarm_controller/share/xarm_controller/local_setup.zsh
[30.063s] -- Installing: /home/erum/U850_ws/install/xarm_controller/share/xarm_controller/local_setup.dsv
[30.064s] -- Installing: /home/erum/U850_ws/install/xarm_controller/share/xarm_controller/package.dsv
[30.064s] -- Installing: /home/erum/U850_ws/install/xarm_controller/share/ament_index/resource_index/packages/xarm_controller
[30.066s] -- Installing: /home/erum/U850_ws/install/xarm_controller/share/ament_index/resource_index/hardware_interface__pluginlib__plugin/xarm_controller
[30.066s] -- Installing: /home/erum/U850_ws/install/xarm_controller/share/xarm_controller/cmake/ament_cmake_export_include_directories-extras.cmake
[30.066s] -- Installing: /home/erum/U850_ws/install/xarm_controller/share/xarm_controller/cmake/ament_cmake_export_libraries-extras.cmake
[30.067s] -- Installing: /home/erum/U850_ws/install/xarm_controller/share/xarm_controller/cmake/ament_cmake_export_dependencies-extras.cmake
[30.067s] -- Installing: /home/erum/U850_ws/install/xarm_controller/share/xarm_controller/cmake/xarm_controllerConfig.cmake
[30.068s] -- Installing: /home/erum/U850_ws/install/xarm_controller/share/xarm_controller/cmake/xarm_controllerConfig-version.cmake
[30.068s] -- Installing: /home/erum/U850_ws/install/xarm_controller/share/xarm_controller/package.xml
[30.074s] Invoked command in '/home/erum/U850_ws/build/xarm_controller' returned '0': AMENT_PREFIX_PATH=/home/erum/U850_ws/install/xarm_api:/home/erum/U850_ws/install/xarm_sdk:/home/erum/U850_ws/install/xarm_msgs:/home/erum/U850_ws/install/xarm_description:${AMENT_PREFIX_PATH} CMAKE_PREFIX_PATH=/home/erum/U850_ws/install/xarm_api:/home/erum/U850_ws/install/xarm_sdk:/home/erum/U850_ws/install/xarm_msgs:/home/erum/U850_ws/install/xarm_description:/opt/ros/jazzy/opt/gz_sim_vendor:/opt/ros/jazzy/opt/gz_sensors_vendor:/opt/ros/jazzy/opt/gz_physics_vendor:/opt/ros/jazzy/opt/sdformat_vendor:/opt/ros/jazzy/opt/gz_gui_vendor:/opt/ros/jazzy/opt/gz_transport_vendor:/opt/ros/jazzy/opt/gz_rendering_vendor:/opt/ros/jazzy/opt/gz_plugin_vendor:/opt/ros/jazzy/opt/gz_fuel_tools_vendor:/opt/ros/jazzy/opt/gz_msgs_vendor:/opt/ros/jazzy/opt/gz_common_vendor:/opt/ros/jazzy/opt/gz_math_vendor:/opt/ros/jazzy/opt/gz_utils_vendor:/opt/ros/jazzy/opt/gz_tools_vendor:/opt/ros/jazzy/opt/gz_ogre_next_vendor:/opt/ros/jazzy/opt/gz_dartsim_vendor:/opt/ros/jazzy/opt/gz_cmake_vendor:/opt/ros/jazzy DEBUGINFOD_URLS=https://debuginfod.ubuntu.com LD_LIBRARY_PATH=/home/erum/U850_ws/install/xarm_api/lib:/home/erum/U850_ws/install/xarm_sdk/lib:/home/erum/U850_ws/install/xarm_msgs/lib:${LD_LIBRARY_PATH} PYTHONPATH=/home/erum/U850_ws/install/xarm_msgs/lib/python3.12/site-packages:${PYTHONPATH} /usr/bin/cmake --install /home/erum/U850_ws/build/xarm_controller
