[3.539s] Invoking command in '/home/erum/U850_ws/src/xarm_ros2/uf850_ttt': AMENT_PREFIX_PATH=/home/erum/U850_ws/install/xarm_moveit_config:/home/erum/U850_ws/install/xarm_gazebo:/home/erum/U850_ws/install/xarm_controller:/home/erum/U850_ws/install/xarm_api:/home/erum/U850_ws/install/xarm_sdk:/home/erum/U850_ws/install/xarm_msgs:/home/erum/U850_ws/install/xarm_description:/home/erum/U850_ws/install/uf_ros_lib:${AMENT_PREFIX_PATH} CMAKE_PREFIX_PATH=/home/erum/U850_ws/install/xarm_moveit_config:/home/erum/U850_ws/install/xarm_gazebo:/home/erum/U850_ws/install/xarm_controller:/home/erum/U850_ws/install/xarm_api:/home/erum/U850_ws/install/xarm_sdk:/home/erum/U850_ws/install/xarm_msgs:/home/erum/U850_ws/install/xarm_description:${CMAKE_PREFIX_PATH} DEBUGINFOD_URLS=https://debuginfod.ubuntu.com LD_LIBRARY_PATH=/home/erum/U850_ws/install/xarm_gazebo/lib:/home/erum/U850_ws/install/xarm_controller/lib:/home/erum/U850_ws/install/xarm_api/lib:/home/erum/U850_ws/install/xarm_sdk/lib:/home/erum/U850_ws/install/xarm_msgs/lib:${LD_LIBRARY_PATH} PYTHONPATH=/home/erum/U850_ws/build/uf850_ttt/prefix_override:/usr/lib/python3/dist-packages/colcon_core/task/python/colcon_distutils_commands:/home/erum/U850_ws/install/uf850_ttt/lib/python3.12/site-packages:/home/erum/U850_ws/install/xarm_msgs/lib/python3.12/site-packages:/home/erum/U850_ws/install/uf_ros_lib/lib/python3.12/site-packages:${PYTHONPATH} /usr/bin/python3 -W ignore:setup.py install is deprecated -W ignore:easy_install command is deprecated setup.py egg_info --egg-base ../../../build/uf850_ttt build --build-base /home/erum/U850_ws/build/uf850_ttt/build install --record /home/erum/U850_ws/build/uf850_ttt/install.log --single-version-externally-managed install_data
[3.994s] running egg_info
[4.026s] writing ../../../build/uf850_ttt/uf850_ttt.egg-info/PKG-INFO
[4.026s] writing dependency_links to ../../../build/uf850_ttt/uf850_ttt.egg-info/dependency_links.txt
[4.027s] writing requirements to ../../../build/uf850_ttt/uf850_ttt.egg-info/requires.txt
[4.027s] writing top-level names to ../../../build/uf850_ttt/uf850_ttt.egg-info/top_level.txt
[4.092s] reading manifest file '../../../build/uf850_ttt/uf850_ttt.egg-info/SOURCES.txt'
[4.094s] writing manifest file '../../../build/uf850_ttt/uf850_ttt.egg-info/SOURCES.txt'
[4.096s] running build
[4.096s] running build_py
[4.096s] running install
[4.104s] running install_lib
[4.139s] running install_data
[4.143s] copying launch/ttt_world.launch.py -> /home/erum/U850_ws/install/uf850_ttt/share/uf850_ttt/launch
[4.143s] copying worlds/ttt_master.world -> /home/erum/U850_ws/install/uf850_ttt/share/uf850_ttt/worlds
[4.147s] running install_egg_info
[4.201s] removing '/home/erum/U850_ws/install/uf850_ttt/lib/python3.12/site-packages/uf850_ttt-0.0.1-py3.12.egg-info' (and everything under it)
[4.206s] Copying ../../../build/uf850_ttt/uf850_ttt.egg-info to /home/erum/U850_ws/install/uf850_ttt/lib/python3.12/site-packages/uf850_ttt-0.0.1-py3.12.egg-info
[4.209s] running install_scripts
[4.975s] writing list of installed files to '/home/erum/U850_ws/build/uf850_ttt/install.log'
[5.124s] Invoked command in '/home/erum/U850_ws/src/xarm_ros2/uf850_ttt' returned '0': AMENT_PREFIX_PATH=/home/erum/U850_ws/install/xarm_moveit_config:/home/erum/U850_ws/install/xarm_gazebo:/home/erum/U850_ws/install/xarm_controller:/home/erum/U850_ws/install/xarm_api:/home/erum/U850_ws/install/xarm_sdk:/home/erum/U850_ws/install/xarm_msgs:/home/erum/U850_ws/install/xarm_description:/home/erum/U850_ws/install/uf_ros_lib:${AMENT_PREFIX_PATH} CMAKE_PREFIX_PATH=/home/erum/U850_ws/install/xarm_moveit_config:/home/erum/U850_ws/install/xarm_gazebo:/home/erum/U850_ws/install/xarm_controller:/home/erum/U850_ws/install/xarm_api:/home/erum/U850_ws/install/xarm_sdk:/home/erum/U850_ws/install/xarm_msgs:/home/erum/U850_ws/install/xarm_description:${CMAKE_PREFIX_PATH} DEBUGINFOD_URLS=https://debuginfod.ubuntu.com LD_LIBRARY_PATH=/home/erum/U850_ws/install/xarm_gazebo/lib:/home/erum/U850_ws/install/xarm_controller/lib:/home/erum/U850_ws/install/xarm_api/lib:/home/erum/U850_ws/install/xarm_sdk/lib:/home/erum/U850_ws/install/xarm_msgs/lib:${LD_LIBRARY_PATH} PYTHONPATH=/home/erum/U850_ws/build/uf850_ttt/prefix_override:/usr/lib/python3/dist-packages/colcon_core/task/python/colcon_distutils_commands:/home/erum/U850_ws/install/uf850_ttt/lib/python3.12/site-packages:/home/erum/U850_ws/install/xarm_msgs/lib/python3.12/site-packages:/home/erum/U850_ws/install/uf_ros_lib/lib/python3.12/site-packages:${PYTHONPATH} /usr/bin/python3 -W ignore:setup.py install is deprecated -W ignore:easy_install command is deprecated setup.py egg_info --egg-base ../../../build/uf850_ttt build --build-base /home/erum/U850_ws/build/uf850_ttt/build install --record /home/erum/U850_ws/build/uf850_ttt/install.log --single-version-externally-managed install_data
