[0.036s] Invoking command in '/home/erum/U850_ws/build/xarm_planner': AMENT_PREFIX_PATH=/home/erum/U850_ws/install/xarm_moveit_config:/home/erum/U850_ws/install/xarm_gazebo:/home/erum/U850_ws/install/xarm_controller:/home/erum/U850_ws/install/xarm_api:/home/erum/U850_ws/install/xarm_sdk:/home/erum/U850_ws/install/xarm_msgs:/home/erum/U850_ws/install/xarm_description:/home/erum/U850_ws/install/uf_ros_lib:${AMENT_PREFIX_PATH} CMAKE_PREFIX_PATH=/home/erum/U850_ws/install/xarm_moveit_config:/home/erum/U850_ws/install/xarm_gazebo:/home/erum/U850_ws/install/xarm_controller:/home/erum/U850_ws/install/xarm_api:/home/erum/U850_ws/install/xarm_sdk:/home/erum/U850_ws/install/xarm_msgs:/home/erum/U850_ws/install/xarm_description:/opt/ros/jazzy/opt/gz_sim_vendor:/opt/ros/jazzy/opt/gz_sensors_vendor:/opt/ros/jazzy/opt/gz_physics_vendor:/opt/ros/jazzy/opt/sdformat_vendor:/opt/ros/jazzy/opt/gz_gui_vendor:/opt/ros/jazzy/opt/gz_transport_vendor:/opt/ros/jazzy/opt/gz_rendering_vendor:/opt/ros/jazzy/opt/gz_plugin_vendor:/opt/ros/jazzy/opt/gz_fuel_tools_vendor:/opt/ros/jazzy/opt/gz_msgs_vendor:/opt/ros/jazzy/opt/gz_common_vendor:/opt/ros/jazzy/opt/gz_math_vendor:/opt/ros/jazzy/opt/gz_utils_vendor:/opt/ros/jazzy/opt/gz_tools_vendor:/opt/ros/jazzy/opt/gz_ogre_next_vendor:/opt/ros/jazzy/opt/gz_dartsim_vendor:/opt/ros/jazzy/opt/gz_cmake_vendor:/opt/ros/jazzy DEBUGINFOD_URLS=https://debuginfod.ubuntu.com LD_LIBRARY_PATH=/home/erum/U850_ws/install/xarm_gazebo/lib:/home/erum/U850_ws/install/xarm_controller/lib:/home/erum/U850_ws/install/xarm_api/lib:/home/erum/U850_ws/install/xarm_sdk/lib:/home/erum/U850_ws/install/xarm_msgs/lib:${LD_LIBRARY_PATH} PYTHONPATH=/home/erum/U850_ws/install/xarm_msgs/lib/python3.12/site-packages:/home/erum/U850_ws/install/uf_ros_lib/lib/python3.12/site-packages:${PYTHONPATH} /usr/bin/cmake /home/erum/U850_ws/src/xarm_ros2/xarm_planner -DCMAKE_INSTALL_PREFIX=/home/erum/U850_ws/install/xarm_planner
[0.058s] -- Found ament_cmake: 2.5.4 (/opt/ros/jazzy/share/ament_cmake/cmake)
[0.643s] -- Found moveit: 2.12.3 (/opt/ros/jazzy/share/moveit/cmake)
[0.661s] -- Found moveit_ros_planning_interface: 2.12.3 (/opt/ros/jazzy/share/moveit_ros_planning_interface/cmake)
[1.119s] -- Found Boost: /usr/lib/x86_64-linux-gnu/cmake/Boost-1.83.0/BoostConfig.cmake (found version "1.83.0") found components: date_time filesystem program_options system thread 
[1.343s] -- Found rosidl_generator_c: 4.6.6 (/opt/ros/jazzy/share/rosidl_generator_c/cmake)
[1.368s] -- Found rosidl_generator_cpp: 4.6.6 (/opt/ros/jazzy/share/rosidl_generator_cpp/cmake)
[1.399s] -- Using all available rosidl_typesupport_c: rosidl_typesupport_fastrtps_c;rosidl_typesupport_introspection_c
[1.440s] -- Using all available rosidl_typesupport_cpp: rosidl_typesupport_fastrtps_cpp;rosidl_typesupport_introspection_cpp
[2.293s] -- Found Boost: /usr/lib/x86_64-linux-gnu/cmake/Boost-1.83.0/BoostConfig.cmake (found version "1.83.0") found components: chrono date_time filesystem iostreams program_options regex serialization system thread 
[2.484s] -- Found parameter_traits: 0.5.0 (/opt/ros/jazzy/share/parameter_traits/cmake)
[2.617s] -- Found rmw_implementation_cmake: 7.3.2 (/opt/ros/jazzy/share/rmw_implementation_cmake/cmake)
[2.626s] -- Found rmw_cyclonedds_cpp: 2.2.3 (/opt/ros/jazzy/share/rmw_cyclonedds_cpp/cmake)
[2.694s] -- Using RMW implementation 'rmw_cyclonedds_cpp' as default
[2.832s] -- Found rclcpp_lifecycle: 28.1.13 (/opt/ros/jazzy/share/rclcpp_lifecycle/cmake)
[2.933s] -- Found Boost: /usr/lib/x86_64-linux-gnu/cmake/Boost-1.83.0/BoostConfig.cmake (found version "1.83.0") found components: filesystem 
[3.088s] -- Found Eigen3: TRUE (found version "3.4.0") 
[3.088s] -- Ensuring Eigen3 include directory is part of orocos-kdl CMake target
[3.135s] -- Found TinyXML2 via Config file: /usr/lib/x86_64-linux-gnu/cmake/tinyxml2
[3.596s] -- Found Boost: /usr/lib/x86_64-linux-gnu/cmake/Boost-1.83.0/BoostConfig.cmake (found version "1.83.0") found components: system filesystem date_time program_options thread chrono 
[3.732s] -- Found Boost: /usr/lib/x86_64-linux-gnu/cmake/Boost-1.83.0/BoostConfig.cmake (found version "1.83.0") found components: thread system filesystem regex date_time program_options 
[4.130s] -- Found Boost: /usr/lib/x86_64-linux-gnu/cmake/Boost-1.83.0/BoostConfig.cmake (found version "1.83.0") found components: system filesystem date_time program_options thread 
[4.275s] -- Found xarm_msgs: 0.0.0 (/home/erum/U850_ws/install/xarm_msgs/share/xarm_msgs/cmake)
[4.453s] -- Found ament_lint_auto: 0.17.3 (/opt/ros/jazzy/share/ament_lint_auto/cmake)
[4.910s] -- Added test 'copyright' to check source files copyright and LICENSE
[4.916s] -- Added test 'cppcheck' to perform static code analysis on C / C++ code
[4.918s] -- Configured cppcheck include dirs: /home/erum/U850_ws/src/xarm_ros2/xarm_planner/include
[4.919s] -- Configured cppcheck exclude dirs and/or files: 
[4.922s] -- Added test 'cpplint' to check C / C++ code against the Google style
[4.922s] -- Configured cpplint exclude dirs and/or files: 
[4.926s] -- Added test 'flake8' to check Python code syntax and style conventions
[4.927s] -- Configured 'flake8' exclude dirs and/or files: 
[4.929s] -- Added test 'lint_cmake' to check CMake code style
[4.931s] -- Added test 'pep257' to check Python code against some of the docstring style conventions in PEP 257
[4.937s] -- Added test 'uncrustify' to check C / C++ code style
[4.937s] -- Configured uncrustify additional arguments: 
[4.938s] -- Added test 'xmllint' to check XML markup files
[4.941s] -- Configuring done (4.9s)
[5.417s] -- Generating done (0.4s)
[5.468s] -- Build files have been written to: /home/erum/U850_ws/build/xarm_planner
[5.500s] Invoked command in '/home/erum/U850_ws/build/xarm_planner' returned '0': AMENT_PREFIX_PATH=/home/erum/U850_ws/install/xarm_moveit_config:/home/erum/U850_ws/install/xarm_gazebo:/home/erum/U850_ws/install/xarm_controller:/home/erum/U850_ws/install/xarm_api:/home/erum/U850_ws/install/xarm_sdk:/home/erum/U850_ws/install/xarm_msgs:/home/erum/U850_ws/install/xarm_description:/home/erum/U850_ws/install/uf_ros_lib:${AMENT_PREFIX_PATH} CMAKE_PREFIX_PATH=/home/erum/U850_ws/install/xarm_moveit_config:/home/erum/U850_ws/install/xarm_gazebo:/home/erum/U850_ws/install/xarm_controller:/home/erum/U850_ws/install/xarm_api:/home/erum/U850_ws/install/xarm_sdk:/home/erum/U850_ws/install/xarm_msgs:/home/erum/U850_ws/install/xarm_description:/opt/ros/jazzy/opt/gz_sim_vendor:/opt/ros/jazzy/opt/gz_sensors_vendor:/opt/ros/jazzy/opt/gz_physics_vendor:/opt/ros/jazzy/opt/sdformat_vendor:/opt/ros/jazzy/opt/gz_gui_vendor:/opt/ros/jazzy/opt/gz_transport_vendor:/opt/ros/jazzy/opt/gz_rendering_vendor:/opt/ros/jazzy/opt/gz_plugin_vendor:/opt/ros/jazzy/opt/gz_fuel_tools_vendor:/opt/ros/jazzy/opt/gz_msgs_vendor:/opt/ros/jazzy/opt/gz_common_vendor:/opt/ros/jazzy/opt/gz_math_vendor:/opt/ros/jazzy/opt/gz_utils_vendor:/opt/ros/jazzy/opt/gz_tools_vendor:/opt/ros/jazzy/opt/gz_ogre_next_vendor:/opt/ros/jazzy/opt/gz_dartsim_vendor:/opt/ros/jazzy/opt/gz_cmake_vendor:/opt/ros/jazzy DEBUGINFOD_URLS=https://debuginfod.ubuntu.com LD_LIBRARY_PATH=/home/erum/U850_ws/install/xarm_gazebo/lib:/home/erum/U850_ws/install/xarm_controller/lib:/home/erum/U850_ws/install/xarm_api/lib:/home/erum/U850_ws/install/xarm_sdk/lib:/home/erum/U850_ws/install/xarm_msgs/lib:${LD_LIBRARY_PATH} PYTHONPATH=/home/erum/U850_ws/install/xarm_msgs/lib/python3.12/site-packages:/home/erum/U850_ws/install/uf_ros_lib/lib/python3.12/site-packages:${PYTHONPATH} /usr/bin/cmake /home/erum/U850_ws/src/xarm_ros2/xarm_planner -DCMAKE_INSTALL_PREFIX=/home/erum/U850_ws/install/xarm_planner
[5.502s] Invoking command in '/home/erum/U850_ws/build/xarm_planner': AMENT_PREFIX_PATH=/home/erum/U850_ws/install/xarm_moveit_config:/home/erum/U850_ws/install/xarm_gazebo:/home/erum/U850_ws/install/xarm_controller:/home/erum/U850_ws/install/xarm_api:/home/erum/U850_ws/install/xarm_sdk:/home/erum/U850_ws/install/xarm_msgs:/home/erum/U850_ws/install/xarm_description:/home/erum/U850_ws/install/uf_ros_lib:${AMENT_PREFIX_PATH} CMAKE_PREFIX_PATH=/home/erum/U850_ws/install/xarm_moveit_config:/home/erum/U850_ws/install/xarm_gazebo:/home/erum/U850_ws/install/xarm_controller:/home/erum/U850_ws/install/xarm_api:/home/erum/U850_ws/install/xarm_sdk:/home/erum/U850_ws/install/xarm_msgs:/home/erum/U850_ws/install/xarm_description:/opt/ros/jazzy/opt/gz_sim_vendor:/opt/ros/jazzy/opt/gz_sensors_vendor:/opt/ros/jazzy/opt/gz_physics_vendor:/opt/ros/jazzy/opt/sdformat_vendor:/opt/ros/jazzy/opt/gz_gui_vendor:/opt/ros/jazzy/opt/gz_transport_vendor:/opt/ros/jazzy/opt/gz_rendering_vendor:/opt/ros/jazzy/opt/gz_plugin_vendor:/opt/ros/jazzy/opt/gz_fuel_tools_vendor:/opt/ros/jazzy/opt/gz_msgs_vendor:/opt/ros/jazzy/opt/gz_common_vendor:/opt/ros/jazzy/opt/gz_math_vendor:/opt/ros/jazzy/opt/gz_utils_vendor:/opt/ros/jazzy/opt/gz_tools_vendor:/opt/ros/jazzy/opt/gz_ogre_next_vendor:/opt/ros/jazzy/opt/gz_dartsim_vendor:/opt/ros/jazzy/opt/gz_cmake_vendor:/opt/ros/jazzy DEBUGINFOD_URLS=https://debuginfod.ubuntu.com LD_LIBRARY_PATH=/home/erum/U850_ws/install/xarm_gazebo/lib:/home/erum/U850_ws/install/xarm_controller/lib:/home/erum/U850_ws/install/xarm_api/lib:/home/erum/U850_ws/install/xarm_sdk/lib:/home/erum/U850_ws/install/xarm_msgs/lib:${LD_LIBRARY_PATH} PYTHONPATH=/home/erum/U850_ws/install/xarm_msgs/lib/python3.12/site-packages:/home/erum/U850_ws/install/uf_ros_lib/lib/python3.12/site-packages:${PYTHONPATH} /usr/bin/cmake --build /home/erum/U850_ws/build/xarm_planner -- -j2 -l2
[5.729s] [  4%] [32mBuilding CXX object CMakeFiles/test_xarm_planner_client_joint.dir/test/test_xarm_planner_client_joint.cpp.o[0m
[5.783s] [  9%] [32mBuilding CXX object CMakeFiles/xarm_planner.dir/src/xarm_planner.cpp.o[0m
[28.786s] [ 13%] [32m[1mLinking CXX executable test_xarm_planner_client_joint[0m
[30.558s] [ 13%] Built target test_xarm_planner_client_joint
[38.087s] [ 18%] [32m[1mLinking CXX shared library libxarm_planner.so[0m
[39.280s] [ 18%] Built target xarm_planner
[39.389s] [ 22%] [32mBuilding CXX object CMakeFiles/test_xarm_planner_client_pose.dir/test/test_xarm_planner_client_pose.cpp.o[0m
[45.595s] [ 27%] [32m[1mLinking CXX executable test_xarm_planner_client_pose[0m
[46.029s] [ 27%] Built target test_xarm_planner_client_pose
[46.077s] [ 31%] [32mBuilding CXX object CMakeFiles/test_xarm_gripper_planner_client_joint.dir/test/test_xarm_gripper_planner_client_joint.cpp.o[0m
[51.995s] [ 36%] [32m[1mLinking CXX executable test_xarm_gripper_planner_client_joint[0m
[52.461s] [ 36%] Built target test_xarm_gripper_planner_client_joint
[52.504s] [ 40%] [32mBuilding CXX object CMakeFiles/test_lite_gripper_realmove.dir/test/test_lite_gripper_realmove.cpp.o[0m
[57.667s] [ 45%] [32m[1mLinking CXX executable test_lite_gripper_realmove[0m
[58.130s] [ 45%] Built target test_lite_gripper_realmove
[58.180s] [ 50%] [32mBuilding CXX object CMakeFiles/xarm_planner_node.dir/src/xarm_planner_node.cpp.o[0m
[72.212s] [ 54%] [32m[1mLinking CXX executable xarm_planner_node[0m
[73.213s] [ 54%] Built target xarm_planner_node
[73.261s] [ 59%] [32mBuilding CXX object CMakeFiles/xarm_gripper_planner_node.dir/src/xarm_gripper_planner_node.cpp.o[0m
[76.297s] [ 63%] [32mBuilding CXX object CMakeFiles/test_xarm_planner_api_joint.dir/test/test_xarm_planner_api_joint.cpp.o[0m
[86.276s] [ 68%] [32m[1mLinking CXX executable xarm_gripper_planner_node[0m
[87.220s] [ 68%] Built target xarm_gripper_planner_node
[88.420s] [ 72%] [32m[1mLinking CXX executable test_xarm_planner_api_joint[0m
[88.964s] [ 72%] Built target test_xarm_planner_api_joint
[89.028s] [ 77%] [32mBuilding CXX object CMakeFiles/test_dual_xarm_planner_api_joint.dir/test/test_dual_xarm_planner_api_joint.cpp.o[0m
[100.656s] [ 81%] [32m[1mLinking CXX executable test_dual_xarm_planner_api_joint[0m
[101.166s] [ 81%] Built target test_dual_xarm_planner_api_joint
[101.241s] [ 86%] [32mBuilding CXX object CMakeFiles/test_xarm_planner_api_pose.dir/test/test_xarm_planner_api_pose.cpp.o[0m
[111.177s] [ 90%] [32m[1mLinking CXX executable test_xarm_planner_api_pose[0m
[111.701s] [ 90%] Built target test_xarm_planner_api_pose
[111.756s] [ 95%] [32mBuilding CXX object CMakeFiles/test_xarm_gripper_planner_api_joint.dir/test/test_xarm_gripper_planner_api_joint.cpp.o[0m
[121.392s] [100%] [32m[1mLinking CXX executable test_xarm_gripper_planner_api_joint[0m
[121.897s] [100%] Built target test_xarm_gripper_planner_api_joint
[122.022s] Invoked command in '/home/erum/U850_ws/build/xarm_planner' returned '0': AMENT_PREFIX_PATH=/home/erum/U850_ws/install/xarm_moveit_config:/home/erum/U850_ws/install/xarm_gazebo:/home/erum/U850_ws/install/xarm_controller:/home/erum/U850_ws/install/xarm_api:/home/erum/U850_ws/install/xarm_sdk:/home/erum/U850_ws/install/xarm_msgs:/home/erum/U850_ws/install/xarm_description:/home/erum/U850_ws/install/uf_ros_lib:${AMENT_PREFIX_PATH} CMAKE_PREFIX_PATH=/home/erum/U850_ws/install/xarm_moveit_config:/home/erum/U850_ws/install/xarm_gazebo:/home/erum/U850_ws/install/xarm_controller:/home/erum/U850_ws/install/xarm_api:/home/erum/U850_ws/install/xarm_sdk:/home/erum/U850_ws/install/xarm_msgs:/home/erum/U850_ws/install/xarm_description:/opt/ros/jazzy/opt/gz_sim_vendor:/opt/ros/jazzy/opt/gz_sensors_vendor:/opt/ros/jazzy/opt/gz_physics_vendor:/opt/ros/jazzy/opt/sdformat_vendor:/opt/ros/jazzy/opt/gz_gui_vendor:/opt/ros/jazzy/opt/gz_transport_vendor:/opt/ros/jazzy/opt/gz_rendering_vendor:/opt/ros/jazzy/opt/gz_plugin_vendor:/opt/ros/jazzy/opt/gz_fuel_tools_vendor:/opt/ros/jazzy/opt/gz_msgs_vendor:/opt/ros/jazzy/opt/gz_common_vendor:/opt/ros/jazzy/opt/gz_math_vendor:/opt/ros/jazzy/opt/gz_utils_vendor:/opt/ros/jazzy/opt/gz_tools_vendor:/opt/ros/jazzy/opt/gz_ogre_next_vendor:/opt/ros/jazzy/opt/gz_dartsim_vendor:/opt/ros/jazzy/opt/gz_cmake_vendor:/opt/ros/jazzy DEBUGINFOD_URLS=https://debuginfod.ubuntu.com LD_LIBRARY_PATH=/home/erum/U850_ws/install/xarm_gazebo/lib:/home/erum/U850_ws/install/xarm_controller/lib:/home/erum/U850_ws/install/xarm_api/lib:/home/erum/U850_ws/install/xarm_sdk/lib:/home/erum/U850_ws/install/xarm_msgs/lib:${LD_LIBRARY_PATH} PYTHONPATH=/home/erum/U850_ws/install/xarm_msgs/lib/python3.12/site-packages:/home/erum/U850_ws/install/uf_ros_lib/lib/python3.12/site-packages:${PYTHONPATH} /usr/bin/cmake --build /home/erum/U850_ws/build/xarm_planner -- -j2 -l2
[122.037s] Invoking command in '/home/erum/U850_ws/build/xarm_planner': AMENT_PREFIX_PATH=/home/erum/U850_ws/install/xarm_moveit_config:/home/erum/U850_ws/install/xarm_gazebo:/home/erum/U850_ws/install/xarm_controller:/home/erum/U850_ws/install/xarm_api:/home/erum/U850_ws/install/xarm_sdk:/home/erum/U850_ws/install/xarm_msgs:/home/erum/U850_ws/install/xarm_description:/home/erum/U850_ws/install/uf_ros_lib:${AMENT_PREFIX_PATH} CMAKE_PREFIX_PATH=/home/erum/U850_ws/install/xarm_moveit_config:/home/erum/U850_ws/install/xarm_gazebo:/home/erum/U850_ws/install/xarm_controller:/home/erum/U850_ws/install/xarm_api:/home/erum/U850_ws/install/xarm_sdk:/home/erum/U850_ws/install/xarm_msgs:/home/erum/U850_ws/install/xarm_description:/opt/ros/jazzy/opt/gz_sim_vendor:/opt/ros/jazzy/opt/gz_sensors_vendor:/opt/ros/jazzy/opt/gz_physics_vendor:/opt/ros/jazzy/opt/sdformat_vendor:/opt/ros/jazzy/opt/gz_gui_vendor:/opt/ros/jazzy/opt/gz_transport_vendor:/opt/ros/jazzy/opt/gz_rendering_vendor:/opt/ros/jazzy/opt/gz_plugin_vendor:/opt/ros/jazzy/opt/gz_fuel_tools_vendor:/opt/ros/jazzy/opt/gz_msgs_vendor:/opt/ros/jazzy/opt/gz_common_vendor:/opt/ros/jazzy/opt/gz_math_vendor:/opt/ros/jazzy/opt/gz_utils_vendor:/opt/ros/jazzy/opt/gz_tools_vendor:/opt/ros/jazzy/opt/gz_ogre_next_vendor:/opt/ros/jazzy/opt/gz_dartsim_vendor:/opt/ros/jazzy/opt/gz_cmake_vendor:/opt/ros/jazzy DEBUGINFOD_URLS=https://debuginfod.ubuntu.com LD_LIBRARY_PATH=/home/erum/U850_ws/install/xarm_gazebo/lib:/home/erum/U850_ws/install/xarm_controller/lib:/home/erum/U850_ws/install/xarm_api/lib:/home/erum/U850_ws/install/xarm_sdk/lib:/home/erum/U850_ws/install/xarm_msgs/lib:${LD_LIBRARY_PATH} PYTHONPATH=/home/erum/U850_ws/install/xarm_msgs/lib/python3.12/site-packages:/home/erum/U850_ws/install/uf_ros_lib/lib/python3.12/site-packages:${PYTHONPATH} /usr/bin/cmake --install /home/erum/U850_ws/build/xarm_planner
[122.058s] -- Install configuration: ""
[122.058s] -- Installing: /home/erum/U850_ws/install/xarm_planner/include
[122.060s] -- Installing: /home/erum/U850_ws/install/xarm_planner/include/xarm_planner
[122.060s] -- Installing: /home/erum/U850_ws/install/xarm_planner/include/xarm_planner/xarm_planner.h
[122.061s] -- Installing: /home/erum/U850_ws/install/xarm_planner/lib/libxarm_planner.so
[122.062s] -- Set non-toolchain portion of runtime path of "/home/erum/U850_ws/install/xarm_planner/lib/libxarm_planner.so" to ""
[122.062s] -- Installing: /home/erum/U850_ws/install/xarm_planner/lib/xarm_planner/xarm_planner_node
[122.069s] -- Set non-toolchain portion of runtime path of "/home/erum/U850_ws/install/xarm_planner/lib/xarm_planner/xarm_planner_node" to ""
[122.069s] -- Installing: /home/erum/U850_ws/install/xarm_planner/lib/xarm_planner/xarm_gripper_planner_node
[122.073s] -- Set non-toolchain portion of runtime path of "/home/erum/U850_ws/install/xarm_planner/lib/xarm_planner/xarm_gripper_planner_node" to ""
[122.073s] -- Installing: /home/erum/U850_ws/install/xarm_planner/lib/xarm_planner/test_xarm_planner_api_joint
[122.073s] -- Set non-toolchain portion of runtime path of "/home/erum/U850_ws/install/xarm_planner/lib/xarm_planner/test_xarm_planner_api_joint" to ""
[122.073s] -- Installing: /home/erum/U850_ws/install/xarm_planner/lib/xarm_planner/test_dual_xarm_planner_api_joint
[122.074s] -- Set non-toolchain portion of runtime path of "/home/erum/U850_ws/install/xarm_planner/lib/xarm_planner/test_dual_xarm_planner_api_joint" to ""
[122.074s] -- Installing: /home/erum/U850_ws/install/xarm_planner/lib/xarm_planner/test_xarm_planner_api_pose
[122.075s] -- Set non-toolchain portion of runtime path of "/home/erum/U850_ws/install/xarm_planner/lib/xarm_planner/test_xarm_planner_api_pose" to ""
[122.075s] -- Installing: /home/erum/U850_ws/install/xarm_planner/lib/xarm_planner/test_xarm_gripper_planner_api_joint
[122.076s] -- Set non-toolchain portion of runtime path of "/home/erum/U850_ws/install/xarm_planner/lib/xarm_planner/test_xarm_gripper_planner_api_joint" to ""
[122.076s] -- Installing: /home/erum/U850_ws/install/xarm_planner/lib/xarm_planner/test_xarm_planner_client_joint
[122.083s] -- Set non-toolchain portion of runtime path of "/home/erum/U850_ws/install/xarm_planner/lib/xarm_planner/test_xarm_planner_client_joint" to ""
[122.084s] -- Installing: /home/erum/U850_ws/install/xarm_planner/lib/xarm_planner/test_xarm_planner_client_pose
[122.091s] -- Set non-toolchain portion of runtime path of "/home/erum/U850_ws/install/xarm_planner/lib/xarm_planner/test_xarm_planner_client_pose" to ""
[122.091s] -- Installing: /home/erum/U850_ws/install/xarm_planner/lib/xarm_planner/test_xarm_gripper_planner_client_joint
[122.104s] -- Set non-toolchain portion of runtime path of "/home/erum/U850_ws/install/xarm_planner/lib/xarm_planner/test_xarm_gripper_planner_client_joint" to ""
[122.104s] -- Installing: /home/erum/U850_ws/install/xarm_planner/lib/xarm_planner/test_lite_gripper_realmove
[122.107s] -- Set non-toolchain portion of runtime path of "/home/erum/U850_ws/install/xarm_planner/lib/xarm_planner/test_lite_gripper_realmove" to ""
[122.107s] -- Installing: /home/erum/U850_ws/install/xarm_planner/share/xarm_planner//launch
[122.109s] -- Installing: /home/erum/U850_ws/install/xarm_planner/share/xarm_planner//launch/test_lite_gripper_realmove.launch.py
[122.110s] -- Installing: /home/erum/U850_ws/install/xarm_planner/share/xarm_planner//launch/test_xarm_gripper_planner_client_joint.launch.py
[122.110s] -- Installing: /home/erum/U850_ws/install/xarm_planner/share/xarm_planner//launch/xarm6_planner_gazebo.launch.py
[122.111s] -- Installing: /home/erum/U850_ws/install/xarm_planner/share/xarm_planner//launch/lite6_planner_realmove.launch.py
[122.111s] -- Installing: /home/erum/U850_ws/install/xarm_planner/share/xarm_planner//launch/test_xarm_planner_api_pose.launch.py
[122.112s] -- Installing: /home/erum/U850_ws/install/xarm_planner/share/xarm_planner//launch/xarm5_planner_fake.launch.py
[122.112s] -- Installing: /home/erum/U850_ws/install/xarm_planner/share/xarm_planner//launch/xarm6_planner_realmove.launch.py
[122.112s] -- Installing: /home/erum/U850_ws/install/xarm_planner/share/xarm_planner//launch/xarm7_planner_fake.launch.py
[122.112s] -- Installing: /home/erum/U850_ws/install/xarm_planner/share/xarm_planner//launch/uf850_planner_gazebo.launch.py
[122.114s] -- Installing: /home/erum/U850_ws/install/xarm_planner/share/xarm_planner//launch/xarm7_mirror_planner_gazebo.launch.py
[122.114s] -- Installing: /home/erum/U850_ws/install/xarm_planner/share/xarm_planner//launch/test_dual_xarm_planner_api_joint.launch.py
[122.115s] -- Installing: /home/erum/U850_ws/install/xarm_planner/share/xarm_planner//launch/xarm7_mirror_planner_fake.launch.py
[122.116s] -- Installing: /home/erum/U850_ws/install/xarm_planner/share/xarm_planner//launch/xarm5_planner_gazebo.launch.py
[122.117s] -- Installing: /home/erum/U850_ws/install/xarm_planner/share/xarm_planner//launch/test_xarm_planner_client_joint.launch.py
[122.117s] -- Installing: /home/erum/U850_ws/install/xarm_planner/share/xarm_planner//launch/lite6_planner_fake.launch.py
[122.118s] -- Installing: /home/erum/U850_ws/install/xarm_planner/share/xarm_planner//launch/lite6_planner_gazebo.launch.py
[122.118s] -- Installing: /home/erum/U850_ws/install/xarm_planner/share/xarm_planner//launch/uf850_planner_fake.launch.py
[122.119s] -- Installing: /home/erum/U850_ws/install/xarm_planner/share/xarm_planner//launch/xarm6_planner_fake.launch.py
[122.121s] -- Installing: /home/erum/U850_ws/install/xarm_planner/share/xarm_planner//launch/xarm7_mirror_planner_realmove.launch.py
[122.122s] -- Installing: /home/erum/U850_ws/install/xarm_planner/share/xarm_planner//launch/test_move_group.launch.py
[122.123s] -- Installing: /home/erum/U850_ws/install/xarm_planner/share/xarm_planner//launch/test_xarm_planner_client_pose.launch.py
[122.123s] -- Installing: /home/erum/U850_ws/install/xarm_planner/share/xarm_planner//launch/test_xarm_planner_api_joint.launch.py
[122.124s] -- Installing: /home/erum/U850_ws/install/xarm_planner/share/xarm_planner//launch/xarm7_planner_gazebo.launch.py
[122.125s] -- Installing: /home/erum/U850_ws/install/xarm_planner/share/xarm_planner//launch/uf850_planner_realmove.launch.py
[122.126s] -- Installing: /home/erum/U850_ws/install/xarm_planner/share/xarm_planner//launch/_dual_robot_planner.launch.py
[122.129s] -- Installing: /home/erum/U850_ws/install/xarm_planner/share/xarm_planner//launch/xarm5_planner_realmove.launch.py
[122.129s] -- Installing: /home/erum/U850_ws/install/xarm_planner/share/xarm_planner//launch/xarm7_planner_realmove.launch.py
[122.129s] -- Installing: /home/erum/U850_ws/install/xarm_planner/share/xarm_planner//launch/_robot_planner.launch.py
[122.132s] -- Installing: /home/erum/U850_ws/install/xarm_planner/share/xarm_planner//launch/test_xarm_gripper_planner_api_joint.launch.py
[122.137s] -- Installing: /home/erum/U850_ws/install/xarm_planner/share/ament_index/resource_index/package_run_dependencies/xarm_planner
[122.138s] -- Installing: /home/erum/U850_ws/install/xarm_planner/share/ament_index/resource_index/parent_prefix_path/xarm_planner
[122.138s] -- Installing: /home/erum/U850_ws/install/xarm_planner/share/xarm_planner/environment/ament_prefix_path.sh
[122.140s] -- Installing: /home/erum/U850_ws/install/xarm_planner/share/xarm_planner/environment/ament_prefix_path.dsv
[122.142s] -- Installing: /home/erum/U850_ws/install/xarm_planner/share/xarm_planner/environment/path.sh
[122.143s] -- Installing: /home/erum/U850_ws/install/xarm_planner/share/xarm_planner/environment/path.dsv
[122.144s] -- Installing: /home/erum/U850_ws/install/xarm_planner/share/xarm_planner/local_setup.bash
[122.147s] -- Installing: /home/erum/U850_ws/install/xarm_planner/share/xarm_planner/local_setup.sh
[122.147s] -- Installing: /home/erum/U850_ws/install/xarm_planner/share/xarm_planner/local_setup.zsh
[122.147s] -- Installing: /home/erum/U850_ws/install/xarm_planner/share/xarm_planner/local_setup.dsv
[122.147s] -- Installing: /home/erum/U850_ws/install/xarm_planner/share/xarm_planner/package.dsv
[122.148s] -- Installing: /home/erum/U850_ws/install/xarm_planner/share/ament_index/resource_index/packages/xarm_planner
[122.149s] -- Installing: /home/erum/U850_ws/install/xarm_planner/share/xarm_planner/cmake/xarm_plannerConfig.cmake
[122.150s] -- Installing: /home/erum/U850_ws/install/xarm_planner/share/xarm_planner/cmake/xarm_plannerConfig-version.cmake
[122.151s] -- Installing: /home/erum/U850_ws/install/xarm_planner/share/xarm_planner/package.xml
[122.160s] Invoked command in '/home/erum/U850_ws/build/xarm_planner' returned '0': AMENT_PREFIX_PATH=/home/erum/U850_ws/install/xarm_moveit_config:/home/erum/U850_ws/install/xarm_gazebo:/home/erum/U850_ws/install/xarm_controller:/home/erum/U850_ws/install/xarm_api:/home/erum/U850_ws/install/xarm_sdk:/home/erum/U850_ws/install/xarm_msgs:/home/erum/U850_ws/install/xarm_description:/home/erum/U850_ws/install/uf_ros_lib:${AMENT_PREFIX_PATH} CMAKE_PREFIX_PATH=/home/erum/U850_ws/install/xarm_moveit_config:/home/erum/U850_ws/install/xarm_gazebo:/home/erum/U850_ws/install/xarm_controller:/home/erum/U850_ws/install/xarm_api:/home/erum/U850_ws/install/xarm_sdk:/home/erum/U850_ws/install/xarm_msgs:/home/erum/U850_ws/install/xarm_description:/opt/ros/jazzy/opt/gz_sim_vendor:/opt/ros/jazzy/opt/gz_sensors_vendor:/opt/ros/jazzy/opt/gz_physics_vendor:/opt/ros/jazzy/opt/sdformat_vendor:/opt/ros/jazzy/opt/gz_gui_vendor:/opt/ros/jazzy/opt/gz_transport_vendor:/opt/ros/jazzy/opt/gz_rendering_vendor:/opt/ros/jazzy/opt/gz_plugin_vendor:/opt/ros/jazzy/opt/gz_fuel_tools_vendor:/opt/ros/jazzy/opt/gz_msgs_vendor:/opt/ros/jazzy/opt/gz_common_vendor:/opt/ros/jazzy/opt/gz_math_vendor:/opt/ros/jazzy/opt/gz_utils_vendor:/opt/ros/jazzy/opt/gz_tools_vendor:/opt/ros/jazzy/opt/gz_ogre_next_vendor:/opt/ros/jazzy/opt/gz_dartsim_vendor:/opt/ros/jazzy/opt/gz_cmake_vendor:/opt/ros/jazzy DEBUGINFOD_URLS=https://debuginfod.ubuntu.com LD_LIBRARY_PATH=/home/erum/U850_ws/install/xarm_gazebo/lib:/home/erum/U850_ws/install/xarm_controller/lib:/home/erum/U850_ws/install/xarm_api/lib:/home/erum/U850_ws/install/xarm_sdk/lib:/home/erum/U850_ws/install/xarm_msgs/lib:${LD_LIBRARY_PATH} PYTHONPATH=/home/erum/U850_ws/install/xarm_msgs/lib/python3.12/site-packages:/home/erum/U850_ws/install/uf_ros_lib/lib/python3.12/site-packages:${PYTHONPATH} /usr/bin/cmake --install /home/erum/U850_ws/build/xarm_planner
