[0.038s] Invoking command in '/home/erum/U850_ws/build/xarm_api': AMENT_PREFIX_PATH=/home/erum/U850_ws/install/xarm_sdk:/home/erum/U850_ws/install/xarm_msgs:/home/erum/U850_ws/install/xarm_description:${AMENT_PREFIX_PATH} CMAKE_PREFIX_PATH=/home/erum/U850_ws/install/xarm_sdk:/home/erum/U850_ws/install/xarm_msgs:/home/erum/U850_ws/install/xarm_description:/opt/ros/jazzy/opt/gz_sim_vendor:/opt/ros/jazzy/opt/gz_sensors_vendor:/opt/ros/jazzy/opt/gz_physics_vendor:/opt/ros/jazzy/opt/sdformat_vendor:/opt/ros/jazzy/opt/gz_gui_vendor:/opt/ros/jazzy/opt/gz_transport_vendor:/opt/ros/jazzy/opt/gz_rendering_vendor:/opt/ros/jazzy/opt/gz_plugin_vendor:/opt/ros/jazzy/opt/gz_fuel_tools_vendor:/opt/ros/jazzy/opt/gz_msgs_vendor:/opt/ros/jazzy/opt/gz_common_vendor:/opt/ros/jazzy/opt/gz_math_vendor:/opt/ros/jazzy/opt/gz_utils_vendor:/opt/ros/jazzy/opt/gz_tools_vendor:/opt/ros/jazzy/opt/gz_ogre_next_vendor:/opt/ros/jazzy/opt/gz_dartsim_vendor:/opt/ros/jazzy/opt/gz_cmake_vendor:/opt/ros/jazzy DEBUGINFOD_URLS=https://debuginfod.ubuntu.com LD_LIBRARY_PATH=/home/erum/U850_ws/install/xarm_sdk/lib:/home/erum/U850_ws/install/xarm_msgs/lib:${LD_LIBRARY_PATH} PYTHONPATH=/home/erum/U850_ws/install/xarm_msgs/lib/python3.12/site-packages:${PYTHONPATH} /usr/bin/cmake --build /home/erum/U850_ws/build/xarm_api -- -j2 -l2
[0.179s] [ 15%] Built target xarm_ros_client
[0.239s] [ 38%] Built target xarm_ros_driver
[0.261s] [ 53%] Built target test_robot_states
[0.321s] [ 69%] Built target test_xarm_ros_client
[0.361s] [ 84%] Built target xarm_driver_node
[0.384s] [100%] Built target test_xarm_velo_move
[0.400s] Invoked command in '/home/erum/U850_ws/build/xarm_api' returned '0': AMENT_PREFIX_PATH=/home/erum/U850_ws/install/xarm_sdk:/home/erum/U850_ws/install/xarm_msgs:/home/erum/U850_ws/install/xarm_description:${AMENT_PREFIX_PATH} CMAKE_PREFIX_PATH=/home/erum/U850_ws/install/xarm_sdk:/home/erum/U850_ws/install/xarm_msgs:/home/erum/U850_ws/install/xarm_description:/opt/ros/jazzy/opt/gz_sim_vendor:/opt/ros/jazzy/opt/gz_sensors_vendor:/opt/ros/jazzy/opt/gz_physics_vendor:/opt/ros/jazzy/opt/sdformat_vendor:/opt/ros/jazzy/opt/gz_gui_vendor:/opt/ros/jazzy/opt/gz_transport_vendor:/opt/ros/jazzy/opt/gz_rendering_vendor:/opt/ros/jazzy/opt/gz_plugin_vendor:/opt/ros/jazzy/opt/gz_fuel_tools_vendor:/opt/ros/jazzy/opt/gz_msgs_vendor:/opt/ros/jazzy/opt/gz_common_vendor:/opt/ros/jazzy/opt/gz_math_vendor:/opt/ros/jazzy/opt/gz_utils_vendor:/opt/ros/jazzy/opt/gz_tools_vendor:/opt/ros/jazzy/opt/gz_ogre_next_vendor:/opt/ros/jazzy/opt/gz_dartsim_vendor:/opt/ros/jazzy/opt/gz_cmake_vendor:/opt/ros/jazzy DEBUGINFOD_URLS=https://debuginfod.ubuntu.com LD_LIBRARY_PATH=/home/erum/U850_ws/install/xarm_sdk/lib:/home/erum/U850_ws/install/xarm_msgs/lib:${LD_LIBRARY_PATH} PYTHONPATH=/home/erum/U850_ws/install/xarm_msgs/lib/python3.12/site-packages:${PYTHONPATH} /usr/bin/cmake --build /home/erum/U850_ws/build/xarm_api -- -j2 -l2
[0.402s] Invoking command in '/home/erum/U850_ws/build/xarm_api': AMENT_PREFIX_PATH=/home/erum/U850_ws/install/xarm_sdk:/home/erum/U850_ws/install/xarm_msgs:/home/erum/U850_ws/install/xarm_description:${AMENT_PREFIX_PATH} CMAKE_PREFIX_PATH=/home/erum/U850_ws/install/xarm_sdk:/home/erum/U850_ws/install/xarm_msgs:/home/erum/U850_ws/install/xarm_description:/opt/ros/jazzy/opt/gz_sim_vendor:/opt/ros/jazzy/opt/gz_sensors_vendor:/opt/ros/jazzy/opt/gz_physics_vendor:/opt/ros/jazzy/opt/sdformat_vendor:/opt/ros/jazzy/opt/gz_gui_vendor:/opt/ros/jazzy/opt/gz_transport_vendor:/opt/ros/jazzy/opt/gz_rendering_vendor:/opt/ros/jazzy/opt/gz_plugin_vendor:/opt/ros/jazzy/opt/gz_fuel_tools_vendor:/opt/ros/jazzy/opt/gz_msgs_vendor:/opt/ros/jazzy/opt/gz_common_vendor:/opt/ros/jazzy/opt/gz_math_vendor:/opt/ros/jazzy/opt/gz_utils_vendor:/opt/ros/jazzy/opt/gz_tools_vendor:/opt/ros/jazzy/opt/gz_ogre_next_vendor:/opt/ros/jazzy/opt/gz_dartsim_vendor:/opt/ros/jazzy/opt/gz_cmake_vendor:/opt/ros/jazzy DEBUGINFOD_URLS=https://debuginfod.ubuntu.com LD_LIBRARY_PATH=/home/erum/U850_ws/install/xarm_sdk/lib:/home/erum/U850_ws/install/xarm_msgs/lib:${LD_LIBRARY_PATH} PYTHONPATH=/home/erum/U850_ws/install/xarm_msgs/lib/python3.12/site-packages:${PYTHONPATH} /usr/bin/cmake --install /home/erum/U850_ws/build/xarm_api
[0.419s] -- Install configuration: ""
[0.420s] -- Up-to-date: /home/erum/U850_ws/install/xarm_api/share/xarm_api/environment/library_path.sh
[0.420s] -- Up-to-date: /home/erum/U850_ws/install/xarm_api/share/xarm_api/environment/library_path.dsv
[0.420s] -- Up-to-date: /home/erum/U850_ws/install/xarm_api/include
[0.420s] -- Up-to-date: /home/erum/U850_ws/install/xarm_api/include/xarm_api
[0.420s] -- Up-to-date: /home/erum/U850_ws/install/xarm_api/include/xarm_api/xarm_driver.h
[0.420s] -- Up-to-date: /home/erum/U850_ws/install/xarm_api/include/xarm_api/xarm_msgs.h
[0.420s] -- Up-to-date: /home/erum/U850_ws/install/xarm_api/include/xarm_api/visibility_control.h
[0.421s] -- Up-to-date: /home/erum/U850_ws/install/xarm_api/include/xarm_api/xarm_ros_client.h
[0.423s] -- Up-to-date: /home/erum/U850_ws/install/xarm_api/lib/libxarm_ros_driver.so
[0.423s] -- Up-to-date: /home/erum/U850_ws/install/xarm_api/lib/libxarm_ros_client.so
[0.423s] -- Up-to-date: /home/erum/U850_ws/install/xarm_api/lib/xarm_api/xarm_driver_node
[0.423s] -- Up-to-date: /home/erum/U850_ws/install/xarm_api/lib/xarm_api/test_xarm_ros_client
[0.423s] -- Up-to-date: /home/erum/U850_ws/install/xarm_api/lib/xarm_api/test_xarm_velo_move
[0.424s] -- Up-to-date: /home/erum/U850_ws/install/xarm_api/lib/xarm_api/test_robot_states
[0.424s] -- Up-to-date: /home/erum/U850_ws/install/xarm_api/share/xarm_api//launch
[0.424s] -- Up-to-date: /home/erum/U850_ws/install/xarm_api/share/xarm_api//launch/lite6_driver.launch.py
[0.424s] -- Up-to-date: /home/erum/U850_ws/install/xarm_api/share/xarm_api//launch/_robot_driver.launch.py
[0.424s] -- Up-to-date: /home/erum/U850_ws/install/xarm_api/share/xarm_api//launch/xarm7_driver.launch.py
[0.424s] -- Up-to-date: /home/erum/U850_ws/install/xarm_api/share/xarm_api//launch/uf850_driver.launch.py
[0.424s] -- Up-to-date: /home/erum/U850_ws/install/xarm_api/share/xarm_api//launch/xarm6_driver.launch.py
[0.425s] -- Up-to-date: /home/erum/U850_ws/install/xarm_api/share/xarm_api//launch/xarm5_driver.launch.py
[0.425s] -- Up-to-date: /home/erum/U850_ws/install/xarm_api/share/xarm_api//launch/lib
[0.425s] -- Up-to-date: /home/erum/U850_ws/install/xarm_api/share/xarm_api//launch/lib/robot_api_lib.py
[0.425s] -- Up-to-date: /home/erum/U850_ws/install/xarm_api/share/xarm_api//config
[0.425s] -- Up-to-date: /home/erum/U850_ws/install/xarm_api/share/xarm_api//config/xarm_params.yaml
[0.425s] -- Up-to-date: /home/erum/U850_ws/install/xarm_api/share/ament_index/resource_index/package_run_dependencies/xarm_api
[0.425s] -- Up-to-date: /home/erum/U850_ws/install/xarm_api/share/ament_index/resource_index/parent_prefix_path/xarm_api
[0.425s] -- Up-to-date: /home/erum/U850_ws/install/xarm_api/share/xarm_api/environment/ament_prefix_path.sh
[0.425s] -- Up-to-date: /home/erum/U850_ws/install/xarm_api/share/xarm_api/environment/ament_prefix_path.dsv
[0.425s] -- Up-to-date: /home/erum/U850_ws/install/xarm_api/share/xarm_api/environment/path.sh
[0.425s] -- Up-to-date: /home/erum/U850_ws/install/xarm_api/share/xarm_api/environment/path.dsv
[0.425s] -- Up-to-date: /home/erum/U850_ws/install/xarm_api/share/xarm_api/local_setup.bash
[0.426s] -- Up-to-date: /home/erum/U850_ws/install/xarm_api/share/xarm_api/local_setup.sh
[0.426s] -- Up-to-date: /home/erum/U850_ws/install/xarm_api/share/xarm_api/local_setup.zsh
[0.426s] -- Up-to-date: /home/erum/U850_ws/install/xarm_api/share/xarm_api/local_setup.dsv
[0.426s] -- Installing: /home/erum/U850_ws/install/xarm_api/share/xarm_api/package.dsv
[0.426s] -- Up-to-date: /home/erum/U850_ws/install/xarm_api/share/ament_index/resource_index/packages/xarm_api
[0.426s] -- Up-to-date: /home/erum/U850_ws/install/xarm_api/share/xarm_api/cmake/ament_cmake_export_libraries-extras.cmake
[0.426s] -- Up-to-date: /home/erum/U850_ws/install/xarm_api/share/xarm_api/cmake/ament_cmake_export_include_directories-extras.cmake
[0.427s] -- Up-to-date: /home/erum/U850_ws/install/xarm_api/share/xarm_api/cmake/xarm_apiConfig.cmake
[0.427s] -- Up-to-date: /home/erum/U850_ws/install/xarm_api/share/xarm_api/cmake/xarm_apiConfig-version.cmake
[0.428s] -- Up-to-date: /home/erum/U850_ws/install/xarm_api/share/xarm_api/package.xml
[0.430s] Invoked command in '/home/erum/U850_ws/build/xarm_api' returned '0': AMENT_PREFIX_PATH=/home/erum/U850_ws/install/xarm_sdk:/home/erum/U850_ws/install/xarm_msgs:/home/erum/U850_ws/install/xarm_description:${AMENT_PREFIX_PATH} CMAKE_PREFIX_PATH=/home/erum/U850_ws/install/xarm_sdk:/home/erum/U850_ws/install/xarm_msgs:/home/erum/U850_ws/install/xarm_description:/opt/ros/jazzy/opt/gz_sim_vendor:/opt/ros/jazzy/opt/gz_sensors_vendor:/opt/ros/jazzy/opt/gz_physics_vendor:/opt/ros/jazzy/opt/sdformat_vendor:/opt/ros/jazzy/opt/gz_gui_vendor:/opt/ros/jazzy/opt/gz_transport_vendor:/opt/ros/jazzy/opt/gz_rendering_vendor:/opt/ros/jazzy/opt/gz_plugin_vendor:/opt/ros/jazzy/opt/gz_fuel_tools_vendor:/opt/ros/jazzy/opt/gz_msgs_vendor:/opt/ros/jazzy/opt/gz_common_vendor:/opt/ros/jazzy/opt/gz_math_vendor:/opt/ros/jazzy/opt/gz_utils_vendor:/opt/ros/jazzy/opt/gz_tools_vendor:/opt/ros/jazzy/opt/gz_ogre_next_vendor:/opt/ros/jazzy/opt/gz_dartsim_vendor:/opt/ros/jazzy/opt/gz_cmake_vendor:/opt/ros/jazzy DEBUGINFOD_URLS=https://debuginfod.ubuntu.com LD_LIBRARY_PATH=/home/erum/U850_ws/install/xarm_sdk/lib:/home/erum/U850_ws/install/xarm_msgs/lib:${LD_LIBRARY_PATH} PYTHONPATH=/home/erum/U850_ws/install/xarm_msgs/lib/python3.12/site-packages:${PYTHONPATH} /usr/bin/cmake --install /home/erum/U850_ws/build/xarm_api
