running egg_info
creating ../../../build/uf850_ttt/uf850_ttt.egg-info
writing ../../../build/uf850_ttt/uf850_ttt.egg-info/PKG-INFO
writing dependency_links to ../../../build/uf850_ttt/uf850_ttt.egg-info/dependency_links.txt
writing entry points to ../../../build/uf850_ttt/uf850_ttt.egg-info/entry_points.txt
writing requirements to ../../../build/uf850_ttt/uf850_ttt.egg-info/requires.txt
writing top-level names to ../../../build/uf850_ttt/uf850_ttt.egg-info/top_level.txt
writing manifest file '../../../build/uf850_ttt/uf850_ttt.egg-info/SOURCES.txt'
reading manifest file '../../../build/uf850_ttt/uf850_ttt.egg-info/SOURCES.txt'
writing manifest file '../../../build/uf850_ttt/uf850_ttt.egg-info/SOURCES.txt'
running build
running build_py
creating /home/erum/U850_ws/build/uf850_ttt/build
creating /home/erum/U850_ws/build/uf850_ttt/build/lib
creating /home/erum/U850_ws/build/uf850_ttt/build/lib/uf850_ttt
copying uf850_ttt/spawn_ttt_pieces.py -> /home/erum/U850_ws/build/uf850_ttt/build/lib/uf850_ttt
copying uf850_ttt/__init__.py -> /home/erum/U850_ws/build/uf850_ttt/build/lib/uf850_ttt
running install
running install_lib
creating /home/erum/U850_ws/install/uf850_ttt/lib/python3.12/site-packages/uf850_ttt
copying /home/erum/U850_ws/build/uf850_ttt/build/lib/uf850_ttt/spawn_ttt_pieces.py -> /home/erum/U850_ws/install/uf850_ttt/lib/python3.12/site-packages/uf850_ttt
copying /home/erum/U850_ws/build/uf850_ttt/build/lib/uf850_ttt/__init__.py -> /home/erum/U850_ws/install/uf850_ttt/lib/python3.12/site-packages/uf850_ttt
byte-compiling /home/erum/U850_ws/install/uf850_ttt/lib/python3.12/site-packages/uf850_ttt/spawn_ttt_pieces.py to spawn_ttt_pieces.cpython-312.pyc
byte-compiling /home/erum/U850_ws/install/uf850_ttt/lib/python3.12/site-packages/uf850_ttt/__init__.py to __init__.cpython-312.pyc
running install_data
creating /home/erum/U850_ws/install/uf850_ttt/share/ament_index
creating /home/erum/U850_ws/install/uf850_ttt/share/ament_index/resource_index
creating /home/erum/U850_ws/install/uf850_ttt/share/ament_index/resource_index/packages
copying resource/uf850_ttt -> /home/erum/U850_ws/install/uf850_ttt/share/ament_index/resource_index/packages
copying package.xml -> /home/erum/U850_ws/install/uf850_ttt/share/uf850_ttt
creating /home/erum/U850_ws/install/uf850_ttt/share/uf850_ttt/launch
copying launch/ttt_robot_unified.launch.py -> /home/erum/U850_ws/install/uf850_ttt/share/uf850_ttt/launch
copying launch/spawn_pieces.launch.py -> /home/erum/U850_ws/install/uf850_ttt/share/uf850_ttt/launch
copying launch/ttt_world.launch.py -> /home/erum/U850_ws/install/uf850_ttt/share/uf850_ttt/launch
copying launch/ttt_simulation.launch.py -> /home/erum/U850_ws/install/uf850_ttt/share/uf850_ttt/launch
copying launch/ttt_robot_spawn.launch.py -> /home/erum/U850_ws/install/uf850_ttt/share/uf850_ttt/launch
creating /home/erum/U850_ws/install/uf850_ttt/share/uf850_ttt/worlds
copying worlds/ttt_master.world -> /home/erum/U850_ws/install/uf850_ttt/share/uf850_ttt/worlds
running install_egg_info
Copying ../../../build/uf850_ttt/uf850_ttt.egg-info to /home/erum/U850_ws/install/uf850_ttt/lib/python3.12/site-packages/uf850_ttt-0.0.1-py3.12.egg-info
running install_scripts
Installing spawn_ttt_pieces script to /home/erum/U850_ws/install/uf850_ttt/lib/uf850_ttt
writing list of installed files to '/home/erum/U850_ws/build/uf850_ttt/install.log'
