[2.616s] Invoking command in '/home/erum/U850_ws/src/xarm_ros2/uf850_ttt': AMENT_PREFIX_PATH=/home/erum/U850_ws/install/uf_ros_lib:/home/erum/U850_ws/install/xarm_planner:/home/erum/U850_ws/install/xarm_moveit_servo:/home/erum/U850_ws/install/uf850_ttt:/home/erum/U850_ws/install/xarm_moveit_config:/home/erum/U850_ws/install/xarm_gazebo:/home/erum/U850_ws/install/xarm_controller:/home/erum/U850_ws/install/xarm_api:/home/erum/U850_ws/install/xarm_sdk:/home/erum/U850_ws/install/xarm_msgs:/home/erum/U850_ws/install/xarm_description:/home/erum/U850_ws/install/mbot_demo:/home/erum/U850_ws/install/realsense_gazebo_plugin:/opt/ros/jazzy CMAKE_PREFIX_PATH=/home/erum/U850_ws/install/xarm_moveit_config:/home/erum/U850_ws/install/xarm_gazebo:/home/erum/U850_ws/install/xarm_controller:/home/erum/U850_ws/install/xarm_api:/home/erum/U850_ws/install/xarm_sdk:/home/erum/U850_ws/install/xarm_msgs:/home/erum/U850_ws/install/xarm_description:/home/erum/U850_ws/install/xarm_planner:/home/erum/U850_ws/install/xarm_moveit_servo:/home/erum/U850_ws/install/mbot_demo:/home/erum/U850_ws/install/realsense_gazebo_plugin:/opt/ros/jazzy/opt/gz_sim_vendor:/opt/ros/jazzy/opt/gz_sensors_vendor:/opt/ros/jazzy/opt/gz_physics_vendor:/opt/ros/jazzy/opt/sdformat_vendor:/opt/ros/jazzy/opt/gz_gui_vendor:/opt/ros/jazzy/opt/gz_transport_vendor:/opt/ros/jazzy/opt/gz_rendering_vendor:/opt/ros/jazzy/opt/gz_plugin_vendor:/opt/ros/jazzy/opt/gz_fuel_tools_vendor:/opt/ros/jazzy/opt/gz_msgs_vendor:/opt/ros/jazzy/opt/gz_common_vendor:/opt/ros/jazzy/opt/gz_math_vendor:/opt/ros/jazzy/opt/gz_utils_vendor:/opt/ros/jazzy/opt/gz_tools_vendor:/opt/ros/jazzy/opt/gz_ogre_next_vendor:/opt/ros/jazzy/opt/gz_dartsim_vendor:/opt/ros/jazzy/opt/gz_cmake_vendor DEBUGINFOD_URLS=https://debuginfod.ubuntu.com LD_LIBRARY_PATH=/home/erum/U850_ws/install/xarm_gazebo/lib:/home/erum/U850_ws/install/xarm_controller/lib:/home/erum/U850_ws/install/xarm_api/lib:/home/erum/U850_ws/install/xarm_sdk/lib:/home/erum/U850_ws/install/xarm_msgs/lib:/home/erum/U850_ws/install/xarm_planner/lib:/home/erum/U850_ws/install/xarm_moveit_servo/lib:/home/erum/U850_ws/install/realsense_gazebo_plugin/lib:/opt/ros/jazzy/opt/gz_sim_vendor/lib:/opt/ros/jazzy/opt/gz_sensors_vendor/lib:/opt/ros/jazzy/opt/gz_physics_vendor/lib:/opt/ros/jazzy/opt/sdformat_vendor/lib:/opt/ros/jazzy/opt/rviz_ogre_vendor/lib:/opt/ros/jazzy/lib/x86_64-linux-gnu:/opt/ros/jazzy/opt/gz_gui_vendor/lib:/opt/ros/jazzy/opt/gz_transport_vendor/lib:/opt/ros/jazzy/opt/gz_rendering_vendor/lib:/opt/ros/jazzy/opt/gz_plugin_vendor/lib:/opt/ros/jazzy/opt/gz_fuel_tools_vendor/lib:/opt/ros/jazzy/opt/gz_msgs_vendor/lib:/opt/ros/jazzy/opt/gz_common_vendor/lib:/opt/ros/jazzy/opt/gz_math_vendor/lib:/opt/ros/jazzy/opt/gz_utils_vendor/lib:/opt/ros/jazzy/opt/gz_tools_vendor/lib:/opt/ros/jazzy/opt/gz_ogre_next_vendor/lib:/opt/ros/jazzy/opt/gz_dartsim_vendor/lib:/opt/ros/jazzy/opt/gz_cmake_vendor/lib:/opt/ros/jazzy/lib PYTHONPATH=/home/erum/U850_ws/build/uf850_ttt/prefix_override:/usr/lib/python3/dist-packages/colcon_core/task/python/colcon_distutils_commands:/home/erum/U850_ws/install/uf850_ttt/lib/python3.12/site-packages:/home/erum/U850_ws/install/xarm_msgs/lib/python3.12/site-packages:/home/erum/U850_ws/install/uf_ros_lib/lib/python3.12/site-packages:/home/erum/U850_ws/install/uf850_ttt/lib/python3.12/site-packages:/opt/ros/jazzy/lib/python3.12/site-packages /usr/bin/python3 -W ignore:setup.py install is deprecated -W ignore:easy_install command is deprecated setup.py egg_info --egg-base ../../../build/uf850_ttt build --build-base /home/erum/U850_ws/build/uf850_ttt/build install --record /home/erum/U850_ws/build/uf850_ttt/install.log --single-version-externally-managed install_data
[3.027s] running egg_info
[3.028s] creating ../../../build/uf850_ttt/uf850_ttt.egg-info
[3.061s] writing ../../../build/uf850_ttt/uf850_ttt.egg-info/PKG-INFO
[3.062s] writing dependency_links to ../../../build/uf850_ttt/uf850_ttt.egg-info/dependency_links.txt
[3.062s] writing entry points to ../../../build/uf850_ttt/uf850_ttt.egg-info/entry_points.txt
[3.062s] writing requirements to ../../../build/uf850_ttt/uf850_ttt.egg-info/requires.txt
[3.062s] writing top-level names to ../../../build/uf850_ttt/uf850_ttt.egg-info/top_level.txt
[3.062s] writing manifest file '../../../build/uf850_ttt/uf850_ttt.egg-info/SOURCES.txt'
[3.139s] reading manifest file '../../../build/uf850_ttt/uf850_ttt.egg-info/SOURCES.txt'
[3.143s] writing manifest file '../../../build/uf850_ttt/uf850_ttt.egg-info/SOURCES.txt'
[3.143s] running build
[3.143s] running build_py
[3.144s] creating /home/erum/U850_ws/build/uf850_ttt/build
[3.144s] creating /home/erum/U850_ws/build/uf850_ttt/build/lib
[3.144s] creating /home/erum/U850_ws/build/uf850_ttt/build/lib/uf850_ttt
[3.148s] copying uf850_ttt/spawn_ttt_pieces.py -> /home/erum/U850_ws/build/uf850_ttt/build/lib/uf850_ttt
[3.148s] copying uf850_ttt/__init__.py -> /home/erum/U850_ws/build/uf850_ttt/build/lib/uf850_ttt
[3.148s] running install
[3.149s] running install_lib
[3.178s] creating /home/erum/U850_ws/install/uf850_ttt/lib/python3.12/site-packages/uf850_ttt
[3.178s] copying /home/erum/U850_ws/build/uf850_ttt/build/lib/uf850_ttt/spawn_ttt_pieces.py -> /home/erum/U850_ws/install/uf850_ttt/lib/python3.12/site-packages/uf850_ttt
[3.179s] copying /home/erum/U850_ws/build/uf850_ttt/build/lib/uf850_ttt/__init__.py -> /home/erum/U850_ws/install/uf850_ttt/lib/python3.12/site-packages/uf850_ttt
[3.179s] byte-compiling /home/erum/U850_ws/install/uf850_ttt/lib/python3.12/site-packages/uf850_ttt/spawn_ttt_pieces.py to spawn_ttt_pieces.cpython-312.pyc
[3.180s] byte-compiling /home/erum/U850_ws/install/uf850_ttt/lib/python3.12/site-packages/uf850_ttt/__init__.py to __init__.cpython-312.pyc
[3.181s] running install_data
[3.181s] creating /home/erum/U850_ws/install/uf850_ttt/share/ament_index
[3.181s] creating /home/erum/U850_ws/install/uf850_ttt/share/ament_index/resource_index
[3.181s] creating /home/erum/U850_ws/install/uf850_ttt/share/ament_index/resource_index/packages
[3.182s] copying resource/uf850_ttt -> /home/erum/U850_ws/install/uf850_ttt/share/ament_index/resource_index/packages
[3.182s] copying package.xml -> /home/erum/U850_ws/install/uf850_ttt/share/uf850_ttt
[3.183s] creating /home/erum/U850_ws/install/uf850_ttt/share/uf850_ttt/launch
[3.183s] copying launch/ttt_robot_unified.launch.py -> /home/erum/U850_ws/install/uf850_ttt/share/uf850_ttt/launch
[3.183s] copying launch/spawn_pieces.launch.py -> /home/erum/U850_ws/install/uf850_ttt/share/uf850_ttt/launch
[3.184s] copying launch/ttt_world.launch.py -> /home/erum/U850_ws/install/uf850_ttt/share/uf850_ttt/launch
[3.185s] copying launch/ttt_simulation.launch.py -> /home/erum/U850_ws/install/uf850_ttt/share/uf850_ttt/launch
[3.186s] copying launch/ttt_robot_spawn.launch.py -> /home/erum/U850_ws/install/uf850_ttt/share/uf850_ttt/launch
[3.187s] creating /home/erum/U850_ws/install/uf850_ttt/share/uf850_ttt/worlds
[3.187s] copying worlds/ttt_master.world -> /home/erum/U850_ws/install/uf850_ttt/share/uf850_ttt/worlds
[3.187s] running install_egg_info
[3.225s] Copying ../../../build/uf850_ttt/uf850_ttt.egg-info to /home/erum/U850_ws/install/uf850_ttt/lib/python3.12/site-packages/uf850_ttt-0.0.1-py3.12.egg-info
[3.228s] running install_scripts
[3.440s] Installing spawn_ttt_pieces script to /home/erum/U850_ws/install/uf850_ttt/lib/uf850_ttt
[3.440s] writing list of installed files to '/home/erum/U850_ws/build/uf850_ttt/install.log'
[3.491s] Invoked command in '/home/erum/U850_ws/src/xarm_ros2/uf850_ttt' returned '0': AMENT_PREFIX_PATH=/home/erum/U850_ws/install/uf_ros_lib:/home/erum/U850_ws/install/xarm_planner:/home/erum/U850_ws/install/xarm_moveit_servo:/home/erum/U850_ws/install/uf850_ttt:/home/erum/U850_ws/install/xarm_moveit_config:/home/erum/U850_ws/install/xarm_gazebo:/home/erum/U850_ws/install/xarm_controller:/home/erum/U850_ws/install/xarm_api:/home/erum/U850_ws/install/xarm_sdk:/home/erum/U850_ws/install/xarm_msgs:/home/erum/U850_ws/install/xarm_description:/home/erum/U850_ws/install/mbot_demo:/home/erum/U850_ws/install/realsense_gazebo_plugin:/opt/ros/jazzy CMAKE_PREFIX_PATH=/home/erum/U850_ws/install/xarm_moveit_config:/home/erum/U850_ws/install/xarm_gazebo:/home/erum/U850_ws/install/xarm_controller:/home/erum/U850_ws/install/xarm_api:/home/erum/U850_ws/install/xarm_sdk:/home/erum/U850_ws/install/xarm_msgs:/home/erum/U850_ws/install/xarm_description:/home/erum/U850_ws/install/xarm_planner:/home/erum/U850_ws/install/xarm_moveit_servo:/home/erum/U850_ws/install/mbot_demo:/home/erum/U850_ws/install/realsense_gazebo_plugin:/opt/ros/jazzy/opt/gz_sim_vendor:/opt/ros/jazzy/opt/gz_sensors_vendor:/opt/ros/jazzy/opt/gz_physics_vendor:/opt/ros/jazzy/opt/sdformat_vendor:/opt/ros/jazzy/opt/gz_gui_vendor:/opt/ros/jazzy/opt/gz_transport_vendor:/opt/ros/jazzy/opt/gz_rendering_vendor:/opt/ros/jazzy/opt/gz_plugin_vendor:/opt/ros/jazzy/opt/gz_fuel_tools_vendor:/opt/ros/jazzy/opt/gz_msgs_vendor:/opt/ros/jazzy/opt/gz_common_vendor:/opt/ros/jazzy/opt/gz_math_vendor:/opt/ros/jazzy/opt/gz_utils_vendor:/opt/ros/jazzy/opt/gz_tools_vendor:/opt/ros/jazzy/opt/gz_ogre_next_vendor:/opt/ros/jazzy/opt/gz_dartsim_vendor:/opt/ros/jazzy/opt/gz_cmake_vendor DEBUGINFOD_URLS=https://debuginfod.ubuntu.com LD_LIBRARY_PATH=/home/erum/U850_ws/install/xarm_gazebo/lib:/home/erum/U850_ws/install/xarm_controller/lib:/home/erum/U850_ws/install/xarm_api/lib:/home/erum/U850_ws/install/xarm_sdk/lib:/home/erum/U850_ws/install/xarm_msgs/lib:/home/erum/U850_ws/install/xarm_planner/lib:/home/erum/U850_ws/install/xarm_moveit_servo/lib:/home/erum/U850_ws/install/realsense_gazebo_plugin/lib:/opt/ros/jazzy/opt/gz_sim_vendor/lib:/opt/ros/jazzy/opt/gz_sensors_vendor/lib:/opt/ros/jazzy/opt/gz_physics_vendor/lib:/opt/ros/jazzy/opt/sdformat_vendor/lib:/opt/ros/jazzy/opt/rviz_ogre_vendor/lib:/opt/ros/jazzy/lib/x86_64-linux-gnu:/opt/ros/jazzy/opt/gz_gui_vendor/lib:/opt/ros/jazzy/opt/gz_transport_vendor/lib:/opt/ros/jazzy/opt/gz_rendering_vendor/lib:/opt/ros/jazzy/opt/gz_plugin_vendor/lib:/opt/ros/jazzy/opt/gz_fuel_tools_vendor/lib:/opt/ros/jazzy/opt/gz_msgs_vendor/lib:/opt/ros/jazzy/opt/gz_common_vendor/lib:/opt/ros/jazzy/opt/gz_math_vendor/lib:/opt/ros/jazzy/opt/gz_utils_vendor/lib:/opt/ros/jazzy/opt/gz_tools_vendor/lib:/opt/ros/jazzy/opt/gz_ogre_next_vendor/lib:/opt/ros/jazzy/opt/gz_dartsim_vendor/lib:/opt/ros/jazzy/opt/gz_cmake_vendor/lib:/opt/ros/jazzy/lib PYTHONPATH=/home/erum/U850_ws/build/uf850_ttt/prefix_override:/usr/lib/python3/dist-packages/colcon_core/task/python/colcon_distutils_commands:/home/erum/U850_ws/install/uf850_ttt/lib/python3.12/site-packages:/home/erum/U850_ws/install/xarm_msgs/lib/python3.12/site-packages:/home/erum/U850_ws/install/uf_ros_lib/lib/python3.12/site-packages:/home/erum/U850_ws/install/uf850_ttt/lib/python3.12/site-packages:/opt/ros/jazzy/lib/python3.12/site-packages /usr/bin/python3 -W ignore:setup.py install is deprecated -W ignore:easy_install command is deprecated setup.py egg_info --egg-base ../../../build/uf850_ttt build --build-base /home/erum/U850_ws/build/uf850_ttt/build install --record /home/erum/U850_ws/build/uf850_ttt/install.log --single-version-externally-managed install_data
