[0.042s] Invoking command in '/home/erum/U850_ws/build/xarm_moveit_config': AMENT_PREFIX_PATH=/home/erum/U850_ws/install/xarm_gazebo:/home/erum/U850_ws/install/xarm_controller:/home/erum/U850_ws/install/xarm_api:/home/erum/U850_ws/install/xarm_sdk:/home/erum/U850_ws/install/xarm_msgs:/home/erum/U850_ws/install/xarm_description:/home/erum/U850_ws/install/uf_ros_lib:${AMENT_PREFIX_PATH} CMAKE_PREFIX_PATH=/home/erum/U850_ws/install/xarm_gazebo:/home/erum/U850_ws/install/xarm_controller:/home/erum/U850_ws/install/xarm_api:/home/erum/U850_ws/install/xarm_sdk:/home/erum/U850_ws/install/xarm_msgs:/home/erum/U850_ws/install/xarm_description:/opt/ros/jazzy/opt/gz_sim_vendor:/opt/ros/jazzy/opt/gz_sensors_vendor:/opt/ros/jazzy/opt/gz_physics_vendor:/opt/ros/jazzy/opt/sdformat_vendor:/opt/ros/jazzy/opt/gz_gui_vendor:/opt/ros/jazzy/opt/gz_transport_vendor:/opt/ros/jazzy/opt/gz_rendering_vendor:/opt/ros/jazzy/opt/gz_plugin_vendor:/opt/ros/jazzy/opt/gz_fuel_tools_vendor:/opt/ros/jazzy/opt/gz_msgs_vendor:/opt/ros/jazzy/opt/gz_common_vendor:/opt/ros/jazzy/opt/gz_math_vendor:/opt/ros/jazzy/opt/gz_utils_vendor:/opt/ros/jazzy/opt/gz_tools_vendor:/opt/ros/jazzy/opt/gz_ogre_next_vendor:/opt/ros/jazzy/opt/gz_dartsim_vendor:/opt/ros/jazzy/opt/gz_cmake_vendor:/opt/ros/jazzy DEBUGINFOD_URLS=https://debuginfod.ubuntu.com LD_LIBRARY_PATH=/home/erum/U850_ws/install/xarm_gazebo/lib:/home/erum/U850_ws/install/xarm_controller/lib:/home/erum/U850_ws/install/xarm_api/lib:/home/erum/U850_ws/install/xarm_sdk/lib:/home/erum/U850_ws/install/xarm_msgs/lib:${LD_LIBRARY_PATH} PYTHONPATH=/home/erum/U850_ws/install/xarm_msgs/lib/python3.12/site-packages:/home/erum/U850_ws/install/uf_ros_lib/lib/python3.12/site-packages:${PYTHONPATH} /usr/bin/cmake /home/erum/U850_ws/src/xarm_ros2/xarm_moveit_config -DCMAKE_INSTALL_PREFIX=/home/erum/U850_ws/install/xarm_moveit_config
[0.165s] -- The C compiler identification is GNU 13.3.0
[0.248s] -- The CXX compiler identification is GNU 13.3.0
[0.292s] -- Detecting C compiler ABI info
[0.532s] -- Detecting C compiler ABI info - done
[0.551s] -- Check for working C compiler: /usr/bin/cc - skipped
[0.551s] -- Detecting C compile features
[0.551s] -- Detecting C compile features - done
[0.581s] -- Detecting CXX compiler ABI info
[0.871s] -- Detecting CXX compiler ABI info - done
[0.893s] -- Check for working CXX compiler: /usr/bin/c++ - skipped
[0.893s] -- Detecting CXX compile features
[0.895s] -- Detecting CXX compile features - done
[0.906s] -- Found ament_cmake: 2.5.4 (/opt/ros/jazzy/share/ament_cmake/cmake)
[1.229s] -- Found Python3: /usr/bin/python3 (found version "3.12.3") found components: Interpreter 
[1.516s] -- Found ament_lint_auto: 0.17.3 (/opt/ros/jazzy/share/ament_lint_auto/cmake)
[1.731s] -- Added test 'copyright' to check source files copyright and LICENSE
[1.754s] -- Added test 'flake8' to check Python code syntax and style conventions
[1.755s] -- Configured 'flake8' exclude dirs and/or files: 
[1.757s] -- Added test 'lint_cmake' to check CMake code style
[1.761s] -- Added test 'pep257' to check Python code against some of the docstring style conventions in PEP 257
[1.769s] -- Added test 'xmllint' to check XML markup files
[1.771s] -- Configuring done (1.7s)
[1.778s] -- Generating done (0.0s)
[1.781s] -- Build files have been written to: /home/erum/U850_ws/build/xarm_moveit_config
[1.792s] Invoked command in '/home/erum/U850_ws/build/xarm_moveit_config' returned '0': AMENT_PREFIX_PATH=/home/erum/U850_ws/install/xarm_gazebo:/home/erum/U850_ws/install/xarm_controller:/home/erum/U850_ws/install/xarm_api:/home/erum/U850_ws/install/xarm_sdk:/home/erum/U850_ws/install/xarm_msgs:/home/erum/U850_ws/install/xarm_description:/home/erum/U850_ws/install/uf_ros_lib:${AMENT_PREFIX_PATH} CMAKE_PREFIX_PATH=/home/erum/U850_ws/install/xarm_gazebo:/home/erum/U850_ws/install/xarm_controller:/home/erum/U850_ws/install/xarm_api:/home/erum/U850_ws/install/xarm_sdk:/home/erum/U850_ws/install/xarm_msgs:/home/erum/U850_ws/install/xarm_description:/opt/ros/jazzy/opt/gz_sim_vendor:/opt/ros/jazzy/opt/gz_sensors_vendor:/opt/ros/jazzy/opt/gz_physics_vendor:/opt/ros/jazzy/opt/sdformat_vendor:/opt/ros/jazzy/opt/gz_gui_vendor:/opt/ros/jazzy/opt/gz_transport_vendor:/opt/ros/jazzy/opt/gz_rendering_vendor:/opt/ros/jazzy/opt/gz_plugin_vendor:/opt/ros/jazzy/opt/gz_fuel_tools_vendor:/opt/ros/jazzy/opt/gz_msgs_vendor:/opt/ros/jazzy/opt/gz_common_vendor:/opt/ros/jazzy/opt/gz_math_vendor:/opt/ros/jazzy/opt/gz_utils_vendor:/opt/ros/jazzy/opt/gz_tools_vendor:/opt/ros/jazzy/opt/gz_ogre_next_vendor:/opt/ros/jazzy/opt/gz_dartsim_vendor:/opt/ros/jazzy/opt/gz_cmake_vendor:/opt/ros/jazzy DEBUGINFOD_URLS=https://debuginfod.ubuntu.com LD_LIBRARY_PATH=/home/erum/U850_ws/install/xarm_gazebo/lib:/home/erum/U850_ws/install/xarm_controller/lib:/home/erum/U850_ws/install/xarm_api/lib:/home/erum/U850_ws/install/xarm_sdk/lib:/home/erum/U850_ws/install/xarm_msgs/lib:${LD_LIBRARY_PATH} PYTHONPATH=/home/erum/U850_ws/install/xarm_msgs/lib/python3.12/site-packages:/home/erum/U850_ws/install/uf_ros_lib/lib/python3.12/site-packages:${PYTHONPATH} /usr/bin/cmake /home/erum/U850_ws/src/xarm_ros2/xarm_moveit_config -DCMAKE_INSTALL_PREFIX=/home/erum/U850_ws/install/xarm_moveit_config
[1.792s] Invoking command in '/home/erum/U850_ws/build/xarm_moveit_config': AMENT_PREFIX_PATH=/home/erum/U850_ws/install/xarm_gazebo:/home/erum/U850_ws/install/xarm_controller:/home/erum/U850_ws/install/xarm_api:/home/erum/U850_ws/install/xarm_sdk:/home/erum/U850_ws/install/xarm_msgs:/home/erum/U850_ws/install/xarm_description:/home/erum/U850_ws/install/uf_ros_lib:${AMENT_PREFIX_PATH} CMAKE_PREFIX_PATH=/home/erum/U850_ws/install/xarm_gazebo:/home/erum/U850_ws/install/xarm_controller:/home/erum/U850_ws/install/xarm_api:/home/erum/U850_ws/install/xarm_sdk:/home/erum/U850_ws/install/xarm_msgs:/home/erum/U850_ws/install/xarm_description:/opt/ros/jazzy/opt/gz_sim_vendor:/opt/ros/jazzy/opt/gz_sensors_vendor:/opt/ros/jazzy/opt/gz_physics_vendor:/opt/ros/jazzy/opt/sdformat_vendor:/opt/ros/jazzy/opt/gz_gui_vendor:/opt/ros/jazzy/opt/gz_transport_vendor:/opt/ros/jazzy/opt/gz_rendering_vendor:/opt/ros/jazzy/opt/gz_plugin_vendor:/opt/ros/jazzy/opt/gz_fuel_tools_vendor:/opt/ros/jazzy/opt/gz_msgs_vendor:/opt/ros/jazzy/opt/gz_common_vendor:/opt/ros/jazzy/opt/gz_math_vendor:/opt/ros/jazzy/opt/gz_utils_vendor:/opt/ros/jazzy/opt/gz_tools_vendor:/opt/ros/jazzy/opt/gz_ogre_next_vendor:/opt/ros/jazzy/opt/gz_dartsim_vendor:/opt/ros/jazzy/opt/gz_cmake_vendor:/opt/ros/jazzy DEBUGINFOD_URLS=https://debuginfod.ubuntu.com LD_LIBRARY_PATH=/home/erum/U850_ws/install/xarm_gazebo/lib:/home/erum/U850_ws/install/xarm_controller/lib:/home/erum/U850_ws/install/xarm_api/lib:/home/erum/U850_ws/install/xarm_sdk/lib:/home/erum/U850_ws/install/xarm_msgs/lib:${LD_LIBRARY_PATH} PYTHONPATH=/home/erum/U850_ws/install/xarm_msgs/lib/python3.12/site-packages:/home/erum/U850_ws/install/uf_ros_lib/lib/python3.12/site-packages:${PYTHONPATH} /usr/bin/cmake --build /home/erum/U850_ws/build/xarm_moveit_config -- -j2 -l2
[1.863s] Invoked command in '/home/erum/U850_ws/build/xarm_moveit_config' returned '0': AMENT_PREFIX_PATH=/home/erum/U850_ws/install/xarm_gazebo:/home/erum/U850_ws/install/xarm_controller:/home/erum/U850_ws/install/xarm_api:/home/erum/U850_ws/install/xarm_sdk:/home/erum/U850_ws/install/xarm_msgs:/home/erum/U850_ws/install/xarm_description:/home/erum/U850_ws/install/uf_ros_lib:${AMENT_PREFIX_PATH} CMAKE_PREFIX_PATH=/home/erum/U850_ws/install/xarm_gazebo:/home/erum/U850_ws/install/xarm_controller:/home/erum/U850_ws/install/xarm_api:/home/erum/U850_ws/install/xarm_sdk:/home/erum/U850_ws/install/xarm_msgs:/home/erum/U850_ws/install/xarm_description:/opt/ros/jazzy/opt/gz_sim_vendor:/opt/ros/jazzy/opt/gz_sensors_vendor:/opt/ros/jazzy/opt/gz_physics_vendor:/opt/ros/jazzy/opt/sdformat_vendor:/opt/ros/jazzy/opt/gz_gui_vendor:/opt/ros/jazzy/opt/gz_transport_vendor:/opt/ros/jazzy/opt/gz_rendering_vendor:/opt/ros/jazzy/opt/gz_plugin_vendor:/opt/ros/jazzy/opt/gz_fuel_tools_vendor:/opt/ros/jazzy/opt/gz_msgs_vendor:/opt/ros/jazzy/opt/gz_common_vendor:/opt/ros/jazzy/opt/gz_math_vendor:/opt/ros/jazzy/opt/gz_utils_vendor:/opt/ros/jazzy/opt/gz_tools_vendor:/opt/ros/jazzy/opt/gz_ogre_next_vendor:/opt/ros/jazzy/opt/gz_dartsim_vendor:/opt/ros/jazzy/opt/gz_cmake_vendor:/opt/ros/jazzy DEBUGINFOD_URLS=https://debuginfod.ubuntu.com LD_LIBRARY_PATH=/home/erum/U850_ws/install/xarm_gazebo/lib:/home/erum/U850_ws/install/xarm_controller/lib:/home/erum/U850_ws/install/xarm_api/lib:/home/erum/U850_ws/install/xarm_sdk/lib:/home/erum/U850_ws/install/xarm_msgs/lib:${LD_LIBRARY_PATH} PYTHONPATH=/home/erum/U850_ws/install/xarm_msgs/lib/python3.12/site-packages:/home/erum/U850_ws/install/uf_ros_lib/lib/python3.12/site-packages:${PYTHONPATH} /usr/bin/cmake --build /home/erum/U850_ws/build/xarm_moveit_config -- -j2 -l2
[1.865s] Invoking command in '/home/erum/U850_ws/build/xarm_moveit_config': AMENT_PREFIX_PATH=/home/erum/U850_ws/install/xarm_gazebo:/home/erum/U850_ws/install/xarm_controller:/home/erum/U850_ws/install/xarm_api:/home/erum/U850_ws/install/xarm_sdk:/home/erum/U850_ws/install/xarm_msgs:/home/erum/U850_ws/install/xarm_description:/home/erum/U850_ws/install/uf_ros_lib:${AMENT_PREFIX_PATH} CMAKE_PREFIX_PATH=/home/erum/U850_ws/install/xarm_gazebo:/home/erum/U850_ws/install/xarm_controller:/home/erum/U850_ws/install/xarm_api:/home/erum/U850_ws/install/xarm_sdk:/home/erum/U850_ws/install/xarm_msgs:/home/erum/U850_ws/install/xarm_description:/opt/ros/jazzy/opt/gz_sim_vendor:/opt/ros/jazzy/opt/gz_sensors_vendor:/opt/ros/jazzy/opt/gz_physics_vendor:/opt/ros/jazzy/opt/sdformat_vendor:/opt/ros/jazzy/opt/gz_gui_vendor:/opt/ros/jazzy/opt/gz_transport_vendor:/opt/ros/jazzy/opt/gz_rendering_vendor:/opt/ros/jazzy/opt/gz_plugin_vendor:/opt/ros/jazzy/opt/gz_fuel_tools_vendor:/opt/ros/jazzy/opt/gz_msgs_vendor:/opt/ros/jazzy/opt/gz_common_vendor:/opt/ros/jazzy/opt/gz_math_vendor:/opt/ros/jazzy/opt/gz_utils_vendor:/opt/ros/jazzy/opt/gz_tools_vendor:/opt/ros/jazzy/opt/gz_ogre_next_vendor:/opt/ros/jazzy/opt/gz_dartsim_vendor:/opt/ros/jazzy/opt/gz_cmake_vendor:/opt/ros/jazzy DEBUGINFOD_URLS=https://debuginfod.ubuntu.com LD_LIBRARY_PATH=/home/erum/U850_ws/install/xarm_gazebo/lib:/home/erum/U850_ws/install/xarm_controller/lib:/home/erum/U850_ws/install/xarm_api/lib:/home/erum/U850_ws/install/xarm_sdk/lib:/home/erum/U850_ws/install/xarm_msgs/lib:${LD_LIBRARY_PATH} PYTHONPATH=/home/erum/U850_ws/install/xarm_msgs/lib/python3.12/site-packages:/home/erum/U850_ws/install/uf_ros_lib/lib/python3.12/site-packages:${PYTHONPATH} /usr/bin/cmake --install /home/erum/U850_ws/build/xarm_moveit_config
[1.880s] -- Install configuration: ""
[1.880s] -- Installing: /home/erum/U850_ws/install/xarm_moveit_config/share/xarm_moveit_config//config
[1.881s] -- Installing: /home/erum/U850_ws/install/xarm_moveit_config/share/xarm_moveit_config//config/bio_gripper
[1.881s] -- Installing: /home/erum/U850_ws/install/xarm_moveit_config/share/xarm_moveit_config//config/bio_gripper/joint_limits.yaml
[1.881s] -- Installing: /home/erum/U850_ws/install/xarm_moveit_config/share/xarm_moveit_config//config/bio_gripper/controllers.yaml
[1.882s] -- Installing: /home/erum/U850_ws/install/xarm_moveit_config/share/xarm_moveit_config//config/bio_gripper/ompl_planning.yaml
[1.882s] -- Installing: /home/erum/U850_ws/install/xarm_moveit_config/share/xarm_moveit_config//config/bio_gripper/fake_controllers.yaml
[1.882s] -- Installing: /home/erum/U850_ws/install/xarm_moveit_config/share/xarm_moveit_config//config/xarm7
[1.883s] -- Installing: /home/erum/U850_ws/install/xarm_moveit_config/share/xarm_moveit_config//config/xarm7/joint_limits.yaml
[1.883s] -- Installing: /home/erum/U850_ws/install/xarm_moveit_config/share/xarm_moveit_config//config/xarm7/kinematics.yaml
[1.883s] -- Installing: /home/erum/U850_ws/install/xarm_moveit_config/share/xarm_moveit_config//config/xarm7/controllers.yaml
[1.883s] -- Installing: /home/erum/U850_ws/install/xarm_moveit_config/share/xarm_moveit_config//config/xarm7/ompl_planning.yaml
[1.884s] -- Installing: /home/erum/U850_ws/install/xarm_moveit_config/share/xarm_moveit_config//config/xarm7/fake_controllers.yaml
[1.884s] -- Installing: /home/erum/U850_ws/install/xarm_moveit_config/share/xarm_moveit_config//config/lite6
[1.884s] -- Installing: /home/erum/U850_ws/install/xarm_moveit_config/share/xarm_moveit_config//config/lite6/joint_limits.yaml
[1.885s] -- Installing: /home/erum/U850_ws/install/xarm_moveit_config/share/xarm_moveit_config//config/lite6/kinematics.yaml
[1.885s] -- Installing: /home/erum/U850_ws/install/xarm_moveit_config/share/xarm_moveit_config//config/lite6/controllers.yaml
[1.885s] -- Installing: /home/erum/U850_ws/install/xarm_moveit_config/share/xarm_moveit_config//config/lite6/ompl_planning.yaml
[1.885s] -- Installing: /home/erum/U850_ws/install/xarm_moveit_config/share/xarm_moveit_config//config/lite6/fake_controllers.yaml
[1.886s] -- Installing: /home/erum/U850_ws/install/xarm_moveit_config/share/xarm_moveit_config//config/xarm7_mirror
[1.886s] -- Installing: /home/erum/U850_ws/install/xarm_moveit_config/share/xarm_moveit_config//config/xarm7_mirror/joint_limits.yaml
[1.887s] -- Installing: /home/erum/U850_ws/install/xarm_moveit_config/share/xarm_moveit_config//config/xarm7_mirror/kinematics.yaml
[1.887s] -- Installing: /home/erum/U850_ws/install/xarm_moveit_config/share/xarm_moveit_config//config/xarm7_mirror/controllers.yaml
[1.887s] -- Installing: /home/erum/U850_ws/install/xarm_moveit_config/share/xarm_moveit_config//config/xarm7_mirror/ompl_planning.yaml
[1.887s] -- Installing: /home/erum/U850_ws/install/xarm_moveit_config/share/xarm_moveit_config//config/xarm7_mirror/fake_controllers.yaml
[1.887s] -- Installing: /home/erum/U850_ws/install/xarm_moveit_config/share/xarm_moveit_config//config/uf850
[1.887s] -- Installing: /home/erum/U850_ws/install/xarm_moveit_config/share/xarm_moveit_config//config/uf850/joint_limits.yaml
[1.888s] -- Installing: /home/erum/U850_ws/install/xarm_moveit_config/share/xarm_moveit_config//config/uf850/kinematics.yaml
[1.888s] -- Installing: /home/erum/U850_ws/install/xarm_moveit_config/share/xarm_moveit_config//config/uf850/controllers.yaml
[1.889s] -- Installing: /home/erum/U850_ws/install/xarm_moveit_config/share/xarm_moveit_config//config/uf850/ompl_planning.yaml
[1.889s] -- Installing: /home/erum/U850_ws/install/xarm_moveit_config/share/xarm_moveit_config//config/uf850/fake_controllers.yaml
[1.890s] -- Installing: /home/erum/U850_ws/install/xarm_moveit_config/share/xarm_moveit_config//config/xarm7_mirror_gripper
[1.890s] -- Installing: /home/erum/U850_ws/install/xarm_moveit_config/share/xarm_moveit_config//config/xarm7_mirror_gripper/joint_limits.yaml
[1.890s] -- Installing: /home/erum/U850_ws/install/xarm_moveit_config/share/xarm_moveit_config//config/xarm7_mirror_gripper/controllers.yaml
[1.890s] -- Installing: /home/erum/U850_ws/install/xarm_moveit_config/share/xarm_moveit_config//config/xarm7_mirror_gripper/ompl_planning.yaml
[1.891s] -- Installing: /home/erum/U850_ws/install/xarm_moveit_config/share/xarm_moveit_config//config/xarm7_mirror_gripper/fake_controllers.yaml
[1.891s] -- Installing: /home/erum/U850_ws/install/xarm_moveit_config/share/xarm_moveit_config//config/moveit_configs
[1.891s] -- Installing: /home/erum/U850_ws/install/xarm_moveit_config/share/xarm_moveit_config//config/moveit_configs/pilz_industrial_motion_planner_planning.yaml
[1.892s] -- Installing: /home/erum/U850_ws/install/xarm_moveit_config/share/xarm_moveit_config//config/moveit_configs/chomp_planning.yaml
[1.893s] -- Installing: /home/erum/U850_ws/install/xarm_moveit_config/share/xarm_moveit_config//config/moveit_configs/ompl_planning.yaml
[1.893s] -- Installing: /home/erum/U850_ws/install/xarm_moveit_config/share/xarm_moveit_config//config/moveit_configs/ompl_defaults.yaml
[1.893s] -- Installing: /home/erum/U850_ws/install/xarm_moveit_config/share/xarm_moveit_config//config/moveit_configs/stomp_planning.yaml
[1.894s] -- Installing: /home/erum/U850_ws/install/xarm_moveit_config/share/xarm_moveit_config//config/moveit_configs/pilz_cartesian_limits.yaml
[1.894s] -- Installing: /home/erum/U850_ws/install/xarm_moveit_config/share/xarm_moveit_config//config/uf850_gripper
[1.895s] -- Installing: /home/erum/U850_ws/install/xarm_moveit_config/share/xarm_moveit_config//config/uf850_gripper/joint_limits.yaml
[1.895s] -- Installing: /home/erum/U850_ws/install/xarm_moveit_config/share/xarm_moveit_config//config/uf850_gripper/controllers.yaml
[1.895s] -- Installing: /home/erum/U850_ws/install/xarm_moveit_config/share/xarm_moveit_config//config/uf850_gripper/ompl_planning.yaml
[1.895s] -- Installing: /home/erum/U850_ws/install/xarm_moveit_config/share/xarm_moveit_config//config/uf850_gripper/fake_controllers.yaml
[1.895s] -- Installing: /home/erum/U850_ws/install/xarm_moveit_config/share/xarm_moveit_config//config/xarm5
[1.896s] -- Installing: /home/erum/U850_ws/install/xarm_moveit_config/share/xarm_moveit_config//config/xarm5/joint_limits.yaml
[1.896s] -- Installing: /home/erum/U850_ws/install/xarm_moveit_config/share/xarm_moveit_config//config/xarm5/kinematics.yaml
[1.896s] -- Installing: /home/erum/U850_ws/install/xarm_moveit_config/share/xarm_moveit_config//config/xarm5/controllers.yaml
[1.896s] -- Installing: /home/erum/U850_ws/install/xarm_moveit_config/share/xarm_moveit_config//config/xarm5/ompl_planning.yaml
[1.896s] -- Installing: /home/erum/U850_ws/install/xarm_moveit_config/share/xarm_moveit_config//config/xarm5/fake_controllers.yaml
[1.897s] -- Installing: /home/erum/U850_ws/install/xarm_moveit_config/share/xarm_moveit_config//config/xarm6
[1.897s] -- Installing: /home/erum/U850_ws/install/xarm_moveit_config/share/xarm_moveit_config//config/xarm6/joint_limits.yaml
[1.897s] -- Installing: /home/erum/U850_ws/install/xarm_moveit_config/share/xarm_moveit_config//config/xarm6/kinematics.yaml
[1.898s] -- Installing: /home/erum/U850_ws/install/xarm_moveit_config/share/xarm_moveit_config//config/xarm6/controllers.yaml
[1.898s] -- Installing: /home/erum/U850_ws/install/xarm_moveit_config/share/xarm_moveit_config//config/xarm6/ompl_planning.yaml
[1.898s] -- Installing: /home/erum/U850_ws/install/xarm_moveit_config/share/xarm_moveit_config//config/xarm6/fake_controllers.yaml
[1.899s] -- Installing: /home/erum/U850_ws/install/xarm_moveit_config/share/xarm_moveit_config//config/xarm_gripper
[1.899s] -- Installing: /home/erum/U850_ws/install/xarm_moveit_config/share/xarm_moveit_config//config/xarm_gripper/joint_limits.yaml
[1.899s] -- Installing: /home/erum/U850_ws/install/xarm_moveit_config/share/xarm_moveit_config//config/xarm_gripper/controllers.yaml
[1.900s] -- Installing: /home/erum/U850_ws/install/xarm_moveit_config/share/xarm_moveit_config//config/xarm_gripper/ompl_planning.yaml
[1.900s] -- Installing: /home/erum/U850_ws/install/xarm_moveit_config/share/xarm_moveit_config//config/xarm_gripper/fake_controllers.yaml
[1.900s] -- Installing: /home/erum/U850_ws/install/xarm_moveit_config/share/xarm_moveit_config//rviz
[1.900s] -- Installing: /home/erum/U850_ws/install/xarm_moveit_config/share/xarm_moveit_config//rviz/dual_planner.rviz
[1.901s] -- Installing: /home/erum/U850_ws/install/xarm_moveit_config/share/xarm_moveit_config//rviz/moveit.rviz
[1.901s] -- Installing: /home/erum/U850_ws/install/xarm_moveit_config/share/xarm_moveit_config//rviz/dual_moveit.rviz
[1.902s] -- Installing: /home/erum/U850_ws/install/xarm_moveit_config/share/xarm_moveit_config//rviz/planner.rviz
[1.902s] -- Installing: /home/erum/U850_ws/install/xarm_moveit_config/share/xarm_moveit_config//srdf
[1.902s] -- Installing: /home/erum/U850_ws/install/xarm_moveit_config/share/xarm_moveit_config//srdf/xarm_macro.srdf.xacro
[1.903s] -- Installing: /home/erum/U850_ws/install/xarm_moveit_config/share/xarm_moveit_config//srdf/_lite6_macro.srdf.xacro
[1.903s] -- Installing: /home/erum/U850_ws/install/xarm_moveit_config/share/xarm_moveit_config//srdf/_uf850_macro.srdf.xacro
[1.903s] -- Installing: /home/erum/U850_ws/install/xarm_moveit_config/share/xarm_moveit_config//srdf/dual_xarm.srdf.xacro
[1.904s] -- Installing: /home/erum/U850_ws/install/xarm_moveit_config/share/xarm_moveit_config//srdf/_xarm7_mirror_macro.srdf.xacro
[1.904s] -- Installing: /home/erum/U850_ws/install/xarm_moveit_config/share/xarm_moveit_config//srdf/_xarm7_macro.srdf.xacro
[1.904s] -- Installing: /home/erum/U850_ws/install/xarm_moveit_config/share/xarm_moveit_config//srdf/_xarm6_macro.srdf.xacro
[1.905s] -- Installing: /home/erum/U850_ws/install/xarm_moveit_config/share/xarm_moveit_config//srdf/_xarm5_macro.srdf.xacro
[1.905s] -- Installing: /home/erum/U850_ws/install/xarm_moveit_config/share/xarm_moveit_config//srdf/xarm.srdf.xacro
[1.905s] -- Installing: /home/erum/U850_ws/install/xarm_moveit_config/share/xarm_moveit_config//launch
[1.906s] -- Installing: /home/erum/U850_ws/install/xarm_moveit_config/share/xarm_moveit_config//launch/_robot_moveit_realmove.launch.py
[1.906s] -- Installing: /home/erum/U850_ws/install/xarm_moveit_config/share/xarm_moveit_config//launch/xarm6_moveit_realmove.launch.py
[1.906s] -- Installing: /home/erum/U850_ws/install/xarm_moveit_config/share/xarm_moveit_config//launch/xarm6_moveit_gazebo.launch.py
[1.907s] -- Installing: /home/erum/U850_ws/install/xarm_moveit_config/share/xarm_moveit_config//launch/_robot_moveit_common.launch.py
[1.907s] -- Installing: /home/erum/U850_ws/install/xarm_moveit_config/share/xarm_moveit_config//launch/uf850_moveit_gazebo.launch.py
[1.908s] -- Installing: /home/erum/U850_ws/install/xarm_moveit_config/share/xarm_moveit_config//launch/_dual_robot_moveit_gazebo.launch.py
[1.908s] -- Installing: /home/erum/U850_ws/install/xarm_moveit_config/share/xarm_moveit_config//launch/dual_xarm6_moveit_realmove.launch.py
[1.909s] -- Installing: /home/erum/U850_ws/install/xarm_moveit_config/share/xarm_moveit_config//launch/xarm7_moveit_realmove.launch.py
[1.909s] -- Installing: /home/erum/U850_ws/install/xarm_moveit_config/share/xarm_moveit_config//launch/xarm5_moveit_gazebo.launch.py
[1.910s] -- Installing: /home/erum/U850_ws/install/xarm_moveit_config/share/xarm_moveit_config//launch/dual_xarm5_moveit_realmove.launch.py
[1.910s] -- Installing: /home/erum/U850_ws/install/xarm_moveit_config/share/xarm_moveit_config//launch/dual_uf850_moveit_realmove.launch.py
[1.910s] -- Installing: /home/erum/U850_ws/install/xarm_moveit_config/share/xarm_moveit_config//launch/xarm7_moveit_fake.launch.py
[1.910s] -- Installing: /home/erum/U850_ws/install/xarm_moveit_config/share/xarm_moveit_config//launch/xarm7_mirror_moveit_realmove.launch.py
[1.910s] -- Installing: /home/erum/U850_ws/install/xarm_moveit_config/share/xarm_moveit_config//launch/_dual_robot_moveit_common.launch.py
[1.911s] -- Installing: /home/erum/U850_ws/install/xarm_moveit_config/share/xarm_moveit_config//launch/dual_lite6_moveit_realmove.launch.py
[1.911s] -- Installing: /home/erum/U850_ws/install/xarm_moveit_config/share/xarm_moveit_config//launch/lite6_moveit_gazebo.launch.py
[1.912s] -- Installing: /home/erum/U850_ws/install/xarm_moveit_config/share/xarm_moveit_config//launch/demo
[1.912s] -- Installing: /home/erum/U850_ws/install/xarm_moveit_config/share/xarm_moveit_config//launch/demo/demo_dual_realmove.launch.py
[1.913s] -- Installing: /home/erum/U850_ws/install/xarm_moveit_config/share/xarm_moveit_config//launch/demo/demo_dual_fake.launch.py
[1.913s] -- Installing: /home/erum/U850_ws/install/xarm_moveit_config/share/xarm_moveit_config//launch/demo/demo_fake.launch.py
[1.913s] -- Installing: /home/erum/U850_ws/install/xarm_moveit_config/share/xarm_moveit_config//launch/demo/demo_realmove.launch.py
[1.914s] -- Installing: /home/erum/U850_ws/install/xarm_moveit_config/share/xarm_moveit_config//launch/xarm5_moveit_realmove.launch.py
[1.914s] -- Installing: /home/erum/U850_ws/install/xarm_moveit_config/share/xarm_moveit_config//launch/uf850_moveit_realmove.launch.py
[1.914s] -- Installing: /home/erum/U850_ws/install/xarm_moveit_config/share/xarm_moveit_config//launch/xarm5_moveit_fake.launch.py
[1.914s] -- Installing: /home/erum/U850_ws/install/xarm_moveit_config/share/xarm_moveit_config//launch/_robot_moveit_gazebo.launch.py
[1.914s] -- Installing: /home/erum/U850_ws/install/xarm_moveit_config/share/xarm_moveit_config//launch/xarm7_moveit_gazebo.launch.py
[1.915s] -- Installing: /home/erum/U850_ws/install/xarm_moveit_config/share/xarm_moveit_config//launch/dual_uf850_moveit_fake.launch.py
[1.915s] -- Installing: /home/erum/U850_ws/install/xarm_moveit_config/share/xarm_moveit_config//launch/dual_lite6_moveit_fake.launch.py
[1.915s] -- Installing: /home/erum/U850_ws/install/xarm_moveit_config/share/xarm_moveit_config//launch/dual_xarm7_moveit_fake.launch.py
[1.915s] -- Installing: /home/erum/U850_ws/install/xarm_moveit_config/share/xarm_moveit_config//launch/dual_xarm5_moveit_fake.launch.py
[1.915s] -- Installing: /home/erum/U850_ws/install/xarm_moveit_config/share/xarm_moveit_config//launch/_dual_robot_moveit_gz.launch.py
[1.916s] -- Installing: /home/erum/U850_ws/install/xarm_moveit_config/share/xarm_moveit_config//launch/uf850_moveit_fake.launch.py
[1.916s] -- Installing: /home/erum/U850_ws/install/xarm_moveit_config/share/xarm_moveit_config//launch/lite6_moveit_fake.launch.py
[1.916s] -- Installing: /home/erum/U850_ws/install/xarm_moveit_config/share/xarm_moveit_config//launch/xarm7_mirror_moveit_fake.launch.py
[1.916s] -- Installing: /home/erum/U850_ws/install/xarm_moveit_config/share/xarm_moveit_config//launch/xarm7_mirror_moveit_gazebo.launch.py
[1.916s] -- Installing: /home/erum/U850_ws/install/xarm_moveit_config/share/xarm_moveit_config//launch/dual_xarm6_moveit_fake.launch.py
[1.916s] -- Installing: /home/erum/U850_ws/install/xarm_moveit_config/share/xarm_moveit_config//launch/lite6_moveit_realmove.launch.py
[1.916s] -- Installing: /home/erum/U850_ws/install/xarm_moveit_config/share/xarm_moveit_config//launch/_dual_robot_moveit_realmove.launch.py
[1.917s] -- Installing: /home/erum/U850_ws/install/xarm_moveit_config/share/xarm_moveit_config//launch/_robot_moveit_fake.launch.py
[1.917s] -- Installing: /home/erum/U850_ws/install/xarm_moveit_config/share/xarm_moveit_config//launch/dual_xarm7_moveit_realmove.launch.py
[1.917s] -- Installing: /home/erum/U850_ws/install/xarm_moveit_config/share/xarm_moveit_config//launch/_dual_robot_moveit_fake.launch.py
[1.918s] -- Installing: /home/erum/U850_ws/install/xarm_moveit_config/share/xarm_moveit_config//launch/xarm6_moveit_fake.launch.py
[1.918s] -- Installing: /home/erum/U850_ws/install/xarm_moveit_config/share/xarm_moveit_config//launch/lib
[1.918s] -- Installing: /home/erum/U850_ws/install/xarm_moveit_config/share/xarm_moveit_config//launch/lib/robot_moveit_config_lib.py
[1.918s] -- Installing: /home/erum/U850_ws/install/xarm_moveit_config/share/xarm_moveit_config//launch/_robot_moveit_common2.launch.py
[1.918s] -- Installing: /home/erum/U850_ws/install/xarm_moveit_config/share/xarm_moveit_config//launch/_dual_robot_moveit_common2.launch.py
[1.919s] -- Installing: /home/erum/U850_ws/install/xarm_moveit_config/share/ament_index/resource_index/package_run_dependencies/xarm_moveit_config
[1.919s] -- Installing: /home/erum/U850_ws/install/xarm_moveit_config/share/ament_index/resource_index/parent_prefix_path/xarm_moveit_config
[1.919s] -- Installing: /home/erum/U850_ws/install/xarm_moveit_config/share/xarm_moveit_config/environment/ament_prefix_path.sh
[1.920s] -- Installing: /home/erum/U850_ws/install/xarm_moveit_config/share/xarm_moveit_config/environment/ament_prefix_path.dsv
[1.920s] -- Installing: /home/erum/U850_ws/install/xarm_moveit_config/share/xarm_moveit_config/environment/path.sh
[1.921s] -- Installing: /home/erum/U850_ws/install/xarm_moveit_config/share/xarm_moveit_config/environment/path.dsv
[1.921s] -- Installing: /home/erum/U850_ws/install/xarm_moveit_config/share/xarm_moveit_config/local_setup.bash
[1.921s] -- Installing: /home/erum/U850_ws/install/xarm_moveit_config/share/xarm_moveit_config/local_setup.sh
[1.921s] -- Installing: /home/erum/U850_ws/install/xarm_moveit_config/share/xarm_moveit_config/local_setup.zsh
[1.921s] -- Installing: /home/erum/U850_ws/install/xarm_moveit_config/share/xarm_moveit_config/local_setup.dsv
[1.922s] -- Installing: /home/erum/U850_ws/install/xarm_moveit_config/share/xarm_moveit_config/package.dsv
[1.922s] -- Installing: /home/erum/U850_ws/install/xarm_moveit_config/share/ament_index/resource_index/packages/xarm_moveit_config
[1.923s] -- Installing: /home/erum/U850_ws/install/xarm_moveit_config/share/xarm_moveit_config/cmake/xarm_moveit_configConfig.cmake
[1.923s] -- Installing: /home/erum/U850_ws/install/xarm_moveit_config/share/xarm_moveit_config/cmake/xarm_moveit_configConfig-version.cmake
[1.924s] -- Installing: /home/erum/U850_ws/install/xarm_moveit_config/share/xarm_moveit_config/package.xml
[1.930s] Invoked command in '/home/erum/U850_ws/build/xarm_moveit_config' returned '0': AMENT_PREFIX_PATH=/home/erum/U850_ws/install/xarm_gazebo:/home/erum/U850_ws/install/xarm_controller:/home/erum/U850_ws/install/xarm_api:/home/erum/U850_ws/install/xarm_sdk:/home/erum/U850_ws/install/xarm_msgs:/home/erum/U850_ws/install/xarm_description:/home/erum/U850_ws/install/uf_ros_lib:${AMENT_PREFIX_PATH} CMAKE_PREFIX_PATH=/home/erum/U850_ws/install/xarm_gazebo:/home/erum/U850_ws/install/xarm_controller:/home/erum/U850_ws/install/xarm_api:/home/erum/U850_ws/install/xarm_sdk:/home/erum/U850_ws/install/xarm_msgs:/home/erum/U850_ws/install/xarm_description:/opt/ros/jazzy/opt/gz_sim_vendor:/opt/ros/jazzy/opt/gz_sensors_vendor:/opt/ros/jazzy/opt/gz_physics_vendor:/opt/ros/jazzy/opt/sdformat_vendor:/opt/ros/jazzy/opt/gz_gui_vendor:/opt/ros/jazzy/opt/gz_transport_vendor:/opt/ros/jazzy/opt/gz_rendering_vendor:/opt/ros/jazzy/opt/gz_plugin_vendor:/opt/ros/jazzy/opt/gz_fuel_tools_vendor:/opt/ros/jazzy/opt/gz_msgs_vendor:/opt/ros/jazzy/opt/gz_common_vendor:/opt/ros/jazzy/opt/gz_math_vendor:/opt/ros/jazzy/opt/gz_utils_vendor:/opt/ros/jazzy/opt/gz_tools_vendor:/opt/ros/jazzy/opt/gz_ogre_next_vendor:/opt/ros/jazzy/opt/gz_dartsim_vendor:/opt/ros/jazzy/opt/gz_cmake_vendor:/opt/ros/jazzy DEBUGINFOD_URLS=https://debuginfod.ubuntu.com LD_LIBRARY_PATH=/home/erum/U850_ws/install/xarm_gazebo/lib:/home/erum/U850_ws/install/xarm_controller/lib:/home/erum/U850_ws/install/xarm_api/lib:/home/erum/U850_ws/install/xarm_sdk/lib:/home/erum/U850_ws/install/xarm_msgs/lib:${LD_LIBRARY_PATH} PYTHONPATH=/home/erum/U850_ws/install/xarm_msgs/lib/python3.12/site-packages:/home/erum/U850_ws/install/uf_ros_lib/lib/python3.12/site-packages:${PYTHONPATH} /usr/bin/cmake --install /home/erum/U850_ws/build/xarm_moveit_config
