[0.046s] Invoking command in '/home/erum/U850_ws/build/xarm_api': AMENT_PREFIX_PATH=/home/erum/U850_ws/install/xarm_sdk:/home/erum/U850_ws/install/xarm_msgs:/home/erum/U850_ws/install/xarm_description:${AMENT_PREFIX_PATH} CMAKE_PREFIX_PATH=/home/erum/U850_ws/install/xarm_sdk:/home/erum/U850_ws/install/xarm_msgs:/home/erum/U850_ws/install/xarm_description:/opt/ros/jazzy/opt/gz_sim_vendor:/opt/ros/jazzy/opt/gz_sensors_vendor:/opt/ros/jazzy/opt/gz_physics_vendor:/opt/ros/jazzy/opt/sdformat_vendor:/opt/ros/jazzy/opt/gz_gui_vendor:/opt/ros/jazzy/opt/gz_transport_vendor:/opt/ros/jazzy/opt/gz_rendering_vendor:/opt/ros/jazzy/opt/gz_plugin_vendor:/opt/ros/jazzy/opt/gz_fuel_tools_vendor:/opt/ros/jazzy/opt/gz_msgs_vendor:/opt/ros/jazzy/opt/gz_common_vendor:/opt/ros/jazzy/opt/gz_math_vendor:/opt/ros/jazzy/opt/gz_utils_vendor:/opt/ros/jazzy/opt/gz_tools_vendor:/opt/ros/jazzy/opt/gz_ogre_next_vendor:/opt/ros/jazzy/opt/gz_dartsim_vendor:/opt/ros/jazzy/opt/gz_cmake_vendor:/opt/ros/jazzy DEBUGINFOD_URLS=https://debuginfod.ubuntu.com LD_LIBRARY_PATH=/home/erum/U850_ws/install/xarm_sdk/lib:/home/erum/U850_ws/install/xarm_msgs/lib:${LD_LIBRARY_PATH} PYTHONPATH=/home/erum/U850_ws/install/xarm_msgs/lib/python3.12/site-packages:${PYTHONPATH} /usr/bin/cmake /home/erum/U850_ws/src/xarm_ros2/xarm_api -DCMAKE_INSTALL_PREFIX=/home/erum/U850_ws/install/xarm_api
[0.157s] -- The C compiler identification is GNU 13.3.0
[0.267s] -- The CXX compiler identification is GNU 13.3.0
[0.305s] -- Detecting C compiler ABI info
[0.511s] -- Detecting C compiler ABI info - done
[0.527s] -- Check for working C compiler: /usr/bin/cc - skipped
[0.527s] -- Detecting C compile features
[0.528s] -- Detecting C compile features - done
[0.548s] -- Detecting CXX compiler ABI info
[0.762s] -- Detecting CXX compiler ABI info - done
[0.778s] -- Check for working CXX compiler: /usr/bin/c++ - skipped
[0.780s] -- Detecting CXX compile features
[0.780s] -- Detecting CXX compile features - done
[0.790s] -- Found ament_cmake: 2.5.4 (/opt/ros/jazzy/share/ament_cmake/cmake)
[1.106s] -- Found Python3: /usr/bin/python3 (found version "3.12.3") found components: Interpreter 
[1.401s] -- Found ament_lint_auto: 0.17.3 (/opt/ros/jazzy/share/ament_lint_auto/cmake)
[1.622s] -- Found rclcpp: 28.1.13 (/opt/ros/jazzy/share/rclcpp/cmake)
[1.722s] -- Found rosidl_generator_c: 4.6.6 (/opt/ros/jazzy/share/rosidl_generator_c/cmake)
[1.752s] -- Found rosidl_generator_cpp: 4.6.6 (/opt/ros/jazzy/share/rosidl_generator_cpp/cmake)
[1.785s] -- Using all available rosidl_typesupport_c: rosidl_typesupport_fastrtps_c;rosidl_typesupport_introspection_c
[1.825s] -- Using all available rosidl_typesupport_cpp: rosidl_typesupport_fastrtps_cpp;rosidl_typesupport_introspection_cpp
[1.999s] -- Found rmw_implementation_cmake: 7.3.2 (/opt/ros/jazzy/share/rmw_implementation_cmake/cmake)
[2.006s] -- Found rmw_cyclonedds_cpp: 2.2.3 (/opt/ros/jazzy/share/rmw_cyclonedds_cpp/cmake)
[2.075s] -- Using RMW implementation 'rmw_cyclonedds_cpp' as default
[2.226s] -- Found rclcpp_action: 28.1.13 (/opt/ros/jazzy/share/rclcpp_action/cmake)
[2.457s] -- Found std_msgs: 5.3.6 (/opt/ros/jazzy/share/std_msgs/cmake)
[2.505s] -- Found sensor_msgs: 5.3.6 (/opt/ros/jazzy/share/sensor_msgs/cmake)
[2.653s] -- Found control_msgs: 5.5.0 (/opt/ros/jazzy/share/control_msgs/cmake)
[2.834s] -- Found xarm_msgs: 0.0.0 (/home/erum/U850_ws/install/xarm_msgs/share/xarm_msgs/cmake)
[2.937s] -- Found xarm_sdk: 0.0.0 (/home/erum/U850_ws/install/xarm_sdk/share/xarm_sdk/cmake)
[2.970s] -- Added test 'copyright' to check source files copyright and LICENSE
[2.973s] -- Added test 'cppcheck' to perform static code analysis on C / C++ code
[2.973s] -- Configured cppcheck include dirs: /home/erum/U850_ws/src/xarm_ros2/xarm_api/include
[2.974s] -- Configured cppcheck exclude dirs and/or files: 
[2.976s] -- Added test 'cpplint' to check C / C++ code against the Google style
[2.976s] -- Configured cpplint exclude dirs and/or files: 
[2.978s] -- Added test 'flake8' to check Python code syntax and style conventions
[2.978s] -- Configured 'flake8' exclude dirs and/or files: 
[2.979s] -- Added test 'lint_cmake' to check CMake code style
[2.981s] -- Added test 'pep257' to check Python code against some of the docstring style conventions in PEP 257
[2.984s] -- Added test 'uncrustify' to check C / C++ code style
[2.984s] -- Configured uncrustify additional arguments: 
[2.985s] -- Added test 'xmllint' to check XML markup files
[2.989s] -- Configuring done (2.9s)
[3.064s] -- Generating done (0.1s)
[3.087s] -- Build files have been written to: /home/erum/U850_ws/build/xarm_api
[3.107s] Invoked command in '/home/erum/U850_ws/build/xarm_api' returned '0': AMENT_PREFIX_PATH=/home/erum/U850_ws/install/xarm_sdk:/home/erum/U850_ws/install/xarm_msgs:/home/erum/U850_ws/install/xarm_description:${AMENT_PREFIX_PATH} CMAKE_PREFIX_PATH=/home/erum/U850_ws/install/xarm_sdk:/home/erum/U850_ws/install/xarm_msgs:/home/erum/U850_ws/install/xarm_description:/opt/ros/jazzy/opt/gz_sim_vendor:/opt/ros/jazzy/opt/gz_sensors_vendor:/opt/ros/jazzy/opt/gz_physics_vendor:/opt/ros/jazzy/opt/sdformat_vendor:/opt/ros/jazzy/opt/gz_gui_vendor:/opt/ros/jazzy/opt/gz_transport_vendor:/opt/ros/jazzy/opt/gz_rendering_vendor:/opt/ros/jazzy/opt/gz_plugin_vendor:/opt/ros/jazzy/opt/gz_fuel_tools_vendor:/opt/ros/jazzy/opt/gz_msgs_vendor:/opt/ros/jazzy/opt/gz_common_vendor:/opt/ros/jazzy/opt/gz_math_vendor:/opt/ros/jazzy/opt/gz_utils_vendor:/opt/ros/jazzy/opt/gz_tools_vendor:/opt/ros/jazzy/opt/gz_ogre_next_vendor:/opt/ros/jazzy/opt/gz_dartsim_vendor:/opt/ros/jazzy/opt/gz_cmake_vendor:/opt/ros/jazzy DEBUGINFOD_URLS=https://debuginfod.ubuntu.com LD_LIBRARY_PATH=/home/erum/U850_ws/install/xarm_sdk/lib:/home/erum/U850_ws/install/xarm_msgs/lib:${LD_LIBRARY_PATH} PYTHONPATH=/home/erum/U850_ws/install/xarm_msgs/lib/python3.12/site-packages:${PYTHONPATH} /usr/bin/cmake /home/erum/U850_ws/src/xarm_ros2/xarm_api -DCMAKE_INSTALL_PREFIX=/home/erum/U850_ws/install/xarm_api
[3.110s] Invoking command in '/home/erum/U850_ws/build/xarm_api': AMENT_PREFIX_PATH=/home/erum/U850_ws/install/xarm_sdk:/home/erum/U850_ws/install/xarm_msgs:/home/erum/U850_ws/install/xarm_description:${AMENT_PREFIX_PATH} CMAKE_PREFIX_PATH=/home/erum/U850_ws/install/xarm_sdk:/home/erum/U850_ws/install/xarm_msgs:/home/erum/U850_ws/install/xarm_description:/opt/ros/jazzy/opt/gz_sim_vendor:/opt/ros/jazzy/opt/gz_sensors_vendor:/opt/ros/jazzy/opt/gz_physics_vendor:/opt/ros/jazzy/opt/sdformat_vendor:/opt/ros/jazzy/opt/gz_gui_vendor:/opt/ros/jazzy/opt/gz_transport_vendor:/opt/ros/jazzy/opt/gz_rendering_vendor:/opt/ros/jazzy/opt/gz_plugin_vendor:/opt/ros/jazzy/opt/gz_fuel_tools_vendor:/opt/ros/jazzy/opt/gz_msgs_vendor:/opt/ros/jazzy/opt/gz_common_vendor:/opt/ros/jazzy/opt/gz_math_vendor:/opt/ros/jazzy/opt/gz_utils_vendor:/opt/ros/jazzy/opt/gz_tools_vendor:/opt/ros/jazzy/opt/gz_ogre_next_vendor:/opt/ros/jazzy/opt/gz_dartsim_vendor:/opt/ros/jazzy/opt/gz_cmake_vendor:/opt/ros/jazzy DEBUGINFOD_URLS=https://debuginfod.ubuntu.com LD_LIBRARY_PATH=/home/erum/U850_ws/install/xarm_sdk/lib:/home/erum/U850_ws/install/xarm_msgs/lib:${LD_LIBRARY_PATH} PYTHONPATH=/home/erum/U850_ws/install/xarm_msgs/lib/python3.12/site-packages:${PYTHONPATH} /usr/bin/cmake --build /home/erum/U850_ws/build/xarm_api -- -j2 -l2
[3.226s] [ 15%] [32mBuilding CXX object CMakeFiles/xarm_ros_driver.dir/src/xarm_driver.cpp.o[0m
[3.227s] [ 15%] [32mBuilding CXX object CMakeFiles/xarm_ros_client.dir/src/xarm_ros_client.cpp.o[0m
[32.023s] [ 23%] [32mBuilding CXX object CMakeFiles/xarm_ros_driver.dir/src/xarm_driver_service.cpp.o[0m
[56.741s] [ 30%] [32m[1mLinking CXX shared library libxarm_ros_client.so[0m
[59.779s] [ 30%] Built target xarm_ros_client
[130.083s] [ 38%] [32m[1mLinking CXX shared library libxarm_ros_driver.so[0m
[135.717s] [ 38%] Built target xarm_ros_driver
[135.835s] [ 46%] [32mBuilding CXX object CMakeFiles/xarm_driver_node.dir/src/xarm_driver_node.cpp.o[0m
[135.853s] [ 53%] [32mBuilding CXX object CMakeFiles/test_robot_states.dir/test/test_robot_states.cpp.o[0m
[152.755s] [ 61%] [32m[1mLinking CXX executable xarm_driver_node[0m
[155.700s] [ 61%] Built target xarm_driver_node
[166.704s] [ 69%] [32m[1mLinking CXX executable test_robot_states[0m
[167.557s] [ 69%] Built target test_robot_states
[167.619s] [ 76%] [32mBuilding CXX object CMakeFiles/test_xarm_ros_client.dir/test/test_xarm_ros_client.cpp.o[0m
[176.109s] [ 84%] [32m[1mLinking CXX executable test_xarm_ros_client[0m
[177.349s] [ 84%] Built target test_xarm_ros_client
[177.410s] [ 92%] [32mBuilding CXX object CMakeFiles/test_xarm_velo_move.dir/test/test_xarm_velo_move.cpp.o[0m
[186.024s] [100%] [32m[1mLinking CXX executable test_xarm_velo_move[0m
[186.834s] [100%] Built target test_xarm_velo_move
[187.270s] Invoked command in '/home/erum/U850_ws/build/xarm_api' returned '0': AMENT_PREFIX_PATH=/home/erum/U850_ws/install/xarm_sdk:/home/erum/U850_ws/install/xarm_msgs:/home/erum/U850_ws/install/xarm_description:${AMENT_PREFIX_PATH} CMAKE_PREFIX_PATH=/home/erum/U850_ws/install/xarm_sdk:/home/erum/U850_ws/install/xarm_msgs:/home/erum/U850_ws/install/xarm_description:/opt/ros/jazzy/opt/gz_sim_vendor:/opt/ros/jazzy/opt/gz_sensors_vendor:/opt/ros/jazzy/opt/gz_physics_vendor:/opt/ros/jazzy/opt/sdformat_vendor:/opt/ros/jazzy/opt/gz_gui_vendor:/opt/ros/jazzy/opt/gz_transport_vendor:/opt/ros/jazzy/opt/gz_rendering_vendor:/opt/ros/jazzy/opt/gz_plugin_vendor:/opt/ros/jazzy/opt/gz_fuel_tools_vendor:/opt/ros/jazzy/opt/gz_msgs_vendor:/opt/ros/jazzy/opt/gz_common_vendor:/opt/ros/jazzy/opt/gz_math_vendor:/opt/ros/jazzy/opt/gz_utils_vendor:/opt/ros/jazzy/opt/gz_tools_vendor:/opt/ros/jazzy/opt/gz_ogre_next_vendor:/opt/ros/jazzy/opt/gz_dartsim_vendor:/opt/ros/jazzy/opt/gz_cmake_vendor:/opt/ros/jazzy DEBUGINFOD_URLS=https://debuginfod.ubuntu.com LD_LIBRARY_PATH=/home/erum/U850_ws/install/xarm_sdk/lib:/home/erum/U850_ws/install/xarm_msgs/lib:${LD_LIBRARY_PATH} PYTHONPATH=/home/erum/U850_ws/install/xarm_msgs/lib/python3.12/site-packages:${PYTHONPATH} /usr/bin/cmake --build /home/erum/U850_ws/build/xarm_api -- -j2 -l2
[187.438s] Invoking command in '/home/erum/U850_ws/build/xarm_api': AMENT_PREFIX_PATH=/home/erum/U850_ws/install/xarm_sdk:/home/erum/U850_ws/install/xarm_msgs:/home/erum/U850_ws/install/xarm_description:${AMENT_PREFIX_PATH} CMAKE_PREFIX_PATH=/home/erum/U850_ws/install/xarm_sdk:/home/erum/U850_ws/install/xarm_msgs:/home/erum/U850_ws/install/xarm_description:/opt/ros/jazzy/opt/gz_sim_vendor:/opt/ros/jazzy/opt/gz_sensors_vendor:/opt/ros/jazzy/opt/gz_physics_vendor:/opt/ros/jazzy/opt/sdformat_vendor:/opt/ros/jazzy/opt/gz_gui_vendor:/opt/ros/jazzy/opt/gz_transport_vendor:/opt/ros/jazzy/opt/gz_rendering_vendor:/opt/ros/jazzy/opt/gz_plugin_vendor:/opt/ros/jazzy/opt/gz_fuel_tools_vendor:/opt/ros/jazzy/opt/gz_msgs_vendor:/opt/ros/jazzy/opt/gz_common_vendor:/opt/ros/jazzy/opt/gz_math_vendor:/opt/ros/jazzy/opt/gz_utils_vendor:/opt/ros/jazzy/opt/gz_tools_vendor:/opt/ros/jazzy/opt/gz_ogre_next_vendor:/opt/ros/jazzy/opt/gz_dartsim_vendor:/opt/ros/jazzy/opt/gz_cmake_vendor:/opt/ros/jazzy DEBUGINFOD_URLS=https://debuginfod.ubuntu.com LD_LIBRARY_PATH=/home/erum/U850_ws/install/xarm_sdk/lib:/home/erum/U850_ws/install/xarm_msgs/lib:${LD_LIBRARY_PATH} PYTHONPATH=/home/erum/U850_ws/install/xarm_msgs/lib/python3.12/site-packages:${PYTHONPATH} /usr/bin/cmake --install /home/erum/U850_ws/build/xarm_api
[187.625s] -- Install configuration: ""
[187.631s] -- Installing: /home/erum/U850_ws/install/xarm_api/share/xarm_api/environment/library_path.sh
[187.634s] -- Installing: /home/erum/U850_ws/install/xarm_api/share/xarm_api/environment/library_path.dsv
[187.636s] -- Installing: /home/erum/U850_ws/install/xarm_api/include
[187.636s] -- Installing: /home/erum/U850_ws/install/xarm_api/include/xarm_api
[187.637s] -- Installing: /home/erum/U850_ws/install/xarm_api/include/xarm_api/xarm_driver.h
[187.639s] -- Installing: /home/erum/U850_ws/install/xarm_api/include/xarm_api/xarm_msgs.h
[187.640s] -- Installing: /home/erum/U850_ws/install/xarm_api/include/xarm_api/visibility_control.h
[187.641s] -- Installing: /home/erum/U850_ws/install/xarm_api/include/xarm_api/xarm_ros_client.h
[187.641s] -- Installing: /home/erum/U850_ws/install/xarm_api/lib/libxarm_ros_driver.so
[187.780s] -- Set non-toolchain portion of runtime path of "/home/erum/U850_ws/install/xarm_api/lib/libxarm_ros_driver.so" to ""
[187.780s] -- Installing: /home/erum/U850_ws/install/xarm_api/lib/libxarm_ros_client.so
[187.980s] -- Set non-toolchain portion of runtime path of "/home/erum/U850_ws/install/xarm_api/lib/libxarm_ros_client.so" to ""
[187.981s] -- Installing: /home/erum/U850_ws/install/xarm_api/lib/xarm_api/xarm_driver_node
[187.982s] -- Set non-toolchain portion of runtime path of "/home/erum/U850_ws/install/xarm_api/lib/xarm_api/xarm_driver_node" to ""
[187.986s] -- Installing: /home/erum/U850_ws/install/xarm_api/lib/xarm_api/test_xarm_ros_client
[187.988s] -- Set non-toolchain portion of runtime path of "/home/erum/U850_ws/install/xarm_api/lib/xarm_api/test_xarm_ros_client" to ""
[187.990s] -- Installing: /home/erum/U850_ws/install/xarm_api/lib/xarm_api/test_xarm_velo_move
[187.990s] -- Set non-toolchain portion of runtime path of "/home/erum/U850_ws/install/xarm_api/lib/xarm_api/test_xarm_velo_move" to ""
[187.992s] -- Installing: /home/erum/U850_ws/install/xarm_api/lib/xarm_api/test_robot_states
[188.012s] -- Set non-toolchain portion of runtime path of "/home/erum/U850_ws/install/xarm_api/lib/xarm_api/test_robot_states" to ""
[188.013s] -- Installing: /home/erum/U850_ws/install/xarm_api/share/xarm_api//launch
[188.015s] -- Installing: /home/erum/U850_ws/install/xarm_api/share/xarm_api//launch/lite6_driver.launch.py
[188.016s] -- Installing: /home/erum/U850_ws/install/xarm_api/share/xarm_api//launch/_robot_driver.launch.py
[188.018s] -- Installing: /home/erum/U850_ws/install/xarm_api/share/xarm_api//launch/xarm7_driver.launch.py
[188.018s] -- Installing: /home/erum/U850_ws/install/xarm_api/share/xarm_api//launch/uf850_driver.launch.py
[188.019s] -- Installing: /home/erum/U850_ws/install/xarm_api/share/xarm_api//launch/xarm6_driver.launch.py
[188.020s] -- Installing: /home/erum/U850_ws/install/xarm_api/share/xarm_api//launch/xarm5_driver.launch.py
[188.021s] -- Installing: /home/erum/U850_ws/install/xarm_api/share/xarm_api//launch/lib
[188.022s] -- Installing: /home/erum/U850_ws/install/xarm_api/share/xarm_api//launch/lib/robot_api_lib.py
[188.022s] -- Installing: /home/erum/U850_ws/install/xarm_api/share/xarm_api//config
[188.023s] -- Installing: /home/erum/U850_ws/install/xarm_api/share/xarm_api//config/xarm_params.yaml
[188.028s] -- Installing: /home/erum/U850_ws/install/xarm_api/share/ament_index/resource_index/package_run_dependencies/xarm_api
[188.030s] -- Installing: /home/erum/U850_ws/install/xarm_api/share/ament_index/resource_index/parent_prefix_path/xarm_api
[188.038s] -- Installing: /home/erum/U850_ws/install/xarm_api/share/xarm_api/environment/ament_prefix_path.sh
[188.039s] -- Installing: /home/erum/U850_ws/install/xarm_api/share/xarm_api/environment/ament_prefix_path.dsv
[188.042s] -- Installing: /home/erum/U850_ws/install/xarm_api/share/xarm_api/environment/path.sh
[188.043s] -- Installing: /home/erum/U850_ws/install/xarm_api/share/xarm_api/environment/path.dsv
[188.045s] -- Installing: /home/erum/U850_ws/install/xarm_api/share/xarm_api/local_setup.bash
[188.048s] -- Installing: /home/erum/U850_ws/install/xarm_api/share/xarm_api/local_setup.sh
[188.050s] -- Installing: /home/erum/U850_ws/install/xarm_api/share/xarm_api/local_setup.zsh
[188.053s] -- Installing: /home/erum/U850_ws/install/xarm_api/share/xarm_api/local_setup.dsv
[188.053s] -- Installing: /home/erum/U850_ws/install/xarm_api/share/xarm_api/package.dsv
[188.055s] -- Installing: /home/erum/U850_ws/install/xarm_api/share/ament_index/resource_index/packages/xarm_api
[188.057s] -- Installing: /home/erum/U850_ws/install/xarm_api/share/xarm_api/cmake/ament_cmake_export_libraries-extras.cmake
[188.058s] -- Installing: /home/erum/U850_ws/install/xarm_api/share/xarm_api/cmake/ament_cmake_export_include_directories-extras.cmake
[188.061s] -- Installing: /home/erum/U850_ws/install/xarm_api/share/xarm_api/cmake/xarm_apiConfig.cmake
[188.063s] -- Installing: /home/erum/U850_ws/install/xarm_api/share/xarm_api/cmake/xarm_apiConfig-version.cmake
[188.064s] -- Installing: /home/erum/U850_ws/install/xarm_api/share/xarm_api/package.xml
[188.078s] Invoked command in '/home/erum/U850_ws/build/xarm_api' returned '0': AMENT_PREFIX_PATH=/home/erum/U850_ws/install/xarm_sdk:/home/erum/U850_ws/install/xarm_msgs:/home/erum/U850_ws/install/xarm_description:${AMENT_PREFIX_PATH} CMAKE_PREFIX_PATH=/home/erum/U850_ws/install/xarm_sdk:/home/erum/U850_ws/install/xarm_msgs:/home/erum/U850_ws/install/xarm_description:/opt/ros/jazzy/opt/gz_sim_vendor:/opt/ros/jazzy/opt/gz_sensors_vendor:/opt/ros/jazzy/opt/gz_physics_vendor:/opt/ros/jazzy/opt/sdformat_vendor:/opt/ros/jazzy/opt/gz_gui_vendor:/opt/ros/jazzy/opt/gz_transport_vendor:/opt/ros/jazzy/opt/gz_rendering_vendor:/opt/ros/jazzy/opt/gz_plugin_vendor:/opt/ros/jazzy/opt/gz_fuel_tools_vendor:/opt/ros/jazzy/opt/gz_msgs_vendor:/opt/ros/jazzy/opt/gz_common_vendor:/opt/ros/jazzy/opt/gz_math_vendor:/opt/ros/jazzy/opt/gz_utils_vendor:/opt/ros/jazzy/opt/gz_tools_vendor:/opt/ros/jazzy/opt/gz_ogre_next_vendor:/opt/ros/jazzy/opt/gz_dartsim_vendor:/opt/ros/jazzy/opt/gz_cmake_vendor:/opt/ros/jazzy DEBUGINFOD_URLS=https://debuginfod.ubuntu.com LD_LIBRARY_PATH=/home/erum/U850_ws/install/xarm_sdk/lib:/home/erum/U850_ws/install/xarm_msgs/lib:${LD_LIBRARY_PATH} PYTHONPATH=/home/erum/U850_ws/install/xarm_msgs/lib/python3.12/site-packages:${PYTHONPATH} /usr/bin/cmake --install /home/erum/U850_ws/build/xarm_api
