[0.066s] Invoking command in '/home/erum/U850_ws/build/xarm_gazebo': AMENT_PREFIX_PATH=/home/erum/U850_ws/install/xarm_controller:/home/erum/U850_ws/install/xarm_api:/home/erum/U850_ws/install/xarm_sdk:/home/erum/U850_ws/install/xarm_msgs:/home/erum/U850_ws/install/xarm_description:/home/erum/U850_ws/install/uf_ros_lib:${AMENT_PREFIX_PATH} CMAKE_PREFIX_PATH=/home/erum/U850_ws/install/xarm_controller:/home/erum/U850_ws/install/xarm_api:/home/erum/U850_ws/install/xarm_sdk:/home/erum/U850_ws/install/xarm_msgs:/home/erum/U850_ws/install/xarm_description:/opt/ros/jazzy/opt/gz_sim_vendor:/opt/ros/jazzy/opt/gz_sensors_vendor:/opt/ros/jazzy/opt/gz_physics_vendor:/opt/ros/jazzy/opt/sdformat_vendor:/opt/ros/jazzy/opt/gz_gui_vendor:/opt/ros/jazzy/opt/gz_transport_vendor:/opt/ros/jazzy/opt/gz_rendering_vendor:/opt/ros/jazzy/opt/gz_plugin_vendor:/opt/ros/jazzy/opt/gz_fuel_tools_vendor:/opt/ros/jazzy/opt/gz_msgs_vendor:/opt/ros/jazzy/opt/gz_common_vendor:/opt/ros/jazzy/opt/gz_math_vendor:/opt/ros/jazzy/opt/gz_utils_vendor:/opt/ros/jazzy/opt/gz_tools_vendor:/opt/ros/jazzy/opt/gz_ogre_next_vendor:/opt/ros/jazzy/opt/gz_dartsim_vendor:/opt/ros/jazzy/opt/gz_cmake_vendor:/opt/ros/jazzy DEBUGINFOD_URLS=https://debuginfod.ubuntu.com LD_LIBRARY_PATH=/home/erum/U850_ws/install/xarm_controller/lib:/home/erum/U850_ws/install/xarm_api/lib:/home/erum/U850_ws/install/xarm_sdk/lib:/home/erum/U850_ws/install/xarm_msgs/lib:${LD_LIBRARY_PATH} PYTHONPATH=/home/erum/U850_ws/install/xarm_msgs/lib/python3.12/site-packages:/home/erum/U850_ws/install/uf_ros_lib/lib/python3.12/site-packages:${PYTHONPATH} /usr/bin/cmake /home/erum/U850_ws/src/xarm_ros2/xarm_gazebo -DCMAKE_INSTALL_PREFIX=/home/erum/U850_ws/install/xarm_gazebo
[0.221s] -- The C compiler identification is GNU 13.3.0
[0.329s] -- The CXX compiler identification is GNU 13.3.0
[0.372s] -- Detecting C compiler ABI info
[0.617s] -- Detecting C compiler ABI info - done
[0.629s] -- Check for working C compiler: /usr/bin/cc - skipped
[0.631s] -- Detecting C compile features
[0.631s] -- Detecting C compile features - done
[0.653s] -- Detecting CXX compiler ABI info
[0.877s] -- Detecting CXX compiler ABI info - done
[0.900s] -- Check for working CXX compiler: /usr/bin/c++ - skipped
[0.901s] -- Detecting CXX compile features
[0.902s] -- Detecting CXX compile features - done
[0.911s] -- Found ament_cmake: 2.5.4 (/opt/ros/jazzy/share/ament_cmake/cmake)
[1.223s] -- Found Python3: /usr/bin/python3 (found version "3.12.3") found components: Interpreter 
[1.552s] -- Looking for gz-sim8 -- found version 8.10.0
[1.649s] -- Searching for dependencies of gz-sim8
[1.660s] -- Looking for sdformat14 -- found version 14.8.0
[1.660s] -- Searching for dependencies of sdformat14
[1.706s] -- Checking for module 'tinyxml2'
[1.803s] --   Found tinyxml2, version 10.0.0
[1.907s] -- Looking for gz-math7 -- found version 7.5.2
[1.909s] -- Searching for dependencies of gz-math7
[1.926s] -- Looking for gz-utils2 -- found version 2.2.1
[1.927s] -- Searching for dependencies of gz-utils2
[1.946s] -- Looking for gz-utils2 -- found version 2.2.1
[1.947s] -- Searching for dependencies of gz-utils2
[1.947s] -- Searching for <gz-utils2> component [cli]
[1.957s] -- Looking for gz-utils2-cli -- found version 2.2.1
[1.957s] -- Searching for dependencies of gz-utils2-cli
[1.980s] -- Looking for gz-plugin2 -- found version 2.0.4
[1.980s] -- Searching for dependencies of gz-plugin2
[1.981s] -- Looking for gz-utils2 -- found version 2.2.1
[1.987s] -- Searching for <gz-plugin2> component [loader]
[1.996s] -- Looking for gz-plugin2-loader -- found version 2.0.4
[1.998s] -- Searching for dependencies of gz-plugin2-loader
[2.002s] -- Searching for <gz-plugin2> component [register]
[2.013s] -- Looking for gz-plugin2-register -- found version 2.0.4
[2.014s] -- Searching for dependencies of gz-plugin2-register
[2.028s] -- Looking for gz-transport13 -- found version 13.5.0
[2.029s] -- Searching for dependencies of gz-transport13
[2.444s] -- Found Protobuf: /usr/lib/x86_64-linux-gnu/libprotobuf.so (found version "3.21.12") 
[2.469s] -- Config-file not installed for ZeroMQ -- checking for pkg-config
[2.480s] -- Checking for module 'libzmq >= 4'
[2.528s] --   Found libzmq, version 4.3.5
[2.694s] -- Found ZeroMQ: TRUE (Required is at least version "4") 
[2.719s] -- Checking for module 'uuid'
[2.773s] --   Found uuid, version 2.39.3
[2.884s] -- Found UUID: TRUE  
[2.885s] -- Looking for gz-utils2 -- found version 2.2.1
[2.901s] -- Looking for gz-msgs10 -- found version 10.3.2
[2.902s] -- Searching for dependencies of gz-msgs10
[2.949s] -- Looking for gz-utils2 -- found version 2.2.1
[2.950s] -- Looking for gz-math7 -- found version 7.5.2
[3.005s] -- Searching for <gz-transport13> component [log]
[3.014s] -- Looking for gz-transport13-log -- found version 13.5.0
[3.014s] -- Searching for dependencies of gz-transport13-log
[3.021s] -- Searching for <gz-transport13> component [parameters]
[3.032s] -- Looking for gz-transport13-parameters -- found version 13.5.0
[3.032s] -- Searching for dependencies of gz-transport13-parameters
[3.038s] -- Looking for gz-msgs10 -- found version 10.3.2
[3.051s] -- Looking for gz-common5 -- found version 5.7.1
[3.051s] -- Searching for dependencies of gz-common5
[3.052s] -- Looking for gz-utils2 -- found version 2.2.1
[3.060s] -- Looking for dlfcn.h - found
[3.064s] -- Looking for libdl - found
[3.067s] -- Found DL: TRUE  
[3.093s] -- Searching for <gz-common5> component [av]
[3.109s] -- Looking for gz-common5-av -- found version 5.7.1
[3.110s] -- Searching for dependencies of gz-common5-av
[3.126s] -- Checking for module 'libswscale'
[3.195s] --   Found libswscale, version 7.5.100
[3.340s] -- Found SWSCALE: TRUE  
[3.363s] -- Checking for module 'libavdevice >= 56.4.100'
[3.420s] --   Found libavdevice, version 60.3.100
[3.613s] -- Found AVDEVICE: TRUE (Required is at least version "56.4.100") 
[3.627s] -- Checking for module 'libavformat'
[3.674s] --   Found libavformat, version 60.16.100
[3.783s] -- Found AVFORMAT: TRUE  
[3.803s] -- Checking for module 'libavcodec'
[3.853s] --   Found libavcodec, version 60.31.102
[3.984s] -- Found AVCODEC: TRUE  
[4.000s] -- Checking for module 'libavutil'
[4.045s] --   Found libavutil, version 58.29.100
[4.171s] -- Found AVUTIL: TRUE  
[4.177s] -- Searching for <gz-common5> component [events]
[4.187s] -- Looking for gz-common5-events -- found version 5.7.1
[4.189s] -- Searching for dependencies of gz-common5-events
[4.189s] -- Looking for gz-math7 -- found version 7.5.2
[4.194s] -- Searching for <gz-common5> component [graphics]
[4.206s] -- Looking for gz-common5-graphics -- found version 5.7.1
[4.206s] -- Searching for dependencies of gz-common5-graphics
[4.207s] -- Looking for gz-math7 -- found version 7.5.2
[4.237s] -- Found GzAssimp: TRUE (found version "5.3.0") 
[4.242s] -- Searching for <gz-common5> component [io]
[4.256s] -- Looking for gz-common5-io -- found version 5.7.1
[4.256s] -- Searching for dependencies of gz-common5-io
[4.261s] -- Searching for <gz-common5> component [profiler]
[4.270s] -- Looking for gz-common5-profiler -- found version 5.7.1
[4.270s] -- Searching for dependencies of gz-common5-profiler
[4.288s] -- Looking for gz-fuel_tools9 -- found version 9.1.1
[4.288s] -- Searching for dependencies of gz-fuel_tools9
[4.531s] -- Found CURL: /usr/lib/x86_64-linux-gnu/libcurl.so (found version "8.5.0")  
[4.586s] -- Checking for module 'jsoncpp'
[4.662s] --   Found jsoncpp, version 1.9.5
[4.772s] -- Found JSONCPP: TRUE  
[4.818s] -- Checking for module 'yaml-0.1'
[4.868s] --   Found yaml-0.1, version 0.2.5
[4.952s] -- Found YAML: TRUE  
[4.969s] -- Checking for module 'libzip'
[5.022s] --   Found libzip, version 1.7.3
[5.098s] -- Found ZIP: TRUE  
[5.099s] -- Looking for gz-utils2 -- found version 2.2.1
[5.099s] -- Looking for gz-common5 -- found version 5.7.1
[5.100s] -- Searching for dependencies of gz-common5
[5.100s] -- Looking for gz-utils2 -- found version 2.2.1
[5.101s] -- Looking for dlfcn.h - found
[5.101s] -- Looking for libdl - found
[5.117s] -- Searching for <gz-common5> component [testing]
[5.128s] -- Looking for gz-common5-testing -- found version 5.7.1
[5.128s] -- Searching for dependencies of gz-common5-testing
[5.134s] -- Looking for gz-math7 -- found version 7.5.2
[5.135s] -- Looking for gz-msgs10 -- found version 10.3.2
[5.154s] -- Looking for gz-gui8 -- found version 8.4.0
[5.156s] -- Searching for dependencies of gz-gui8
[5.199s] -- Looking for gz-utils2 -- found version 2.2.1
[5.200s] -- Looking for gz-math7 -- found version 7.5.2
[5.201s] -- Looking for gz-common5 -- found version 5.7.1
[5.203s] -- Looking for gz-plugin2 -- found version 2.0.4
[5.204s] -- Looking for gz-transport13 -- found version 13.5.0
[5.213s] -- Looking for gz-rendering8 -- found version 8.2.2
[5.213s] -- Searching for dependencies of gz-rendering8
[5.214s] -- Looking for gz-math7 -- found version 7.5.2
[5.214s] -- Searching for dependencies of gz-math7
[5.217s] -- Looking for gz-utils2 -- found version 2.2.1
[5.218s] -- Searching for <gz-math7> component [eigen3]
[5.233s] -- Looking for gz-math7-eigen3 -- found version 7.5.2
[5.236s] -- Searching for dependencies of gz-math7-eigen3
[5.279s] -- Looking for gz-common5 -- found version 5.7.1
[5.279s] -- Searching for dependencies of gz-common5
[5.280s] -- Looking for gz-utils2 -- found version 2.2.1
[5.281s] -- Looking for dlfcn.h - found
[5.281s] -- Looking for libdl - found
[5.296s] -- Searching for <gz-common5> component [graphics]
[5.296s] -- Searching for <gz-common5> component [events]
[5.297s] -- Searching for <gz-common5> component [geospatial]
[5.304s] -- Looking for gz-common5-geospatial -- found version 5.7.1
[5.305s] -- Searching for dependencies of gz-common5-geospatial
[5.305s] -- Looking for gz-math7 -- found version 7.5.2
[5.306s] -- Looking for gz-common5 -- found version 5.7.1
[5.313s] -- Looking for gz-plugin2 -- found version 2.0.4
[5.313s] -- Searching for dependencies of gz-plugin2
[5.314s] -- Looking for gz-utils2 -- found version 2.2.1
[5.314s] -- Searching for <gz-plugin2> component [all]
[5.325s] -- Looking for all libraries of gz-plugin2 -- found version 2.0.4
[5.326s] -- Looking for gz-plugin2 -- found version 2.0.4
[5.330s] -- Looking for gz-utils2 -- found version 2.2.1
[5.379s] -- Found OpenGL: /usr/lib/x86_64-linux-gnu/libOpenGL.so  found components: OpenGL 
[5.386s] -- Looking for gz-msgs10 -- found version 10.3.2
[5.710s] -- Looking for gz-physics7 -- found version 7.6.0
[5.711s] -- Searching for dependencies of gz-physics7
[5.711s] -- Looking for gz-common5 -- found version 5.7.1
[5.712s] -- Looking for gz-math7 -- found version 7.5.2
[5.714s] -- Looking for gz-plugin2 -- found version 2.0.4
[5.715s] -- Looking for gz-utils2 -- found version 2.2.1
[5.725s] -- Searching for <gz-physics7> component [heightmap]
[5.733s] -- Looking for gz-physics7-heightmap -- found version 7.6.0
[5.733s] -- Searching for dependencies of gz-physics7-heightmap
[5.733s] -- Looking for gz-common5 -- found version 5.7.1
[5.737s] -- Searching for <gz-physics7> component [mesh]
[5.744s] -- Looking for gz-physics7-mesh -- found version 7.6.0
[5.744s] -- Searching for dependencies of gz-physics7-mesh
[5.746s] -- Looking for gz-common5 -- found version 5.7.1
[5.749s] -- Searching for <gz-physics7> component [sdf]
[5.756s] -- Looking for gz-physics7-sdf -- found version 7.6.0
[5.756s] -- Searching for dependencies of gz-physics7-sdf
[5.756s] -- Looking for sdformat14 -- found version 14.8.0
[5.783s] -- Looking for gz-sensors8 -- found version 8.2.2
[5.784s] -- Searching for dependencies of gz-sensors8
[5.833s] -- Looking for gz-math7 -- found version 7.5.2
[5.834s] -- Looking for gz-common5 -- found version 5.7.1
[5.835s] -- Looking for gz-transport13 -- found version 13.5.0
[5.837s] -- Looking for gz-rendering8 -- found version 8.2.2
[5.837s] -- Looking for gz-msgs10 -- found version 10.3.2
[5.837s] -- Looking for sdformat14 -- found version 14.8.0
[5.844s] -- Searching for <gz-sensors8> component [air_pressure]
[5.854s] -- Looking for gz-sensors8-air_pressure -- found version 8.2.2
[5.854s] -- Searching for dependencies of gz-sensors8-air_pressure
[5.859s] -- Searching for <gz-sensors8> component [air_speed]
[5.867s] -- Looking for gz-sensors8-air_speed -- found version 8.2.2
[5.867s] -- Searching for dependencies of gz-sensors8-air_speed
[5.871s] -- Searching for <gz-sensors8> component [altimeter]
[5.879s] -- Looking for gz-sensors8-altimeter -- found version 8.2.2
[5.879s] -- Searching for dependencies of gz-sensors8-altimeter
[5.886s] -- Searching for <gz-sensors8> component [imu]
[5.896s] -- Looking for gz-sensors8-imu -- found version 8.2.2
[5.896s] -- Searching for dependencies of gz-sensors8-imu
[5.904s] -- Searching for <gz-sensors8> component [force_torque]
[5.913s] -- Looking for gz-sensors8-force_torque -- found version 8.2.2
[5.914s] -- Searching for dependencies of gz-sensors8-force_torque
[5.919s] -- Searching for <gz-sensors8> component [logical_camera]
[5.930s] -- Looking for gz-sensors8-logical_camera -- found version 8.2.2
[5.930s] -- Searching for dependencies of gz-sensors8-logical_camera
[5.933s] -- Searching for <gz-sensors8> component [magnetometer]
[5.944s] -- Looking for gz-sensors8-magnetometer -- found version 8.2.2
[5.944s] -- Searching for dependencies of gz-sensors8-magnetometer
[5.950s] -- Searching for <gz-sensors8> component [navsat]
[5.959s] -- Looking for gz-sensors8-navsat -- found version 8.2.2
[5.959s] -- Searching for dependencies of gz-sensors8-navsat
[5.964s] -- Searching for <gz-sensors8> component [dvl]
[5.972s] -- Looking for gz-sensors8-dvl -- found version 8.2.2
[5.972s] -- Searching for dependencies of gz-sensors8-dvl
[5.973s] -- Looking for gz-sensors8 -- found version 8.2.2
[5.973s] -- Searching for dependencies of gz-sensors8
[6.034s] -- Looking for gz-math7 -- found version 7.5.2
[6.036s] -- Looking for gz-common5 -- found version 5.7.1
[6.036s] -- Looking for gz-transport13 -- found version 13.5.0
[6.037s] -- Looking for gz-rendering8 -- found version 8.2.2
[6.038s] -- Looking for gz-msgs10 -- found version 10.3.2
[6.040s] -- Looking for sdformat14 -- found version 14.8.0
[6.040s] -- Searching for <gz-sensors8> component [rendering]
[6.050s] -- Looking for gz-sensors8-rendering -- found version 8.2.2
[6.050s] -- Searching for dependencies of gz-sensors8-rendering
[6.056s] -- Searching for <gz-sensors8> component [rendering]
[6.056s] -- Searching for <gz-sensors8> component [lidar]
[6.064s] -- Looking for gz-sensors8-lidar -- found version 8.2.2
[6.064s] -- Searching for dependencies of gz-sensors8-lidar
[6.064s] -- Looking for gz-sensors8 -- found version 8.2.2
[6.066s] -- Searching for <gz-sensors8> component [gpu_lidar]
[6.071s] -- Looking for gz-sensors8-gpu_lidar -- found version 8.2.2
[6.071s] -- Searching for dependencies of gz-sensors8-gpu_lidar
[6.072s] -- Looking for gz-sensors8 -- found version 8.2.2
[6.077s] -- Searching for <gz-sensors8> component [camera]
[6.085s] -- Looking for gz-sensors8-camera -- found version 8.2.2
[6.085s] -- Searching for dependencies of gz-sensors8-camera
[6.086s] -- Looking for gz-sensors8 -- found version 8.2.2
[6.090s] -- Searching for <gz-sensors8> component [boundingbox_camera]
[6.108s] -- Looking for gz-sensors8-boundingbox_camera -- found version 8.2.2
[6.108s] -- Searching for dependencies of gz-sensors8-boundingbox_camera
[6.108s] -- Searching for <gz-sensors8> component [segmentation_camera]
[6.111s] -- Looking for gz-sensors8-segmentation_camera -- found version 8.2.2
[6.111s] -- Searching for dependencies of gz-sensors8-segmentation_camera
[6.117s] -- Searching for <gz-sensors8> component [depth_camera]
[6.127s] -- Looking for gz-sensors8-depth_camera -- found version 8.2.2
[6.129s] -- Searching for dependencies of gz-sensors8-depth_camera
[6.130s] -- Looking for gz-sensors8 -- found version 8.2.2
[6.134s] -- Searching for <gz-sensors8> component [rgbd_camera]
[6.142s] -- Looking for gz-sensors8-rgbd_camera -- found version 8.2.2
[6.142s] -- Searching for dependencies of gz-sensors8-rgbd_camera
[6.144s] -- Looking for gz-sensors8 -- found version 8.2.2
[6.148s] -- Searching for <gz-sensors8> component [thermal_camera]
[6.156s] -- Looking for gz-sensors8-thermal_camera -- found version 8.2.2
[6.156s] -- Searching for dependencies of gz-sensors8-thermal_camera
[6.157s] -- Looking for gz-sensors8 -- found version 8.2.2
[6.162s] -- Searching for <gz-sensors8> component [wide_angle_camera]
[6.170s] -- Looking for gz-sensors8-wide_angle_camera -- found version 8.2.2
[6.170s] -- Searching for dependencies of gz-sensors8-wide_angle_camera
[6.177s] -- Looking for gz-rendering8 -- found version 8.2.2
[6.178s] -- Looking for gz-math7 -- found version 7.5.2
[6.179s] -- Looking for gz-utils2 -- found version 2.2.1
[6.238s] -- Looking for sdformat14 -- found version 14.8.0
[6.247s] -- Found ament_lint_auto: 0.17.3 (/opt/ros/jazzy/share/ament_lint_auto/cmake)
[6.518s] -- Added test 'copyright' to check source files copyright and LICENSE
[6.524s] -- Added test 'cppcheck' to perform static code analysis on C / C++ code
[6.526s] -- Configured cppcheck include dirs: /home/erum/U850_ws/src/xarm_ros2/xarm_gazebo/include
[6.526s] -- Configured cppcheck exclude dirs and/or files: 
[6.529s] -- Added test 'cpplint' to check C / C++ code against the Google style
[6.529s] -- Configured cpplint exclude dirs and/or files: 
[6.532s] -- Added test 'flake8' to check Python code syntax and style conventions
[6.533s] -- Configured 'flake8' exclude dirs and/or files: 
[6.535s] -- Added test 'lint_cmake' to check CMake code style
[6.537s] -- Added test 'pep257' to check Python code against some of the docstring style conventions in PEP 257
[6.539s] -- Added test 'uncrustify' to check C / C++ code style
[6.540s] -- Configured uncrustify additional arguments: 
[6.542s] -- Added test 'xmllint' to check XML markup files
[6.545s] -- Configuring done (6.4s)
[6.629s] -- Generating done (0.1s)
[6.643s] -- Build files have been written to: /home/erum/U850_ws/build/xarm_gazebo
[6.681s] Invoked command in '/home/erum/U850_ws/build/xarm_gazebo' returned '0': AMENT_PREFIX_PATH=/home/erum/U850_ws/install/xarm_controller:/home/erum/U850_ws/install/xarm_api:/home/erum/U850_ws/install/xarm_sdk:/home/erum/U850_ws/install/xarm_msgs:/home/erum/U850_ws/install/xarm_description:/home/erum/U850_ws/install/uf_ros_lib:${AMENT_PREFIX_PATH} CMAKE_PREFIX_PATH=/home/erum/U850_ws/install/xarm_controller:/home/erum/U850_ws/install/xarm_api:/home/erum/U850_ws/install/xarm_sdk:/home/erum/U850_ws/install/xarm_msgs:/home/erum/U850_ws/install/xarm_description:/opt/ros/jazzy/opt/gz_sim_vendor:/opt/ros/jazzy/opt/gz_sensors_vendor:/opt/ros/jazzy/opt/gz_physics_vendor:/opt/ros/jazzy/opt/sdformat_vendor:/opt/ros/jazzy/opt/gz_gui_vendor:/opt/ros/jazzy/opt/gz_transport_vendor:/opt/ros/jazzy/opt/gz_rendering_vendor:/opt/ros/jazzy/opt/gz_plugin_vendor:/opt/ros/jazzy/opt/gz_fuel_tools_vendor:/opt/ros/jazzy/opt/gz_msgs_vendor:/opt/ros/jazzy/opt/gz_common_vendor:/opt/ros/jazzy/opt/gz_math_vendor:/opt/ros/jazzy/opt/gz_utils_vendor:/opt/ros/jazzy/opt/gz_tools_vendor:/opt/ros/jazzy/opt/gz_ogre_next_vendor:/opt/ros/jazzy/opt/gz_dartsim_vendor:/opt/ros/jazzy/opt/gz_cmake_vendor:/opt/ros/jazzy DEBUGINFOD_URLS=https://debuginfod.ubuntu.com LD_LIBRARY_PATH=/home/erum/U850_ws/install/xarm_controller/lib:/home/erum/U850_ws/install/xarm_api/lib:/home/erum/U850_ws/install/xarm_sdk/lib:/home/erum/U850_ws/install/xarm_msgs/lib:${LD_LIBRARY_PATH} PYTHONPATH=/home/erum/U850_ws/install/xarm_msgs/lib/python3.12/site-packages:/home/erum/U850_ws/install/uf_ros_lib/lib/python3.12/site-packages:${PYTHONPATH} /usr/bin/cmake /home/erum/U850_ws/src/xarm_ros2/xarm_gazebo -DCMAKE_INSTALL_PREFIX=/home/erum/U850_ws/install/xarm_gazebo
[6.685s] Invoking command in '/home/erum/U850_ws/build/xarm_gazebo': AMENT_PREFIX_PATH=/home/erum/U850_ws/install/xarm_controller:/home/erum/U850_ws/install/xarm_api:/home/erum/U850_ws/install/xarm_sdk:/home/erum/U850_ws/install/xarm_msgs:/home/erum/U850_ws/install/xarm_description:/home/erum/U850_ws/install/uf_ros_lib:${AMENT_PREFIX_PATH} CMAKE_PREFIX_PATH=/home/erum/U850_ws/install/xarm_controller:/home/erum/U850_ws/install/xarm_api:/home/erum/U850_ws/install/xarm_sdk:/home/erum/U850_ws/install/xarm_msgs:/home/erum/U850_ws/install/xarm_description:/opt/ros/jazzy/opt/gz_sim_vendor:/opt/ros/jazzy/opt/gz_sensors_vendor:/opt/ros/jazzy/opt/gz_physics_vendor:/opt/ros/jazzy/opt/sdformat_vendor:/opt/ros/jazzy/opt/gz_gui_vendor:/opt/ros/jazzy/opt/gz_transport_vendor:/opt/ros/jazzy/opt/gz_rendering_vendor:/opt/ros/jazzy/opt/gz_plugin_vendor:/opt/ros/jazzy/opt/gz_fuel_tools_vendor:/opt/ros/jazzy/opt/gz_msgs_vendor:/opt/ros/jazzy/opt/gz_common_vendor:/opt/ros/jazzy/opt/gz_math_vendor:/opt/ros/jazzy/opt/gz_utils_vendor:/opt/ros/jazzy/opt/gz_tools_vendor:/opt/ros/jazzy/opt/gz_ogre_next_vendor:/opt/ros/jazzy/opt/gz_dartsim_vendor:/opt/ros/jazzy/opt/gz_cmake_vendor:/opt/ros/jazzy DEBUGINFOD_URLS=https://debuginfod.ubuntu.com LD_LIBRARY_PATH=/home/erum/U850_ws/install/xarm_controller/lib:/home/erum/U850_ws/install/xarm_api/lib:/home/erum/U850_ws/install/xarm_sdk/lib:/home/erum/U850_ws/install/xarm_msgs/lib:${LD_LIBRARY_PATH} PYTHONPATH=/home/erum/U850_ws/install/xarm_msgs/lib/python3.12/site-packages:/home/erum/U850_ws/install/uf_ros_lib/lib/python3.12/site-packages:${PYTHONPATH} /usr/bin/cmake --build /home/erum/U850_ws/build/xarm_gazebo -- -j2 -l2
[6.857s] [ 50%] [32mBuilding CXX object CMakeFiles/gazebo_mimic_joint_plugin.dir/src/mimic_joint_plugin.cpp.o[0m
[13.931s] [100%] [32m[1mLinking CXX shared library libgazebo_mimic_joint_plugin.so[0m
[14.516s] [100%] Built target gazebo_mimic_joint_plugin
[14.538s] Invoked command in '/home/erum/U850_ws/build/xarm_gazebo' returned '0': AMENT_PREFIX_PATH=/home/erum/U850_ws/install/xarm_controller:/home/erum/U850_ws/install/xarm_api:/home/erum/U850_ws/install/xarm_sdk:/home/erum/U850_ws/install/xarm_msgs:/home/erum/U850_ws/install/xarm_description:/home/erum/U850_ws/install/uf_ros_lib:${AMENT_PREFIX_PATH} CMAKE_PREFIX_PATH=/home/erum/U850_ws/install/xarm_controller:/home/erum/U850_ws/install/xarm_api:/home/erum/U850_ws/install/xarm_sdk:/home/erum/U850_ws/install/xarm_msgs:/home/erum/U850_ws/install/xarm_description:/opt/ros/jazzy/opt/gz_sim_vendor:/opt/ros/jazzy/opt/gz_sensors_vendor:/opt/ros/jazzy/opt/gz_physics_vendor:/opt/ros/jazzy/opt/sdformat_vendor:/opt/ros/jazzy/opt/gz_gui_vendor:/opt/ros/jazzy/opt/gz_transport_vendor:/opt/ros/jazzy/opt/gz_rendering_vendor:/opt/ros/jazzy/opt/gz_plugin_vendor:/opt/ros/jazzy/opt/gz_fuel_tools_vendor:/opt/ros/jazzy/opt/gz_msgs_vendor:/opt/ros/jazzy/opt/gz_common_vendor:/opt/ros/jazzy/opt/gz_math_vendor:/opt/ros/jazzy/opt/gz_utils_vendor:/opt/ros/jazzy/opt/gz_tools_vendor:/opt/ros/jazzy/opt/gz_ogre_next_vendor:/opt/ros/jazzy/opt/gz_dartsim_vendor:/opt/ros/jazzy/opt/gz_cmake_vendor:/opt/ros/jazzy DEBUGINFOD_URLS=https://debuginfod.ubuntu.com LD_LIBRARY_PATH=/home/erum/U850_ws/install/xarm_controller/lib:/home/erum/U850_ws/install/xarm_api/lib:/home/erum/U850_ws/install/xarm_sdk/lib:/home/erum/U850_ws/install/xarm_msgs/lib:${LD_LIBRARY_PATH} PYTHONPATH=/home/erum/U850_ws/install/xarm_msgs/lib/python3.12/site-packages:/home/erum/U850_ws/install/uf_ros_lib/lib/python3.12/site-packages:${PYTHONPATH} /usr/bin/cmake --build /home/erum/U850_ws/build/xarm_gazebo -- -j2 -l2
[14.540s] Invoking command in '/home/erum/U850_ws/build/xarm_gazebo': AMENT_PREFIX_PATH=/home/erum/U850_ws/install/xarm_controller:/home/erum/U850_ws/install/xarm_api:/home/erum/U850_ws/install/xarm_sdk:/home/erum/U850_ws/install/xarm_msgs:/home/erum/U850_ws/install/xarm_description:/home/erum/U850_ws/install/uf_ros_lib:${AMENT_PREFIX_PATH} CMAKE_PREFIX_PATH=/home/erum/U850_ws/install/xarm_controller:/home/erum/U850_ws/install/xarm_api:/home/erum/U850_ws/install/xarm_sdk:/home/erum/U850_ws/install/xarm_msgs:/home/erum/U850_ws/install/xarm_description:/opt/ros/jazzy/opt/gz_sim_vendor:/opt/ros/jazzy/opt/gz_sensors_vendor:/opt/ros/jazzy/opt/gz_physics_vendor:/opt/ros/jazzy/opt/sdformat_vendor:/opt/ros/jazzy/opt/gz_gui_vendor:/opt/ros/jazzy/opt/gz_transport_vendor:/opt/ros/jazzy/opt/gz_rendering_vendor:/opt/ros/jazzy/opt/gz_plugin_vendor:/opt/ros/jazzy/opt/gz_fuel_tools_vendor:/opt/ros/jazzy/opt/gz_msgs_vendor:/opt/ros/jazzy/opt/gz_common_vendor:/opt/ros/jazzy/opt/gz_math_vendor:/opt/ros/jazzy/opt/gz_utils_vendor:/opt/ros/jazzy/opt/gz_tools_vendor:/opt/ros/jazzy/opt/gz_ogre_next_vendor:/opt/ros/jazzy/opt/gz_dartsim_vendor:/opt/ros/jazzy/opt/gz_cmake_vendor:/opt/ros/jazzy DEBUGINFOD_URLS=https://debuginfod.ubuntu.com LD_LIBRARY_PATH=/home/erum/U850_ws/install/xarm_controller/lib:/home/erum/U850_ws/install/xarm_api/lib:/home/erum/U850_ws/install/xarm_sdk/lib:/home/erum/U850_ws/install/xarm_msgs/lib:${LD_LIBRARY_PATH} PYTHONPATH=/home/erum/U850_ws/install/xarm_msgs/lib/python3.12/site-packages:/home/erum/U850_ws/install/uf_ros_lib/lib/python3.12/site-packages:${PYTHONPATH} /usr/bin/cmake --install /home/erum/U850_ws/build/xarm_gazebo
[14.563s] -- Install configuration: ""
[14.563s] -- Installing: /home/erum/U850_ws/install/xarm_gazebo/lib/libgazebo_mimic_joint_plugin.so
[14.565s] -- Set non-toolchain portion of runtime path of "/home/erum/U850_ws/install/xarm_gazebo/lib/libgazebo_mimic_joint_plugin.so" to ""
[14.565s] -- Installing: /home/erum/U850_ws/install/xarm_gazebo/share/xarm_gazebo//worlds
[14.566s] -- Installing: /home/erum/U850_ws/install/xarm_gazebo/share/xarm_gazebo//worlds/table.world
[14.566s] -- Installing: /home/erum/U850_ws/install/xarm_gazebo/share/xarm_gazebo//worlds/table_gz.world
[14.566s] -- Installing: /home/erum/U850_ws/install/xarm_gazebo/share/xarm_gazebo//launch
[14.567s] -- Installing: /home/erum/U850_ws/install/xarm_gazebo/share/xarm_gazebo//launch/xarm6_beside_table_gazebo.launch.py
[14.567s] -- Installing: /home/erum/U850_ws/install/xarm_gazebo/share/xarm_gazebo//launch/lite6_beside_table_gazebo.launch.py
[14.568s] -- Installing: /home/erum/U850_ws/install/xarm_gazebo/share/xarm_gazebo//launch/xarm7_beside_table_gazebo.launch.py
[14.568s] -- Installing: /home/erum/U850_ws/install/xarm_gazebo/share/xarm_gazebo//launch/_dual_robot_beside_table_gazebo.launch.py
[14.568s] -- Installing: /home/erum/U850_ws/install/xarm_gazebo/share/xarm_gazebo//launch/xarm5_beside_table_gazebo.launch.py
[14.569s] -- Installing: /home/erum/U850_ws/install/xarm_gazebo/share/xarm_gazebo//launch/_robot_beside_table_gazebo.launch.py
[14.569s] -- Installing: /home/erum/U850_ws/install/xarm_gazebo/share/xarm_gazebo//launch/uf850_beside_table_gazebo.launch.py
[14.570s] -- Installing: /home/erum/U850_ws/install/xarm_gazebo/share/xarm_gazebo//launch/xarm7_mirror_beside_table_gazebo.launch.py
[14.571s] -- Installing: /home/erum/U850_ws/install/xarm_gazebo/share/ament_index/resource_index/package_run_dependencies/xarm_gazebo
[14.571s] -- Installing: /home/erum/U850_ws/install/xarm_gazebo/share/ament_index/resource_index/parent_prefix_path/xarm_gazebo
[14.571s] -- Installing: /home/erum/U850_ws/install/xarm_gazebo/share/xarm_gazebo/environment/ament_prefix_path.sh
[14.573s] -- Installing: /home/erum/U850_ws/install/xarm_gazebo/share/xarm_gazebo/environment/ament_prefix_path.dsv
[14.574s] -- Installing: /home/erum/U850_ws/install/xarm_gazebo/share/xarm_gazebo/environment/path.sh
[14.574s] -- Installing: /home/erum/U850_ws/install/xarm_gazebo/share/xarm_gazebo/environment/path.dsv
[14.574s] -- Installing: /home/erum/U850_ws/install/xarm_gazebo/share/xarm_gazebo/local_setup.bash
[14.574s] -- Installing: /home/erum/U850_ws/install/xarm_gazebo/share/xarm_gazebo/local_setup.sh
[14.575s] -- Installing: /home/erum/U850_ws/install/xarm_gazebo/share/xarm_gazebo/local_setup.zsh
[14.575s] -- Installing: /home/erum/U850_ws/install/xarm_gazebo/share/xarm_gazebo/local_setup.dsv
[14.576s] -- Installing: /home/erum/U850_ws/install/xarm_gazebo/share/xarm_gazebo/package.dsv
[14.576s] -- Installing: /home/erum/U850_ws/install/xarm_gazebo/share/ament_index/resource_index/packages/xarm_gazebo
[14.577s] -- Installing: /home/erum/U850_ws/install/xarm_gazebo/share/xarm_gazebo/cmake/xarm_gazeboConfig.cmake
[14.577s] -- Installing: /home/erum/U850_ws/install/xarm_gazebo/share/xarm_gazebo/cmake/xarm_gazeboConfig-version.cmake
[14.578s] -- Installing: /home/erum/U850_ws/install/xarm_gazebo/share/xarm_gazebo/package.xml
[14.581s] Invoked command in '/home/erum/U850_ws/build/xarm_gazebo' returned '0': AMENT_PREFIX_PATH=/home/erum/U850_ws/install/xarm_controller:/home/erum/U850_ws/install/xarm_api:/home/erum/U850_ws/install/xarm_sdk:/home/erum/U850_ws/install/xarm_msgs:/home/erum/U850_ws/install/xarm_description:/home/erum/U850_ws/install/uf_ros_lib:${AMENT_PREFIX_PATH} CMAKE_PREFIX_PATH=/home/erum/U850_ws/install/xarm_controller:/home/erum/U850_ws/install/xarm_api:/home/erum/U850_ws/install/xarm_sdk:/home/erum/U850_ws/install/xarm_msgs:/home/erum/U850_ws/install/xarm_description:/opt/ros/jazzy/opt/gz_sim_vendor:/opt/ros/jazzy/opt/gz_sensors_vendor:/opt/ros/jazzy/opt/gz_physics_vendor:/opt/ros/jazzy/opt/sdformat_vendor:/opt/ros/jazzy/opt/gz_gui_vendor:/opt/ros/jazzy/opt/gz_transport_vendor:/opt/ros/jazzy/opt/gz_rendering_vendor:/opt/ros/jazzy/opt/gz_plugin_vendor:/opt/ros/jazzy/opt/gz_fuel_tools_vendor:/opt/ros/jazzy/opt/gz_msgs_vendor:/opt/ros/jazzy/opt/gz_common_vendor:/opt/ros/jazzy/opt/gz_math_vendor:/opt/ros/jazzy/opt/gz_utils_vendor:/opt/ros/jazzy/opt/gz_tools_vendor:/opt/ros/jazzy/opt/gz_ogre_next_vendor:/opt/ros/jazzy/opt/gz_dartsim_vendor:/opt/ros/jazzy/opt/gz_cmake_vendor:/opt/ros/jazzy DEBUGINFOD_URLS=https://debuginfod.ubuntu.com LD_LIBRARY_PATH=/home/erum/U850_ws/install/xarm_controller/lib:/home/erum/U850_ws/install/xarm_api/lib:/home/erum/U850_ws/install/xarm_sdk/lib:/home/erum/U850_ws/install/xarm_msgs/lib:${LD_LIBRARY_PATH} PYTHONPATH=/home/erum/U850_ws/install/xarm_msgs/lib/python3.12/site-packages:/home/erum/U850_ws/install/uf_ros_lib/lib/python3.12/site-packages:${PYTHONPATH} /usr/bin/cmake --install /home/erum/U850_ws/build/xarm_gazebo
