[0.173s] Invoking command in '/home/erum/U850_ws/build/xarm_api': CMAKE_PREFIX_PATH=/home/erum/U850_ws/install/xarm_sdk:/home/erum/U850_ws/install/xarm_msgs:/home/erum/U850_ws/install/xarm_description:/home/erum/U850_ws/install/xarm_planner:/home/erum/U850_ws/install/xarm_moveit_servo:/home/erum/U850_ws/install/xarm_moveit_config:/home/erum/U850_ws/install/xarm_gazebo:/home/erum/U850_ws/install/xarm_controller:/home/erum/U850_ws/install/xarm_api:/home/erum/U850_ws/install/mbot_demo:/home/erum/U850_ws/install/realsense_gazebo_plugin:/opt/ros/jazzy/opt/gz_sim_vendor:/opt/ros/jazzy/opt/gz_sensors_vendor:/opt/ros/jazzy/opt/gz_physics_vendor:/opt/ros/jazzy/opt/sdformat_vendor:/opt/ros/jazzy/opt/gz_gui_vendor:/opt/ros/jazzy/opt/gz_transport_vendor:/opt/ros/jazzy/opt/gz_rendering_vendor:/opt/ros/jazzy/opt/gz_plugin_vendor:/opt/ros/jazzy/opt/gz_fuel_tools_vendor:/opt/ros/jazzy/opt/gz_msgs_vendor:/opt/ros/jazzy/opt/gz_common_vendor:/opt/ros/jazzy/opt/gz_math_vendor:/opt/ros/jazzy/opt/gz_utils_vendor:/opt/ros/jazzy/opt/gz_tools_vendor:/opt/ros/jazzy/opt/gz_ogre_next_vendor:/opt/ros/jazzy/opt/gz_dartsim_vendor:/opt/ros/jazzy/opt/gz_cmake_vendor:/home/erum/U850_ws/install/uf850_ttt:/home/erum/U850_ws/install/uf_ros_lib:/opt/ros/jazzy DEBUGINFOD_URLS=https://debuginfod.ubuntu.com LD_LIBRARY_PATH=/home/erum/U850_ws/install/xarm_sdk/lib:/home/erum/U850_ws/install/xarm_msgs/lib:/home/erum/U850_ws/install/xarm_planner/lib:/home/erum/U850_ws/install/xarm_moveit_servo/lib:/home/erum/U850_ws/install/xarm_gazebo/lib:/home/erum/U850_ws/install/xarm_controller/lib:/home/erum/U850_ws/install/xarm_api/lib:/home/erum/U850_ws/install/realsense_gazebo_plugin/lib:/opt/ros/jazzy/opt/gz_sim_vendor/lib:/opt/ros/jazzy/opt/gz_sensors_vendor/lib:/opt/ros/jazzy/opt/gz_physics_vendor/lib:/opt/ros/jazzy/opt/sdformat_vendor/lib:/opt/ros/jazzy/opt/rviz_ogre_vendor/lib:/opt/ros/jazzy/lib/x86_64-linux-gnu:/opt/ros/jazzy/opt/gz_gui_vendor/lib:/opt/ros/jazzy/opt/gz_transport_vendor/lib:/opt/ros/jazzy/opt/gz_rendering_vendor/lib:/opt/ros/jazzy/opt/gz_plugin_vendor/lib:/opt/ros/jazzy/opt/gz_fuel_tools_vendor/lib:/opt/ros/jazzy/opt/gz_msgs_vendor/lib:/opt/ros/jazzy/opt/gz_common_vendor/lib:/opt/ros/jazzy/opt/gz_math_vendor/lib:/opt/ros/jazzy/opt/gz_utils_vendor/lib:/opt/ros/jazzy/opt/gz_tools_vendor/lib:/opt/ros/jazzy/opt/gz_ogre_next_vendor/lib:/opt/ros/jazzy/opt/gz_dartsim_vendor/lib:/opt/ros/jazzy/opt/gz_cmake_vendor/lib:/opt/ros/jazzy/lib PYTHONPATH=/home/erum/U850_ws/install/xarm_msgs/lib/python3.12/site-packages:/home/erum/U850_ws/install/uf850_ttt/lib/python3.12/site-packages:/home/erum/U850_ws/install/uf_ros_lib/lib/python3.12/site-packages:/opt/ros/jazzy/lib/python3.12/site-packages /usr/bin/cmake --build /home/erum/U850_ws/build/xarm_api -- -j2 -l2
[0.782s] [ 23%] Built target xarm_ros_driver
[0.855s] [ 38%] Built target xarm_ros_client
[0.936s] [ 53%] Built target test_robot_states
[1.134s] [ 69%] Built target xarm_driver_node
[1.218s] [ 84%] Built target test_xarm_ros_client
[1.395s] [100%] Built target test_xarm_velo_move
[1.442s] Invoked command in '/home/erum/U850_ws/build/xarm_api' returned '0': CMAKE_PREFIX_PATH=/home/erum/U850_ws/install/xarm_sdk:/home/erum/U850_ws/install/xarm_msgs:/home/erum/U850_ws/install/xarm_description:/home/erum/U850_ws/install/xarm_planner:/home/erum/U850_ws/install/xarm_moveit_servo:/home/erum/U850_ws/install/xarm_moveit_config:/home/erum/U850_ws/install/xarm_gazebo:/home/erum/U850_ws/install/xarm_controller:/home/erum/U850_ws/install/xarm_api:/home/erum/U850_ws/install/mbot_demo:/home/erum/U850_ws/install/realsense_gazebo_plugin:/opt/ros/jazzy/opt/gz_sim_vendor:/opt/ros/jazzy/opt/gz_sensors_vendor:/opt/ros/jazzy/opt/gz_physics_vendor:/opt/ros/jazzy/opt/sdformat_vendor:/opt/ros/jazzy/opt/gz_gui_vendor:/opt/ros/jazzy/opt/gz_transport_vendor:/opt/ros/jazzy/opt/gz_rendering_vendor:/opt/ros/jazzy/opt/gz_plugin_vendor:/opt/ros/jazzy/opt/gz_fuel_tools_vendor:/opt/ros/jazzy/opt/gz_msgs_vendor:/opt/ros/jazzy/opt/gz_common_vendor:/opt/ros/jazzy/opt/gz_math_vendor:/opt/ros/jazzy/opt/gz_utils_vendor:/opt/ros/jazzy/opt/gz_tools_vendor:/opt/ros/jazzy/opt/gz_ogre_next_vendor:/opt/ros/jazzy/opt/gz_dartsim_vendor:/opt/ros/jazzy/opt/gz_cmake_vendor:/home/erum/U850_ws/install/uf850_ttt:/home/erum/U850_ws/install/uf_ros_lib:/opt/ros/jazzy DEBUGINFOD_URLS=https://debuginfod.ubuntu.com LD_LIBRARY_PATH=/home/erum/U850_ws/install/xarm_sdk/lib:/home/erum/U850_ws/install/xarm_msgs/lib:/home/erum/U850_ws/install/xarm_planner/lib:/home/erum/U850_ws/install/xarm_moveit_servo/lib:/home/erum/U850_ws/install/xarm_gazebo/lib:/home/erum/U850_ws/install/xarm_controller/lib:/home/erum/U850_ws/install/xarm_api/lib:/home/erum/U850_ws/install/realsense_gazebo_plugin/lib:/opt/ros/jazzy/opt/gz_sim_vendor/lib:/opt/ros/jazzy/opt/gz_sensors_vendor/lib:/opt/ros/jazzy/opt/gz_physics_vendor/lib:/opt/ros/jazzy/opt/sdformat_vendor/lib:/opt/ros/jazzy/opt/rviz_ogre_vendor/lib:/opt/ros/jazzy/lib/x86_64-linux-gnu:/opt/ros/jazzy/opt/gz_gui_vendor/lib:/opt/ros/jazzy/opt/gz_transport_vendor/lib:/opt/ros/jazzy/opt/gz_rendering_vendor/lib:/opt/ros/jazzy/opt/gz_plugin_vendor/lib:/opt/ros/jazzy/opt/gz_fuel_tools_vendor/lib:/opt/ros/jazzy/opt/gz_msgs_vendor/lib:/opt/ros/jazzy/opt/gz_common_vendor/lib:/opt/ros/jazzy/opt/gz_math_vendor/lib:/opt/ros/jazzy/opt/gz_utils_vendor/lib:/opt/ros/jazzy/opt/gz_tools_vendor/lib:/opt/ros/jazzy/opt/gz_ogre_next_vendor/lib:/opt/ros/jazzy/opt/gz_dartsim_vendor/lib:/opt/ros/jazzy/opt/gz_cmake_vendor/lib:/opt/ros/jazzy/lib PYTHONPATH=/home/erum/U850_ws/install/xarm_msgs/lib/python3.12/site-packages:/home/erum/U850_ws/install/uf850_ttt/lib/python3.12/site-packages:/home/erum/U850_ws/install/uf_ros_lib/lib/python3.12/site-packages:/opt/ros/jazzy/lib/python3.12/site-packages /usr/bin/cmake --build /home/erum/U850_ws/build/xarm_api -- -j2 -l2
[1.443s] Invoking command in '/home/erum/U850_ws/build/xarm_api': CMAKE_PREFIX_PATH=/home/erum/U850_ws/install/xarm_sdk:/home/erum/U850_ws/install/xarm_msgs:/home/erum/U850_ws/install/xarm_description:/home/erum/U850_ws/install/xarm_planner:/home/erum/U850_ws/install/xarm_moveit_servo:/home/erum/U850_ws/install/xarm_moveit_config:/home/erum/U850_ws/install/xarm_gazebo:/home/erum/U850_ws/install/xarm_controller:/home/erum/U850_ws/install/xarm_api:/home/erum/U850_ws/install/mbot_demo:/home/erum/U850_ws/install/realsense_gazebo_plugin:/opt/ros/jazzy/opt/gz_sim_vendor:/opt/ros/jazzy/opt/gz_sensors_vendor:/opt/ros/jazzy/opt/gz_physics_vendor:/opt/ros/jazzy/opt/sdformat_vendor:/opt/ros/jazzy/opt/gz_gui_vendor:/opt/ros/jazzy/opt/gz_transport_vendor:/opt/ros/jazzy/opt/gz_rendering_vendor:/opt/ros/jazzy/opt/gz_plugin_vendor:/opt/ros/jazzy/opt/gz_fuel_tools_vendor:/opt/ros/jazzy/opt/gz_msgs_vendor:/opt/ros/jazzy/opt/gz_common_vendor:/opt/ros/jazzy/opt/gz_math_vendor:/opt/ros/jazzy/opt/gz_utils_vendor:/opt/ros/jazzy/opt/gz_tools_vendor:/opt/ros/jazzy/opt/gz_ogre_next_vendor:/opt/ros/jazzy/opt/gz_dartsim_vendor:/opt/ros/jazzy/opt/gz_cmake_vendor:/home/erum/U850_ws/install/uf850_ttt:/home/erum/U850_ws/install/uf_ros_lib:/opt/ros/jazzy DEBUGINFOD_URLS=https://debuginfod.ubuntu.com LD_LIBRARY_PATH=/home/erum/U850_ws/install/xarm_sdk/lib:/home/erum/U850_ws/install/xarm_msgs/lib:/home/erum/U850_ws/install/xarm_planner/lib:/home/erum/U850_ws/install/xarm_moveit_servo/lib:/home/erum/U850_ws/install/xarm_gazebo/lib:/home/erum/U850_ws/install/xarm_controller/lib:/home/erum/U850_ws/install/xarm_api/lib:/home/erum/U850_ws/install/realsense_gazebo_plugin/lib:/opt/ros/jazzy/opt/gz_sim_vendor/lib:/opt/ros/jazzy/opt/gz_sensors_vendor/lib:/opt/ros/jazzy/opt/gz_physics_vendor/lib:/opt/ros/jazzy/opt/sdformat_vendor/lib:/opt/ros/jazzy/opt/rviz_ogre_vendor/lib:/opt/ros/jazzy/lib/x86_64-linux-gnu:/opt/ros/jazzy/opt/gz_gui_vendor/lib:/opt/ros/jazzy/opt/gz_transport_vendor/lib:/opt/ros/jazzy/opt/gz_rendering_vendor/lib:/opt/ros/jazzy/opt/gz_plugin_vendor/lib:/opt/ros/jazzy/opt/gz_fuel_tools_vendor/lib:/opt/ros/jazzy/opt/gz_msgs_vendor/lib:/opt/ros/jazzy/opt/gz_common_vendor/lib:/opt/ros/jazzy/opt/gz_math_vendor/lib:/opt/ros/jazzy/opt/gz_utils_vendor/lib:/opt/ros/jazzy/opt/gz_tools_vendor/lib:/opt/ros/jazzy/opt/gz_ogre_next_vendor/lib:/opt/ros/jazzy/opt/gz_dartsim_vendor/lib:/opt/ros/jazzy/opt/gz_cmake_vendor/lib:/opt/ros/jazzy/lib PYTHONPATH=/home/erum/U850_ws/install/xarm_msgs/lib/python3.12/site-packages:/home/erum/U850_ws/install/uf850_ttt/lib/python3.12/site-packages:/home/erum/U850_ws/install/uf_ros_lib/lib/python3.12/site-packages:/opt/ros/jazzy/lib/python3.12/site-packages /usr/bin/cmake --install /home/erum/U850_ws/build/xarm_api
[1.472s] -- Install configuration: ""
[1.472s] -- Up-to-date: /home/erum/U850_ws/install/xarm_api/share/xarm_api/environment/library_path.sh
[1.472s] -- Up-to-date: /home/erum/U850_ws/install/xarm_api/share/xarm_api/environment/library_path.dsv
[1.472s] -- Up-to-date: /home/erum/U850_ws/install/xarm_api/include
[1.476s] -- Up-to-date: /home/erum/U850_ws/install/xarm_api/include/xarm_api
[1.494s] -- Up-to-date: /home/erum/U850_ws/install/xarm_api/include/xarm_api/xarm_driver.h
[1.494s] -- Up-to-date: /home/erum/U850_ws/install/xarm_api/include/xarm_api/xarm_msgs.h
[1.494s] -- Up-to-date: /home/erum/U850_ws/install/xarm_api/include/xarm_api/visibility_control.h
[1.494s] -- Up-to-date: /home/erum/U850_ws/install/xarm_api/include/xarm_api/xarm_ros_client.h
[1.496s] -- Up-to-date: /home/erum/U850_ws/install/xarm_api/lib/libxarm_ros_driver.so
[1.500s] -- Up-to-date: /home/erum/U850_ws/install/xarm_api/lib/libxarm_ros_client.so
[1.504s] -- Up-to-date: /home/erum/U850_ws/install/xarm_api/lib/xarm_api/xarm_driver_node
[1.509s] -- Up-to-date: /home/erum/U850_ws/install/xarm_api/lib/xarm_api/test_xarm_ros_client
[1.511s] -- Up-to-date: /home/erum/U850_ws/install/xarm_api/lib/xarm_api/test_xarm_velo_move
[1.521s] -- Up-to-date: /home/erum/U850_ws/install/xarm_api/lib/xarm_api/test_robot_states
[1.521s] -- Up-to-date: /home/erum/U850_ws/install/xarm_api/share/xarm_api//launch
[1.524s] -- Up-to-date: /home/erum/U850_ws/install/xarm_api/share/xarm_api//launch/lite6_driver.launch.py
[1.524s] -- Up-to-date: /home/erum/U850_ws/install/xarm_api/share/xarm_api//launch/_robot_driver.launch.py
[1.524s] -- Up-to-date: /home/erum/U850_ws/install/xarm_api/share/xarm_api//launch/xarm7_driver.launch.py
[1.524s] -- Up-to-date: /home/erum/U850_ws/install/xarm_api/share/xarm_api//launch/uf850_driver.launch.py
[1.524s] -- Up-to-date: /home/erum/U850_ws/install/xarm_api/share/xarm_api//launch/xarm6_driver.launch.py
[1.525s] -- Up-to-date: /home/erum/U850_ws/install/xarm_api/share/xarm_api//launch/xarm5_driver.launch.py
[1.525s] -- Up-to-date: /home/erum/U850_ws/install/xarm_api/share/xarm_api//launch/lib
[1.525s] -- Up-to-date: /home/erum/U850_ws/install/xarm_api/share/xarm_api//launch/lib/robot_api_lib.py
[1.532s] -- Up-to-date: /home/erum/U850_ws/install/xarm_api/share/xarm_api//config
[1.532s] -- Up-to-date: /home/erum/U850_ws/install/xarm_api/share/xarm_api//config/xarm_params.yaml
[1.532s] -- Up-to-date: /home/erum/U850_ws/install/xarm_api/share/ament_index/resource_index/package_run_dependencies/xarm_api
[1.532s] -- Up-to-date: /home/erum/U850_ws/install/xarm_api/share/ament_index/resource_index/parent_prefix_path/xarm_api
[1.532s] -- Up-to-date: /home/erum/U850_ws/install/xarm_api/share/xarm_api/environment/ament_prefix_path.sh
[1.532s] -- Up-to-date: /home/erum/U850_ws/install/xarm_api/share/xarm_api/environment/ament_prefix_path.dsv
[1.532s] -- Up-to-date: /home/erum/U850_ws/install/xarm_api/share/xarm_api/environment/path.sh
[1.533s] -- Up-to-date: /home/erum/U850_ws/install/xarm_api/share/xarm_api/environment/path.dsv
[1.533s] -- Up-to-date: /home/erum/U850_ws/install/xarm_api/share/xarm_api/local_setup.bash
[1.533s] -- Up-to-date: /home/erum/U850_ws/install/xarm_api/share/xarm_api/local_setup.sh
[1.533s] -- Up-to-date: /home/erum/U850_ws/install/xarm_api/share/xarm_api/local_setup.zsh
[1.541s] -- Up-to-date: /home/erum/U850_ws/install/xarm_api/share/xarm_api/local_setup.dsv
[1.542s] -- Installing: /home/erum/U850_ws/install/xarm_api/share/xarm_api/package.dsv
[1.545s] -- Up-to-date: /home/erum/U850_ws/install/xarm_api/share/ament_index/resource_index/packages/xarm_api
[1.545s] -- Up-to-date: /home/erum/U850_ws/install/xarm_api/share/xarm_api/cmake/ament_cmake_export_libraries-extras.cmake
[1.545s] -- Up-to-date: /home/erum/U850_ws/install/xarm_api/share/xarm_api/cmake/ament_cmake_export_include_directories-extras.cmake
[1.546s] -- Up-to-date: /home/erum/U850_ws/install/xarm_api/share/xarm_api/cmake/xarm_apiConfig.cmake
[1.548s] -- Up-to-date: /home/erum/U850_ws/install/xarm_api/share/xarm_api/cmake/xarm_apiConfig-version.cmake
[1.548s] -- Up-to-date: /home/erum/U850_ws/install/xarm_api/share/xarm_api/package.xml
[1.557s] Invoked command in '/home/erum/U850_ws/build/xarm_api' returned '0': CMAKE_PREFIX_PATH=/home/erum/U850_ws/install/xarm_sdk:/home/erum/U850_ws/install/xarm_msgs:/home/erum/U850_ws/install/xarm_description:/home/erum/U850_ws/install/xarm_planner:/home/erum/U850_ws/install/xarm_moveit_servo:/home/erum/U850_ws/install/xarm_moveit_config:/home/erum/U850_ws/install/xarm_gazebo:/home/erum/U850_ws/install/xarm_controller:/home/erum/U850_ws/install/xarm_api:/home/erum/U850_ws/install/mbot_demo:/home/erum/U850_ws/install/realsense_gazebo_plugin:/opt/ros/jazzy/opt/gz_sim_vendor:/opt/ros/jazzy/opt/gz_sensors_vendor:/opt/ros/jazzy/opt/gz_physics_vendor:/opt/ros/jazzy/opt/sdformat_vendor:/opt/ros/jazzy/opt/gz_gui_vendor:/opt/ros/jazzy/opt/gz_transport_vendor:/opt/ros/jazzy/opt/gz_rendering_vendor:/opt/ros/jazzy/opt/gz_plugin_vendor:/opt/ros/jazzy/opt/gz_fuel_tools_vendor:/opt/ros/jazzy/opt/gz_msgs_vendor:/opt/ros/jazzy/opt/gz_common_vendor:/opt/ros/jazzy/opt/gz_math_vendor:/opt/ros/jazzy/opt/gz_utils_vendor:/opt/ros/jazzy/opt/gz_tools_vendor:/opt/ros/jazzy/opt/gz_ogre_next_vendor:/opt/ros/jazzy/opt/gz_dartsim_vendor:/opt/ros/jazzy/opt/gz_cmake_vendor:/home/erum/U850_ws/install/uf850_ttt:/home/erum/U850_ws/install/uf_ros_lib:/opt/ros/jazzy DEBUGINFOD_URLS=https://debuginfod.ubuntu.com LD_LIBRARY_PATH=/home/erum/U850_ws/install/xarm_sdk/lib:/home/erum/U850_ws/install/xarm_msgs/lib:/home/erum/U850_ws/install/xarm_planner/lib:/home/erum/U850_ws/install/xarm_moveit_servo/lib:/home/erum/U850_ws/install/xarm_gazebo/lib:/home/erum/U850_ws/install/xarm_controller/lib:/home/erum/U850_ws/install/xarm_api/lib:/home/erum/U850_ws/install/realsense_gazebo_plugin/lib:/opt/ros/jazzy/opt/gz_sim_vendor/lib:/opt/ros/jazzy/opt/gz_sensors_vendor/lib:/opt/ros/jazzy/opt/gz_physics_vendor/lib:/opt/ros/jazzy/opt/sdformat_vendor/lib:/opt/ros/jazzy/opt/rviz_ogre_vendor/lib:/opt/ros/jazzy/lib/x86_64-linux-gnu:/opt/ros/jazzy/opt/gz_gui_vendor/lib:/opt/ros/jazzy/opt/gz_transport_vendor/lib:/opt/ros/jazzy/opt/gz_rendering_vendor/lib:/opt/ros/jazzy/opt/gz_plugin_vendor/lib:/opt/ros/jazzy/opt/gz_fuel_tools_vendor/lib:/opt/ros/jazzy/opt/gz_msgs_vendor/lib:/opt/ros/jazzy/opt/gz_common_vendor/lib:/opt/ros/jazzy/opt/gz_math_vendor/lib:/opt/ros/jazzy/opt/gz_utils_vendor/lib:/opt/ros/jazzy/opt/gz_tools_vendor/lib:/opt/ros/jazzy/opt/gz_ogre_next_vendor/lib:/opt/ros/jazzy/opt/gz_dartsim_vendor/lib:/opt/ros/jazzy/opt/gz_cmake_vendor/lib:/opt/ros/jazzy/lib PYTHONPATH=/home/erum/U850_ws/install/xarm_msgs/lib/python3.12/site-packages:/home/erum/U850_ws/install/uf850_ttt/lib/python3.12/site-packages:/home/erum/U850_ws/install/uf_ros_lib/lib/python3.12/site-packages:/opt/ros/jazzy/lib/python3.12/site-packages /usr/bin/cmake --install /home/erum/U850_ws/build/xarm_api
