[0.242s] Invoking command in '/home/erum/U850_ws/build/xarm_planner': AMENT_PREFIX_PATH=/home/erum/U850_ws/install/uf_ros_lib:/home/erum/U850_ws/install/xarm_planner:/home/erum/U850_ws/install/xarm_moveit_servo:/home/erum/U850_ws/install/uf850_ttt:/home/erum/U850_ws/install/xarm_moveit_config:/home/erum/U850_ws/install/xarm_gazebo:/home/erum/U850_ws/install/xarm_controller:/home/erum/U850_ws/install/xarm_api:/home/erum/U850_ws/install/xarm_sdk:/home/erum/U850_ws/install/xarm_msgs:/home/erum/U850_ws/install/xarm_description:/home/erum/U850_ws/install/mbot_demo:/home/erum/U850_ws/install/realsense_gazebo_plugin:/opt/ros/jazzy CMAKE_PREFIX_PATH=/home/erum/U850_ws/install/xarm_moveit_config:/home/erum/U850_ws/install/xarm_gazebo:/home/erum/U850_ws/install/xarm_controller:/home/erum/U850_ws/install/xarm_api:/home/erum/U850_ws/install/xarm_sdk:/home/erum/U850_ws/install/xarm_msgs:/home/erum/U850_ws/install/xarm_description:/home/erum/U850_ws/install/xarm_planner:/home/erum/U850_ws/install/xarm_moveit_servo:/home/erum/U850_ws/install/mbot_demo:/home/erum/U850_ws/install/realsense_gazebo_plugin:/opt/ros/jazzy/opt/gz_sim_vendor:/opt/ros/jazzy/opt/gz_sensors_vendor:/opt/ros/jazzy/opt/gz_physics_vendor:/opt/ros/jazzy/opt/sdformat_vendor:/opt/ros/jazzy/opt/gz_gui_vendor:/opt/ros/jazzy/opt/gz_transport_vendor:/opt/ros/jazzy/opt/gz_rendering_vendor:/opt/ros/jazzy/opt/gz_plugin_vendor:/opt/ros/jazzy/opt/gz_fuel_tools_vendor:/opt/ros/jazzy/opt/gz_msgs_vendor:/opt/ros/jazzy/opt/gz_common_vendor:/opt/ros/jazzy/opt/gz_math_vendor:/opt/ros/jazzy/opt/gz_utils_vendor:/opt/ros/jazzy/opt/gz_tools_vendor:/opt/ros/jazzy/opt/gz_ogre_next_vendor:/opt/ros/jazzy/opt/gz_dartsim_vendor:/opt/ros/jazzy/opt/gz_cmake_vendor:/home/erum/U850_ws/install/uf850_ttt:/home/erum/U850_ws/install/uf_ros_lib:/opt/ros/jazzy DEBUGINFOD_URLS=https://debuginfod.ubuntu.com LD_LIBRARY_PATH=/home/erum/U850_ws/install/xarm_gazebo/lib:/home/erum/U850_ws/install/xarm_controller/lib:/home/erum/U850_ws/install/xarm_api/lib:/home/erum/U850_ws/install/xarm_sdk/lib:/home/erum/U850_ws/install/xarm_msgs/lib:/home/erum/U850_ws/install/xarm_planner/lib:/home/erum/U850_ws/install/xarm_moveit_servo/lib:/home/erum/U850_ws/install/realsense_gazebo_plugin/lib:/opt/ros/jazzy/opt/gz_sim_vendor/lib:/opt/ros/jazzy/opt/gz_sensors_vendor/lib:/opt/ros/jazzy/opt/gz_physics_vendor/lib:/opt/ros/jazzy/opt/sdformat_vendor/lib:/opt/ros/jazzy/opt/rviz_ogre_vendor/lib:/opt/ros/jazzy/lib/x86_64-linux-gnu:/opt/ros/jazzy/opt/gz_gui_vendor/lib:/opt/ros/jazzy/opt/gz_transport_vendor/lib:/opt/ros/jazzy/opt/gz_rendering_vendor/lib:/opt/ros/jazzy/opt/gz_plugin_vendor/lib:/opt/ros/jazzy/opt/gz_fuel_tools_vendor/lib:/opt/ros/jazzy/opt/gz_msgs_vendor/lib:/opt/ros/jazzy/opt/gz_common_vendor/lib:/opt/ros/jazzy/opt/gz_math_vendor/lib:/opt/ros/jazzy/opt/gz_utils_vendor/lib:/opt/ros/jazzy/opt/gz_tools_vendor/lib:/opt/ros/jazzy/opt/gz_ogre_next_vendor/lib:/opt/ros/jazzy/opt/gz_dartsim_vendor/lib:/opt/ros/jazzy/opt/gz_cmake_vendor/lib:/opt/ros/jazzy/lib PYTHONPATH=/home/erum/U850_ws/install/xarm_msgs/lib/python3.12/site-packages:/home/erum/U850_ws/install/uf_ros_lib/lib/python3.12/site-packages:/home/erum/U850_ws/install/uf850_ttt/lib/python3.12/site-packages:/opt/ros/jazzy/lib/python3.12/site-packages /usr/bin/cmake --build /home/erum/U850_ws/build/xarm_planner -- -j2 -l2
[0.885s] [  9%] Built target xarm_planner
[1.015s] [ 18%] Built target test_xarm_planner_client_joint
[1.093s] [ 27%] Built target test_xarm_planner_client_pose
[1.160s] [ 36%] Built target test_xarm_gripper_planner_client_joint
[1.207s] [ 45%] Built target test_lite_gripper_realmove
[1.274s] [ 54%] Built target xarm_planner_node
[1.336s] [ 63%] Built target xarm_gripper_planner_node
[1.399s] [ 72%] Built target test_xarm_planner_api_joint
[1.467s] [ 81%] Built target test_dual_xarm_planner_api_joint
[1.520s] [ 90%] Built target test_xarm_planner_api_pose
[1.580s] [100%] Built target test_xarm_gripper_planner_api_joint
[1.602s] Invoked command in '/home/erum/U850_ws/build/xarm_planner' returned '0': AMENT_PREFIX_PATH=/home/erum/U850_ws/install/uf_ros_lib:/home/erum/U850_ws/install/xarm_planner:/home/erum/U850_ws/install/xarm_moveit_servo:/home/erum/U850_ws/install/uf850_ttt:/home/erum/U850_ws/install/xarm_moveit_config:/home/erum/U850_ws/install/xarm_gazebo:/home/erum/U850_ws/install/xarm_controller:/home/erum/U850_ws/install/xarm_api:/home/erum/U850_ws/install/xarm_sdk:/home/erum/U850_ws/install/xarm_msgs:/home/erum/U850_ws/install/xarm_description:/home/erum/U850_ws/install/mbot_demo:/home/erum/U850_ws/install/realsense_gazebo_plugin:/opt/ros/jazzy CMAKE_PREFIX_PATH=/home/erum/U850_ws/install/xarm_moveit_config:/home/erum/U850_ws/install/xarm_gazebo:/home/erum/U850_ws/install/xarm_controller:/home/erum/U850_ws/install/xarm_api:/home/erum/U850_ws/install/xarm_sdk:/home/erum/U850_ws/install/xarm_msgs:/home/erum/U850_ws/install/xarm_description:/home/erum/U850_ws/install/xarm_planner:/home/erum/U850_ws/install/xarm_moveit_servo:/home/erum/U850_ws/install/mbot_demo:/home/erum/U850_ws/install/realsense_gazebo_plugin:/opt/ros/jazzy/opt/gz_sim_vendor:/opt/ros/jazzy/opt/gz_sensors_vendor:/opt/ros/jazzy/opt/gz_physics_vendor:/opt/ros/jazzy/opt/sdformat_vendor:/opt/ros/jazzy/opt/gz_gui_vendor:/opt/ros/jazzy/opt/gz_transport_vendor:/opt/ros/jazzy/opt/gz_rendering_vendor:/opt/ros/jazzy/opt/gz_plugin_vendor:/opt/ros/jazzy/opt/gz_fuel_tools_vendor:/opt/ros/jazzy/opt/gz_msgs_vendor:/opt/ros/jazzy/opt/gz_common_vendor:/opt/ros/jazzy/opt/gz_math_vendor:/opt/ros/jazzy/opt/gz_utils_vendor:/opt/ros/jazzy/opt/gz_tools_vendor:/opt/ros/jazzy/opt/gz_ogre_next_vendor:/opt/ros/jazzy/opt/gz_dartsim_vendor:/opt/ros/jazzy/opt/gz_cmake_vendor:/home/erum/U850_ws/install/uf850_ttt:/home/erum/U850_ws/install/uf_ros_lib:/opt/ros/jazzy DEBUGINFOD_URLS=https://debuginfod.ubuntu.com LD_LIBRARY_PATH=/home/erum/U850_ws/install/xarm_gazebo/lib:/home/erum/U850_ws/install/xarm_controller/lib:/home/erum/U850_ws/install/xarm_api/lib:/home/erum/U850_ws/install/xarm_sdk/lib:/home/erum/U850_ws/install/xarm_msgs/lib:/home/erum/U850_ws/install/xarm_planner/lib:/home/erum/U850_ws/install/xarm_moveit_servo/lib:/home/erum/U850_ws/install/realsense_gazebo_plugin/lib:/opt/ros/jazzy/opt/gz_sim_vendor/lib:/opt/ros/jazzy/opt/gz_sensors_vendor/lib:/opt/ros/jazzy/opt/gz_physics_vendor/lib:/opt/ros/jazzy/opt/sdformat_vendor/lib:/opt/ros/jazzy/opt/rviz_ogre_vendor/lib:/opt/ros/jazzy/lib/x86_64-linux-gnu:/opt/ros/jazzy/opt/gz_gui_vendor/lib:/opt/ros/jazzy/opt/gz_transport_vendor/lib:/opt/ros/jazzy/opt/gz_rendering_vendor/lib:/opt/ros/jazzy/opt/gz_plugin_vendor/lib:/opt/ros/jazzy/opt/gz_fuel_tools_vendor/lib:/opt/ros/jazzy/opt/gz_msgs_vendor/lib:/opt/ros/jazzy/opt/gz_common_vendor/lib:/opt/ros/jazzy/opt/gz_math_vendor/lib:/opt/ros/jazzy/opt/gz_utils_vendor/lib:/opt/ros/jazzy/opt/gz_tools_vendor/lib:/opt/ros/jazzy/opt/gz_ogre_next_vendor/lib:/opt/ros/jazzy/opt/gz_dartsim_vendor/lib:/opt/ros/jazzy/opt/gz_cmake_vendor/lib:/opt/ros/jazzy/lib PYTHONPATH=/home/erum/U850_ws/install/xarm_msgs/lib/python3.12/site-packages:/home/erum/U850_ws/install/uf_ros_lib/lib/python3.12/site-packages:/home/erum/U850_ws/install/uf850_ttt/lib/python3.12/site-packages:/opt/ros/jazzy/lib/python3.12/site-packages /usr/bin/cmake --build /home/erum/U850_ws/build/xarm_planner -- -j2 -l2
[1.608s] Invoking command in '/home/erum/U850_ws/build/xarm_planner': AMENT_PREFIX_PATH=/home/erum/U850_ws/install/uf_ros_lib:/home/erum/U850_ws/install/xarm_planner:/home/erum/U850_ws/install/xarm_moveit_servo:/home/erum/U850_ws/install/uf850_ttt:/home/erum/U850_ws/install/xarm_moveit_config:/home/erum/U850_ws/install/xarm_gazebo:/home/erum/U850_ws/install/xarm_controller:/home/erum/U850_ws/install/xarm_api:/home/erum/U850_ws/install/xarm_sdk:/home/erum/U850_ws/install/xarm_msgs:/home/erum/U850_ws/install/xarm_description:/home/erum/U850_ws/install/mbot_demo:/home/erum/U850_ws/install/realsense_gazebo_plugin:/opt/ros/jazzy CMAKE_PREFIX_PATH=/home/erum/U850_ws/install/xarm_moveit_config:/home/erum/U850_ws/install/xarm_gazebo:/home/erum/U850_ws/install/xarm_controller:/home/erum/U850_ws/install/xarm_api:/home/erum/U850_ws/install/xarm_sdk:/home/erum/U850_ws/install/xarm_msgs:/home/erum/U850_ws/install/xarm_description:/home/erum/U850_ws/install/xarm_planner:/home/erum/U850_ws/install/xarm_moveit_servo:/home/erum/U850_ws/install/mbot_demo:/home/erum/U850_ws/install/realsense_gazebo_plugin:/opt/ros/jazzy/opt/gz_sim_vendor:/opt/ros/jazzy/opt/gz_sensors_vendor:/opt/ros/jazzy/opt/gz_physics_vendor:/opt/ros/jazzy/opt/sdformat_vendor:/opt/ros/jazzy/opt/gz_gui_vendor:/opt/ros/jazzy/opt/gz_transport_vendor:/opt/ros/jazzy/opt/gz_rendering_vendor:/opt/ros/jazzy/opt/gz_plugin_vendor:/opt/ros/jazzy/opt/gz_fuel_tools_vendor:/opt/ros/jazzy/opt/gz_msgs_vendor:/opt/ros/jazzy/opt/gz_common_vendor:/opt/ros/jazzy/opt/gz_math_vendor:/opt/ros/jazzy/opt/gz_utils_vendor:/opt/ros/jazzy/opt/gz_tools_vendor:/opt/ros/jazzy/opt/gz_ogre_next_vendor:/opt/ros/jazzy/opt/gz_dartsim_vendor:/opt/ros/jazzy/opt/gz_cmake_vendor:/home/erum/U850_ws/install/uf850_ttt:/home/erum/U850_ws/install/uf_ros_lib:/opt/ros/jazzy DEBUGINFOD_URLS=https://debuginfod.ubuntu.com LD_LIBRARY_PATH=/home/erum/U850_ws/install/xarm_gazebo/lib:/home/erum/U850_ws/install/xarm_controller/lib:/home/erum/U850_ws/install/xarm_api/lib:/home/erum/U850_ws/install/xarm_sdk/lib:/home/erum/U850_ws/install/xarm_msgs/lib:/home/erum/U850_ws/install/xarm_planner/lib:/home/erum/U850_ws/install/xarm_moveit_servo/lib:/home/erum/U850_ws/install/realsense_gazebo_plugin/lib:/opt/ros/jazzy/opt/gz_sim_vendor/lib:/opt/ros/jazzy/opt/gz_sensors_vendor/lib:/opt/ros/jazzy/opt/gz_physics_vendor/lib:/opt/ros/jazzy/opt/sdformat_vendor/lib:/opt/ros/jazzy/opt/rviz_ogre_vendor/lib:/opt/ros/jazzy/lib/x86_64-linux-gnu:/opt/ros/jazzy/opt/gz_gui_vendor/lib:/opt/ros/jazzy/opt/gz_transport_vendor/lib:/opt/ros/jazzy/opt/gz_rendering_vendor/lib:/opt/ros/jazzy/opt/gz_plugin_vendor/lib:/opt/ros/jazzy/opt/gz_fuel_tools_vendor/lib:/opt/ros/jazzy/opt/gz_msgs_vendor/lib:/opt/ros/jazzy/opt/gz_common_vendor/lib:/opt/ros/jazzy/opt/gz_math_vendor/lib:/opt/ros/jazzy/opt/gz_utils_vendor/lib:/opt/ros/jazzy/opt/gz_tools_vendor/lib:/opt/ros/jazzy/opt/gz_ogre_next_vendor/lib:/opt/ros/jazzy/opt/gz_dartsim_vendor/lib:/opt/ros/jazzy/opt/gz_cmake_vendor/lib:/opt/ros/jazzy/lib PYTHONPATH=/home/erum/U850_ws/install/xarm_msgs/lib/python3.12/site-packages:/home/erum/U850_ws/install/uf_ros_lib/lib/python3.12/site-packages:/home/erum/U850_ws/install/uf850_ttt/lib/python3.12/site-packages:/opt/ros/jazzy/lib/python3.12/site-packages /usr/bin/cmake --install /home/erum/U850_ws/build/xarm_planner
[1.624s] -- Install configuration: ""
[1.625s] -- Up-to-date: /home/erum/U850_ws/install/xarm_planner/include
[1.625s] -- Up-to-date: /home/erum/U850_ws/install/xarm_planner/include/xarm_planner
[1.626s] -- Up-to-date: /home/erum/U850_ws/install/xarm_planner/include/xarm_planner/xarm_planner.h
[1.632s] -- Up-to-date: /home/erum/U850_ws/install/xarm_planner/lib/libxarm_planner.so
[1.634s] -- Up-to-date: /home/erum/U850_ws/install/xarm_planner/lib/xarm_planner/xarm_planner_node
[1.637s] -- Up-to-date: /home/erum/U850_ws/install/xarm_planner/lib/xarm_planner/xarm_gripper_planner_node
[1.638s] -- Up-to-date: /home/erum/U850_ws/install/xarm_planner/lib/xarm_planner/test_xarm_planner_api_joint
[1.639s] -- Up-to-date: /home/erum/U850_ws/install/xarm_planner/lib/xarm_planner/test_dual_xarm_planner_api_joint
[1.641s] -- Up-to-date: /home/erum/U850_ws/install/xarm_planner/lib/xarm_planner/test_xarm_planner_api_pose
[1.641s] -- Up-to-date: /home/erum/U850_ws/install/xarm_planner/lib/xarm_planner/test_xarm_gripper_planner_api_joint
[1.642s] -- Up-to-date: /home/erum/U850_ws/install/xarm_planner/lib/xarm_planner/test_xarm_planner_client_joint
[1.643s] -- Up-to-date: /home/erum/U850_ws/install/xarm_planner/lib/xarm_planner/test_xarm_planner_client_pose
[1.644s] -- Up-to-date: /home/erum/U850_ws/install/xarm_planner/lib/xarm_planner/test_xarm_gripper_planner_client_joint
[1.645s] -- Up-to-date: /home/erum/U850_ws/install/xarm_planner/lib/xarm_planner/test_lite_gripper_realmove
[1.646s] -- Up-to-date: /home/erum/U850_ws/install/xarm_planner/share/xarm_planner//launch
[1.646s] -- Up-to-date: /home/erum/U850_ws/install/xarm_planner/share/xarm_planner//launch/test_lite_gripper_realmove.launch.py
[1.646s] -- Up-to-date: /home/erum/U850_ws/install/xarm_planner/share/xarm_planner//launch/test_xarm_gripper_planner_client_joint.launch.py
[1.646s] -- Up-to-date: /home/erum/U850_ws/install/xarm_planner/share/xarm_planner//launch/xarm6_planner_gazebo.launch.py
[1.647s] -- Up-to-date: /home/erum/U850_ws/install/xarm_planner/share/xarm_planner//launch/lite6_planner_realmove.launch.py
[1.647s] -- Up-to-date: /home/erum/U850_ws/install/xarm_planner/share/xarm_planner//launch/test_xarm_planner_api_pose.launch.py
[1.647s] -- Up-to-date: /home/erum/U850_ws/install/xarm_planner/share/xarm_planner//launch/xarm5_planner_fake.launch.py
[1.648s] -- Up-to-date: /home/erum/U850_ws/install/xarm_planner/share/xarm_planner//launch/xarm6_planner_realmove.launch.py
[1.648s] -- Up-to-date: /home/erum/U850_ws/install/xarm_planner/share/xarm_planner//launch/xarm7_planner_fake.launch.py
[1.648s] -- Up-to-date: /home/erum/U850_ws/install/xarm_planner/share/xarm_planner//launch/uf850_planner_gazebo.launch.py
[1.649s] -- Up-to-date: /home/erum/U850_ws/install/xarm_planner/share/xarm_planner//launch/xarm7_mirror_planner_gazebo.launch.py
[1.649s] -- Up-to-date: /home/erum/U850_ws/install/xarm_planner/share/xarm_planner//launch/test_dual_xarm_planner_api_joint.launch.py
[1.649s] -- Up-to-date: /home/erum/U850_ws/install/xarm_planner/share/xarm_planner//launch/xarm7_mirror_planner_fake.launch.py
[1.649s] -- Up-to-date: /home/erum/U850_ws/install/xarm_planner/share/xarm_planner//launch/xarm5_planner_gazebo.launch.py
[1.650s] -- Up-to-date: /home/erum/U850_ws/install/xarm_planner/share/xarm_planner//launch/test_xarm_planner_client_joint.launch.py
[1.650s] -- Up-to-date: /home/erum/U850_ws/install/xarm_planner/share/xarm_planner//launch/lite6_planner_fake.launch.py
[1.650s] -- Up-to-date: /home/erum/U850_ws/install/xarm_planner/share/xarm_planner//launch/lite6_planner_gazebo.launch.py
[1.650s] -- Up-to-date: /home/erum/U850_ws/install/xarm_planner/share/xarm_planner//launch/uf850_planner_fake.launch.py
[1.650s] -- Up-to-date: /home/erum/U850_ws/install/xarm_planner/share/xarm_planner//launch/xarm6_planner_fake.launch.py
[1.650s] -- Up-to-date: /home/erum/U850_ws/install/xarm_planner/share/xarm_planner//launch/xarm7_mirror_planner_realmove.launch.py
[1.651s] -- Up-to-date: /home/erum/U850_ws/install/xarm_planner/share/xarm_planner//launch/test_move_group.launch.py
[1.651s] -- Up-to-date: /home/erum/U850_ws/install/xarm_planner/share/xarm_planner//launch/test_xarm_planner_client_pose.launch.py
[1.651s] -- Up-to-date: /home/erum/U850_ws/install/xarm_planner/share/xarm_planner//launch/test_xarm_planner_api_joint.launch.py
[1.651s] -- Up-to-date: /home/erum/U850_ws/install/xarm_planner/share/xarm_planner//launch/xarm7_planner_gazebo.launch.py
[1.651s] -- Up-to-date: /home/erum/U850_ws/install/xarm_planner/share/xarm_planner//launch/uf850_planner_realmove.launch.py
[1.652s] -- Up-to-date: /home/erum/U850_ws/install/xarm_planner/share/xarm_planner//launch/_dual_robot_planner.launch.py
[1.652s] -- Up-to-date: /home/erum/U850_ws/install/xarm_planner/share/xarm_planner//launch/xarm5_planner_realmove.launch.py
[1.652s] -- Up-to-date: /home/erum/U850_ws/install/xarm_planner/share/xarm_planner//launch/xarm7_planner_realmove.launch.py
[1.652s] -- Up-to-date: /home/erum/U850_ws/install/xarm_planner/share/xarm_planner//launch/_robot_planner.launch.py
[1.652s] -- Up-to-date: /home/erum/U850_ws/install/xarm_planner/share/xarm_planner//launch/test_xarm_gripper_planner_api_joint.launch.py
[1.652s] -- Up-to-date: /home/erum/U850_ws/install/xarm_planner/share/ament_index/resource_index/package_run_dependencies/xarm_planner
[1.652s] -- Up-to-date: /home/erum/U850_ws/install/xarm_planner/share/ament_index/resource_index/parent_prefix_path/xarm_planner
[1.652s] -- Up-to-date: /home/erum/U850_ws/install/xarm_planner/share/xarm_planner/environment/ament_prefix_path.sh
[1.655s] -- Up-to-date: /home/erum/U850_ws/install/xarm_planner/share/xarm_planner/environment/ament_prefix_path.dsv
[1.655s] -- Up-to-date: /home/erum/U850_ws/install/xarm_planner/share/xarm_planner/environment/path.sh
[1.655s] -- Up-to-date: /home/erum/U850_ws/install/xarm_planner/share/xarm_planner/environment/path.dsv
[1.655s] -- Up-to-date: /home/erum/U850_ws/install/xarm_planner/share/xarm_planner/local_setup.bash
[1.655s] -- Up-to-date: /home/erum/U850_ws/install/xarm_planner/share/xarm_planner/local_setup.sh
[1.655s] -- Up-to-date: /home/erum/U850_ws/install/xarm_planner/share/xarm_planner/local_setup.zsh
[1.655s] -- Up-to-date: /home/erum/U850_ws/install/xarm_planner/share/xarm_planner/local_setup.dsv
[1.655s] -- Installing: /home/erum/U850_ws/install/xarm_planner/share/xarm_planner/package.dsv
[1.656s] -- Up-to-date: /home/erum/U850_ws/install/xarm_planner/share/ament_index/resource_index/packages/xarm_planner
[1.656s] -- Up-to-date: /home/erum/U850_ws/install/xarm_planner/share/xarm_planner/cmake/xarm_plannerConfig.cmake
[1.656s] -- Up-to-date: /home/erum/U850_ws/install/xarm_planner/share/xarm_planner/cmake/xarm_plannerConfig-version.cmake
[1.656s] -- Up-to-date: /home/erum/U850_ws/install/xarm_planner/share/xarm_planner/package.xml
[1.659s] Invoked command in '/home/erum/U850_ws/build/xarm_planner' returned '0': AMENT_PREFIX_PATH=/home/erum/U850_ws/install/uf_ros_lib:/home/erum/U850_ws/install/xarm_planner:/home/erum/U850_ws/install/xarm_moveit_servo:/home/erum/U850_ws/install/uf850_ttt:/home/erum/U850_ws/install/xarm_moveit_config:/home/erum/U850_ws/install/xarm_gazebo:/home/erum/U850_ws/install/xarm_controller:/home/erum/U850_ws/install/xarm_api:/home/erum/U850_ws/install/xarm_sdk:/home/erum/U850_ws/install/xarm_msgs:/home/erum/U850_ws/install/xarm_description:/home/erum/U850_ws/install/mbot_demo:/home/erum/U850_ws/install/realsense_gazebo_plugin:/opt/ros/jazzy CMAKE_PREFIX_PATH=/home/erum/U850_ws/install/xarm_moveit_config:/home/erum/U850_ws/install/xarm_gazebo:/home/erum/U850_ws/install/xarm_controller:/home/erum/U850_ws/install/xarm_api:/home/erum/U850_ws/install/xarm_sdk:/home/erum/U850_ws/install/xarm_msgs:/home/erum/U850_ws/install/xarm_description:/home/erum/U850_ws/install/xarm_planner:/home/erum/U850_ws/install/xarm_moveit_servo:/home/erum/U850_ws/install/mbot_demo:/home/erum/U850_ws/install/realsense_gazebo_plugin:/opt/ros/jazzy/opt/gz_sim_vendor:/opt/ros/jazzy/opt/gz_sensors_vendor:/opt/ros/jazzy/opt/gz_physics_vendor:/opt/ros/jazzy/opt/sdformat_vendor:/opt/ros/jazzy/opt/gz_gui_vendor:/opt/ros/jazzy/opt/gz_transport_vendor:/opt/ros/jazzy/opt/gz_rendering_vendor:/opt/ros/jazzy/opt/gz_plugin_vendor:/opt/ros/jazzy/opt/gz_fuel_tools_vendor:/opt/ros/jazzy/opt/gz_msgs_vendor:/opt/ros/jazzy/opt/gz_common_vendor:/opt/ros/jazzy/opt/gz_math_vendor:/opt/ros/jazzy/opt/gz_utils_vendor:/opt/ros/jazzy/opt/gz_tools_vendor:/opt/ros/jazzy/opt/gz_ogre_next_vendor:/opt/ros/jazzy/opt/gz_dartsim_vendor:/opt/ros/jazzy/opt/gz_cmake_vendor:/home/erum/U850_ws/install/uf850_ttt:/home/erum/U850_ws/install/uf_ros_lib:/opt/ros/jazzy DEBUGINFOD_URLS=https://debuginfod.ubuntu.com LD_LIBRARY_PATH=/home/erum/U850_ws/install/xarm_gazebo/lib:/home/erum/U850_ws/install/xarm_controller/lib:/home/erum/U850_ws/install/xarm_api/lib:/home/erum/U850_ws/install/xarm_sdk/lib:/home/erum/U850_ws/install/xarm_msgs/lib:/home/erum/U850_ws/install/xarm_planner/lib:/home/erum/U850_ws/install/xarm_moveit_servo/lib:/home/erum/U850_ws/install/realsense_gazebo_plugin/lib:/opt/ros/jazzy/opt/gz_sim_vendor/lib:/opt/ros/jazzy/opt/gz_sensors_vendor/lib:/opt/ros/jazzy/opt/gz_physics_vendor/lib:/opt/ros/jazzy/opt/sdformat_vendor/lib:/opt/ros/jazzy/opt/rviz_ogre_vendor/lib:/opt/ros/jazzy/lib/x86_64-linux-gnu:/opt/ros/jazzy/opt/gz_gui_vendor/lib:/opt/ros/jazzy/opt/gz_transport_vendor/lib:/opt/ros/jazzy/opt/gz_rendering_vendor/lib:/opt/ros/jazzy/opt/gz_plugin_vendor/lib:/opt/ros/jazzy/opt/gz_fuel_tools_vendor/lib:/opt/ros/jazzy/opt/gz_msgs_vendor/lib:/opt/ros/jazzy/opt/gz_common_vendor/lib:/opt/ros/jazzy/opt/gz_math_vendor/lib:/opt/ros/jazzy/opt/gz_utils_vendor/lib:/opt/ros/jazzy/opt/gz_tools_vendor/lib:/opt/ros/jazzy/opt/gz_ogre_next_vendor/lib:/opt/ros/jazzy/opt/gz_dartsim_vendor/lib:/opt/ros/jazzy/opt/gz_cmake_vendor/lib:/opt/ros/jazzy/lib PYTHONPATH=/home/erum/U850_ws/install/xarm_msgs/lib/python3.12/site-packages:/home/erum/U850_ws/install/uf_ros_lib/lib/python3.12/site-packages:/home/erum/U850_ws/install/uf850_ttt/lib/python3.12/site-packages:/opt/ros/jazzy/lib/python3.12/site-packages /usr/bin/cmake --install /home/erum/U850_ws/build/xarm_planner
