[0.056s] Invoking command in '/home/erum/U850_ws/build/xarm_moveit_servo': AMENT_PREFIX_PATH=/home/erum/U850_ws/install/xarm_moveit_config:/home/erum/U850_ws/install/xarm_gazebo:/home/erum/U850_ws/install/xarm_controller:/home/erum/U850_ws/install/xarm_api:/home/erum/U850_ws/install/xarm_sdk:/home/erum/U850_ws/install/xarm_msgs:/home/erum/U850_ws/install/xarm_description:/home/erum/U850_ws/install/uf_ros_lib:${AMENT_PREFIX_PATH} CMAKE_PREFIX_PATH=/home/erum/U850_ws/install/xarm_moveit_config:/home/erum/U850_ws/install/xarm_gazebo:/home/erum/U850_ws/install/xarm_controller:/home/erum/U850_ws/install/xarm_api:/home/erum/U850_ws/install/xarm_sdk:/home/erum/U850_ws/install/xarm_msgs:/home/erum/U850_ws/install/xarm_description:/opt/ros/jazzy/opt/gz_sim_vendor:/opt/ros/jazzy/opt/gz_sensors_vendor:/opt/ros/jazzy/opt/gz_physics_vendor:/opt/ros/jazzy/opt/sdformat_vendor:/opt/ros/jazzy/opt/gz_gui_vendor:/opt/ros/jazzy/opt/gz_transport_vendor:/opt/ros/jazzy/opt/gz_rendering_vendor:/opt/ros/jazzy/opt/gz_plugin_vendor:/opt/ros/jazzy/opt/gz_fuel_tools_vendor:/opt/ros/jazzy/opt/gz_msgs_vendor:/opt/ros/jazzy/opt/gz_common_vendor:/opt/ros/jazzy/opt/gz_math_vendor:/opt/ros/jazzy/opt/gz_utils_vendor:/opt/ros/jazzy/opt/gz_tools_vendor:/opt/ros/jazzy/opt/gz_ogre_next_vendor:/opt/ros/jazzy/opt/gz_dartsim_vendor:/opt/ros/jazzy/opt/gz_cmake_vendor:/opt/ros/jazzy DEBUGINFOD_URLS=https://debuginfod.ubuntu.com LD_LIBRARY_PATH=/home/erum/U850_ws/install/xarm_gazebo/lib:/home/erum/U850_ws/install/xarm_controller/lib:/home/erum/U850_ws/install/xarm_api/lib:/home/erum/U850_ws/install/xarm_sdk/lib:/home/erum/U850_ws/install/xarm_msgs/lib:${LD_LIBRARY_PATH} PYTHONPATH=/home/erum/U850_ws/install/xarm_msgs/lib/python3.12/site-packages:/home/erum/U850_ws/install/uf_ros_lib/lib/python3.12/site-packages:${PYTHONPATH} /usr/bin/cmake /home/erum/U850_ws/src/xarm_ros2/xarm_moveit_servo -DCMAKE_INSTALL_PREFIX=/home/erum/U850_ws/install/xarm_moveit_servo
[0.154s] -- The C compiler identification is GNU 13.3.0
[0.240s] -- The CXX compiler identification is GNU 13.3.0
[0.265s] -- Detecting C compiler ABI info
[0.404s] -- Detecting C compiler ABI info - done
[0.430s] -- Check for working C compiler: /usr/bin/cc - skipped
[0.431s] -- Detecting C compile features
[0.431s] -- Detecting C compile features - done
[0.442s] -- Detecting CXX compiler ABI info
[0.599s] -- Detecting CXX compiler ABI info - done
[0.608s] -- Check for working CXX compiler: /usr/bin/c++ - skipped
[0.609s] -- Detecting CXX compile features
[0.609s] -- Detecting CXX compile features - done
[0.621s] -- Found ament_cmake: 2.5.4 (/opt/ros/jazzy/share/ament_cmake/cmake)
[0.908s] -- Found Python3: /usr/bin/python3 (found version "3.12.3") found components: Interpreter 
[1.124s] -- Found rclcpp: 28.1.13 (/opt/ros/jazzy/share/rclcpp/cmake)
[1.235s] -- Found rosidl_generator_c: 4.6.6 (/opt/ros/jazzy/share/rosidl_generator_c/cmake)
[1.264s] -- Found rosidl_generator_cpp: 4.6.6 (/opt/ros/jazzy/share/rosidl_generator_cpp/cmake)
[1.300s] -- Using all available rosidl_typesupport_c: rosidl_typesupport_fastrtps_c;rosidl_typesupport_introspection_c
[1.351s] -- Using all available rosidl_typesupport_cpp: rosidl_typesupport_fastrtps_cpp;rosidl_typesupport_introspection_cpp
[1.518s] -- Found rmw_implementation_cmake: 7.3.2 (/opt/ros/jazzy/share/rmw_implementation_cmake/cmake)
[1.529s] -- Found rmw_cyclonedds_cpp: 2.2.3 (/opt/ros/jazzy/share/rmw_cyclonedds_cpp/cmake)
[1.591s] -- Using RMW implementation 'rmw_cyclonedds_cpp' as default
[1.706s] -- Found rclcpp_components: 28.1.13 (/opt/ros/jazzy/share/rclcpp_components/cmake)
[1.855s] -- Found std_msgs: 5.3.6 (/opt/ros/jazzy/share/std_msgs/cmake)
[1.940s] -- Found std_srvs: 5.3.6 (/opt/ros/jazzy/share/std_srvs/cmake)
[2.022s] -- Found sensor_msgs: 5.3.6 (/opt/ros/jazzy/share/sensor_msgs/cmake)
[2.091s] -- Found control_msgs: 5.5.0 (/opt/ros/jazzy/share/control_msgs/cmake)
[2.256s] -- Found moveit_msgs: 2.6.0 (/opt/ros/jazzy/share/moveit_msgs/cmake)
[2.699s] -- Found moveit_ros_planning: 2.12.3 (/opt/ros/jazzy/share/moveit_ros_planning/cmake)
[3.043s] -- Found Boost: /usr/lib/x86_64-linux-gnu/cmake/Boost-1.83.0/BoostConfig.cmake (found version "1.83.0") found components: system filesystem date_time program_options thread chrono 
[3.104s] -- Found parameter_traits: 0.5.0 (/opt/ros/jazzy/share/parameter_traits/cmake)
[3.191s] -- Found rclcpp_lifecycle: 28.1.13 (/opt/ros/jazzy/share/rclcpp_lifecycle/cmake)
[3.364s] -- Found Boost: /usr/lib/x86_64-linux-gnu/cmake/Boost-1.83.0/BoostConfig.cmake (found version "1.83.0") found components: chrono date_time filesystem iostreams program_options regex serialization system thread 
[3.603s] -- Found Boost: /usr/lib/x86_64-linux-gnu/cmake/Boost-1.83.0/BoostConfig.cmake (found version "1.83.0") found components: filesystem 
[3.846s] -- Found Eigen3: TRUE (found version "3.4.0") 
[3.848s] -- Ensuring Eigen3 include directory is part of orocos-kdl CMake target
[3.911s] -- Found TinyXML2 via Config file: /usr/lib/x86_64-linux-gnu/cmake/tinyxml2
[4.417s] -- Found ament_lint_auto: 0.17.3 (/opt/ros/jazzy/share/ament_lint_auto/cmake)
[4.630s] -- Added test 'copyright' to check source files copyright and LICENSE
[4.636s] -- Added test 'cppcheck' to perform static code analysis on C / C++ code
[4.636s] -- Configured cppcheck include dirs: /home/erum/U850_ws/src/xarm_ros2/xarm_moveit_servo/include
[4.637s] -- Configured cppcheck exclude dirs and/or files: 
[4.640s] -- Added test 'cpplint' to check C / C++ code against the Google style
[4.641s] -- Configured cpplint exclude dirs and/or files: 
[4.643s] -- Added test 'flake8' to check Python code syntax and style conventions
[4.643s] -- Configured 'flake8' exclude dirs and/or files: 
[4.645s] -- Added test 'lint_cmake' to check CMake code style
[4.647s] -- Added test 'pep257' to check Python code against some of the docstring style conventions in PEP 257
[4.649s] -- Added test 'uncrustify' to check C / C++ code style
[4.649s] -- Configured uncrustify additional arguments: 
[4.651s] -- Added test 'xmllint' to check XML markup files
[4.658s] -- Configuring done (4.6s)
[4.799s] -- Generating done (0.1s)
[4.820s] -- Build files have been written to: /home/erum/U850_ws/build/xarm_moveit_servo
