[0.036s] Invoking command in '/home/erum/U850_ws/build/xarm_description': CMAKE_PREFIX_PATH=${CMAKE_PREFIX_PATH}:/opt/ros/jazzy DEBUGINFOD_URLS=https://debuginfod.ubuntu.com /usr/bin/cmake /home/erum/U850_ws/src/xarm_ros2/xarm_description -DCMAKE_INSTALL_PREFIX=/home/erum/U850_ws/install/xarm_description
[0.803s] -- The C compiler identification is GNU 13.3.0
[1.240s] -- The CXX compiler identification is GNU 13.3.0
[1.309s] -- Detecting C compiler ABI info
[1.545s] -- Detecting C compiler ABI info - done
[1.561s] -- Check for working C compiler: /usr/bin/cc - skipped
[1.563s] -- Detecting C compile features
[1.564s] -- Detecting C compile features - done
[1.589s] -- Detecting CXX compiler ABI info
[1.772s] -- Detecting CXX compiler ABI info - done
[1.783s] -- Check for working CXX compiler: /usr/bin/c++ - skipped
[1.784s] -- Detecting CXX compile features
[1.786s] -- Detecting CXX compile features - done
[1.809s] -- Found ament_cmake: 2.5.4 (/opt/ros/jazzy/share/ament_cmake/cmake)
[2.074s] -- Found Python3: /usr/bin/python3 (found version "3.12.3") found components: Interpreter 
[2.375s] -- Found ament_lint_auto: 0.17.3 (/opt/ros/jazzy/share/ament_lint_auto/cmake)
[2.633s] -- Added test 'copyright' to check source files copyright and LICENSE
[2.679s] -- Added test 'flake8' to check Python code syntax and style conventions
[2.680s] -- Configured 'flake8' exclude dirs and/or files: 
[2.688s] -- Added test 'lint_cmake' to check CMake code style
[2.691s] -- Added test 'pep257' to check Python code against some of the docstring style conventions in PEP 257
[2.712s] -- Added test 'xmllint' to check XML markup files
[2.719s] -- Configuring done (2.7s)
[2.725s] -- Generating done (0.0s)
[2.732s] -- Build files have been written to: /home/erum/U850_ws/build/xarm_description
[2.750s] Invoked command in '/home/erum/U850_ws/build/xarm_description' returned '0': CMAKE_PREFIX_PATH=${CMAKE_PREFIX_PATH}:/opt/ros/jazzy DEBUGINFOD_URLS=https://debuginfod.ubuntu.com /usr/bin/cmake /home/erum/U850_ws/src/xarm_ros2/xarm_description -DCMAKE_INSTALL_PREFIX=/home/erum/U850_ws/install/xarm_description
[2.751s] Invoking command in '/home/erum/U850_ws/build/xarm_description': CMAKE_PREFIX_PATH=${CMAKE_PREFIX_PATH}:/opt/ros/jazzy DEBUGINFOD_URLS=https://debuginfod.ubuntu.com /usr/bin/cmake --build /home/erum/U850_ws/build/xarm_description -- -j2 -l2
[2.825s] Invoked command in '/home/erum/U850_ws/build/xarm_description' returned '0': CMAKE_PREFIX_PATH=${CMAKE_PREFIX_PATH}:/opt/ros/jazzy DEBUGINFOD_URLS=https://debuginfod.ubuntu.com /usr/bin/cmake --build /home/erum/U850_ws/build/xarm_description -- -j2 -l2
[2.849s] Invoking command in '/home/erum/U850_ws/build/xarm_description': CMAKE_PREFIX_PATH=${CMAKE_PREFIX_PATH}:/opt/ros/jazzy DEBUGINFOD_URLS=https://debuginfod.ubuntu.com /usr/bin/cmake --install /home/erum/U850_ws/build/xarm_description
[2.862s] -- Install configuration: ""
[2.863s] -- Installing: /home/erum/U850_ws/install/xarm_description/share/xarm_description//rviz
[2.863s] -- Installing: /home/erum/U850_ws/install/xarm_description/share/xarm_description//rviz/display.rviz
[2.863s] -- Installing: /home/erum/U850_ws/install/xarm_description/share/xarm_description//urdf
[2.863s] -- Installing: /home/erum/U850_ws/install/xarm_description/share/xarm_description//urdf/xarm7
[2.863s] -- Installing: /home/erum/U850_ws/install/xarm_description/share/xarm_description//urdf/xarm7/xarm7.gazebo.xacro
[2.863s] -- Installing: /home/erum/U850_ws/install/xarm_description/share/xarm_description//urdf/xarm7/xarm7.urdf.xacro
[2.863s] -- Installing: /home/erum/U850_ws/install/xarm_description/share/xarm_description//urdf/xarm7/xarm7.ros2_control.xacro
[2.863s] -- Installing: /home/erum/U850_ws/install/xarm_description/share/xarm_description//urdf/xarm7/xarm7_robot_macro.xacro
[2.863s] -- Installing: /home/erum/U850_ws/install/xarm_description/share/xarm_description//urdf/xarm7/xarm7.transmission.xacro
[2.864s] -- Installing: /home/erum/U850_ws/install/xarm_description/share/xarm_description//urdf/other
[2.864s] -- Installing: /home/erum/U850_ws/install/xarm_description/share/xarm_description//urdf/other/other_geometry.urdf.xacro
[2.865s] -- Installing: /home/erum/U850_ws/install/xarm_description/share/xarm_description//urdf/xarm_device.urdf.xacro
[2.865s] -- Installing: /home/erum/U850_ws/install/xarm_description/share/xarm_description//urdf/lite6
[2.865s] -- Installing: /home/erum/U850_ws/install/xarm_description/share/xarm_description//urdf/lite6/lite6.transmission.xacro
[2.865s] -- Installing: /home/erum/U850_ws/install/xarm_description/share/xarm_description//urdf/lite6/lite6_robot_macro.xacro
[2.865s] -- Installing: /home/erum/U850_ws/install/xarm_description/share/xarm_description//urdf/lite6/lite6.gazebo.xacro
[2.865s] -- Installing: /home/erum/U850_ws/install/xarm_description/share/xarm_description//urdf/lite6/lite6.ros2_control.xacro
[2.865s] -- Installing: /home/erum/U850_ws/install/xarm_description/share/xarm_description//urdf/lite6/lite6.urdf.xacro
[2.865s] -- Installing: /home/erum/U850_ws/install/xarm_description/share/xarm_description//urdf/dual_xarm_device.urdf.xacro
[2.867s] -- Installing: /home/erum/U850_ws/install/xarm_description/share/xarm_description//urdf/xarm7_mirror
[2.867s] -- Installing: /home/erum/U850_ws/install/xarm_description/share/xarm_description//urdf/xarm7_mirror/xarm7_mirror_robot_macro.xacro
[2.867s] -- Installing: /home/erum/U850_ws/install/xarm_description/share/xarm_description//urdf/xarm7_mirror/xarm7_mirror.gazebo.xacro
[2.867s] -- Installing: /home/erum/U850_ws/install/xarm_description/share/xarm_description//urdf/xarm7_mirror/xarm7_mirror.transmission.xacro
[2.867s] -- Installing: /home/erum/U850_ws/install/xarm_description/share/xarm_description//urdf/xarm7_mirror/xarm7_mirror.ros2_control.xacro
[2.867s] -- Installing: /home/erum/U850_ws/install/xarm_description/share/xarm_description//urdf/xarm7_mirror/xarm7_mirror.urdf.xacro
[2.867s] -- Installing: /home/erum/U850_ws/install/xarm_description/share/xarm_description//urdf/uf850
[2.867s] -- Installing: /home/erum/U850_ws/install/xarm_description/share/xarm_description//urdf/uf850/uf850_robot_macro.xacro
[2.868s] -- Installing: /home/erum/U850_ws/install/xarm_description/share/xarm_description//urdf/uf850/uf850.ros2_control.xacro
[2.868s] -- Installing: /home/erum/U850_ws/install/xarm_description/share/xarm_description//urdf/uf850/uf850.urdf.xacro
[2.868s] -- Installing: /home/erum/U850_ws/install/xarm_description/share/xarm_description//urdf/uf850/uf850.gazebo.xacro
[2.868s] -- Installing: /home/erum/U850_ws/install/xarm_description/share/xarm_description//urdf/uf850/uf850.transmission.xacro
[2.868s] -- Installing: /home/erum/U850_ws/install/xarm_description/share/xarm_description//urdf/common
[2.868s] -- Installing: /home/erum/U850_ws/install/xarm_description/share/xarm_description//urdf/common/common.link.xacro
[2.868s] -- Installing: /home/erum/U850_ws/install/xarm_description/share/xarm_description//urdf/common/common.gazebo.xacro
[2.868s] -- Installing: /home/erum/U850_ws/install/xarm_description/share/xarm_description//urdf/common/common.material.xacro
[2.869s] -- Installing: /home/erum/U850_ws/install/xarm_description/share/xarm_description//urdf/camera
[2.869s] -- Installing: /home/erum/U850_ws/install/xarm_description/share/xarm_description//urdf/camera/realsense_d435i.urdf.xacro
[2.869s] -- Installing: /home/erum/U850_ws/install/xarm_description/share/xarm_description//urdf/camera/realsense.gazebo.xacro
[2.869s] -- Installing: /home/erum/U850_ws/install/xarm_description/share/xarm_description//urdf/camera/camera.gazebo.xacro
[2.869s] -- Installing: /home/erum/U850_ws/install/xarm_description/share/xarm_description//urdf/xarm_device_macro.xacro
[2.870s] -- Installing: /home/erum/U850_ws/install/xarm_description/share/xarm_description//urdf/_private_macro.xacro
[2.870s] -- Installing: /home/erum/U850_ws/install/xarm_description/share/xarm_description//urdf/gripper
[2.871s] -- Installing: /home/erum/U850_ws/install/xarm_description/share/xarm_description//urdf/gripper/bio_gripper.transmission.xacro
[2.871s] -- Installing: /home/erum/U850_ws/install/xarm_description/share/xarm_description//urdf/gripper/xarm_gripper.transmission.xacro
[2.872s] -- Installing: /home/erum/U850_ws/install/xarm_description/share/xarm_description//urdf/gripper/xarm_gripper.urdf.xacro
[2.872s] -- Installing: /home/erum/U850_ws/install/xarm_description/share/xarm_description//urdf/gripper/bio_gripper.urdf.xacro
[2.872s] -- Installing: /home/erum/U850_ws/install/xarm_description/share/xarm_description//urdf/gripper/xarm_gripper.gazebo.xacro
[2.872s] -- Installing: /home/erum/U850_ws/install/xarm_description/share/xarm_description//urdf/gripper/xarm_gripper_macro.xacro
[2.872s] -- Installing: /home/erum/U850_ws/install/xarm_description/share/xarm_description//urdf/gripper/lite_gripper.urdf.xacro
[2.872s] -- Installing: /home/erum/U850_ws/install/xarm_description/share/xarm_description//urdf/gripper/bio_gripper.ros2_control.xacro
[2.872s] -- Installing: /home/erum/U850_ws/install/xarm_description/share/xarm_description//urdf/gripper/bio_gripper_macro.xacro
[2.872s] -- Installing: /home/erum/U850_ws/install/xarm_description/share/xarm_description//urdf/gripper/xarm_gripper.ros2_control.xacro
[2.872s] -- Installing: /home/erum/U850_ws/install/xarm_description/share/xarm_description//urdf/gripper/gripper.urdf.xacro
[2.873s] -- Installing: /home/erum/U850_ws/install/xarm_description/share/xarm_description//urdf/gripper/gripper_macro.xacro
[2.873s] -- Installing: /home/erum/U850_ws/install/xarm_description/share/xarm_description//urdf/gripper/bio_gripper.gazebo.xacro
[2.874s] -- Installing: /home/erum/U850_ws/install/xarm_description/share/xarm_description//urdf/xarm5
[2.874s] -- Installing: /home/erum/U850_ws/install/xarm_description/share/xarm_description//urdf/xarm5/xarm5.ros2_control.xacro
[2.874s] -- Installing: /home/erum/U850_ws/install/xarm_description/share/xarm_description//urdf/xarm5/xarm5.gazebo.xacro
[2.874s] -- Installing: /home/erum/U850_ws/install/xarm_description/share/xarm_description//urdf/xarm5/xarm5_robot_macro.xacro
[2.874s] -- Installing: /home/erum/U850_ws/install/xarm_description/share/xarm_description//urdf/xarm5/xarm5.transmission.xacro
[2.874s] -- Installing: /home/erum/U850_ws/install/xarm_description/share/xarm_description//urdf/xarm5/xarm5.urdf.xacro
[2.874s] -- Installing: /home/erum/U850_ws/install/xarm_description/share/xarm_description//urdf/vacuum_gripper
[2.874s] -- Installing: /home/erum/U850_ws/install/xarm_description/share/xarm_description//urdf/vacuum_gripper/vacuum_gripper.urdf.xacro
[2.875s] -- Installing: /home/erum/U850_ws/install/xarm_description/share/xarm_description//urdf/vacuum_gripper/xarm_vacuum_gripper.urdf.xacro
[2.876s] -- Installing: /home/erum/U850_ws/install/xarm_description/share/xarm_description//urdf/vacuum_gripper/lite_vacuum_gripper.urdf.xacro
[2.876s] -- Installing: /home/erum/U850_ws/install/xarm_description/share/xarm_description//urdf/vacuum_gripper/vacuum_gripper_macro.xacro
[2.876s] -- Installing: /home/erum/U850_ws/install/xarm_description/share/xarm_description//urdf/xarm6
[2.876s] -- Installing: /home/erum/U850_ws/install/xarm_description/share/xarm_description//urdf/xarm6/xarm6_robot_macro.xacro
[2.876s] -- Installing: /home/erum/U850_ws/install/xarm_description/share/xarm_description//urdf/xarm6/xarm6.urdf.xacro
[2.876s] -- Installing: /home/erum/U850_ws/install/xarm_description/share/xarm_description//urdf/xarm6/xarm6.ros2_control.xacro
[2.876s] -- Installing: /home/erum/U850_ws/install/xarm_description/share/xarm_description//urdf/xarm6/xarm6.transmission.xacro
[2.876s] -- Installing: /home/erum/U850_ws/install/xarm_description/share/xarm_description//urdf/xarm6/xarm6.gazebo.xacro
[2.876s] -- Installing: /home/erum/U850_ws/install/xarm_description/share/xarm_description//config
[2.876s] -- Installing: /home/erum/U850_ws/install/xarm_description/share/xarm_description//config/link_inertial
[2.877s] -- Installing: /home/erum/U850_ws/install/xarm_description/share/xarm_description//config/link_inertial/xarm6_type12_HT_LDBR2.yaml
[2.877s] -- Installing: /home/erum/U850_ws/install/xarm_description/share/xarm_description//config/link_inertial/xarm7_type7_HT_BR.yaml
[2.877s] -- Installing: /home/erum/U850_ws/install/xarm_description/share/xarm_description//config/link_inertial/xarm7_type7_HT_BR2.yaml
[2.877s] -- Installing: /home/erum/U850_ws/install/xarm_description/share/xarm_description//config/link_inertial/xarm6_type6_HT2_LD.yaml
[2.878s] -- Installing: /home/erum/U850_ws/install/xarm_description/share/xarm_description//config/link_inertial/xarm7_type3_YT_SP.yaml
[2.878s] -- Installing: /home/erum/U850_ws/install/xarm_description/share/xarm_description//config/link_inertial/xarm6_type9_HT_BR2.yaml
[2.878s] -- Installing: /home/erum/U850_ws/install/xarm_description/share/xarm_description//config/link_inertial/xarm6_type6_HT_LD.yaml
[2.878s] -- Installing: /home/erum/U850_ws/install/xarm_description/share/xarm_description//config/link_inertial/gen_link_inertial_params.py
[2.878s] -- Installing: /home/erum/U850_ws/install/xarm_description/share/xarm_description//config/link_inertial/xarm7_type13_HT_BR2.yaml
[2.879s] -- Installing: /home/erum/U850_ws/install/xarm_description/share/xarm_description//config/link_inertial/xarm7_type7_UJ_BR_2403.yaml
[2.879s] -- Installing: /home/erum/U850_ws/install/xarm_description/share/xarm_description//config/link_inertial/xarm5_type5_HT_BR2.yaml
[2.879s] -- Installing: /home/erum/U850_ws/install/xarm_description/share/xarm_description//config/link_inertial/xarm5_type5_HT_BR.yaml
[2.879s] -- Installing: /home/erum/U850_ws/install/xarm_description/share/xarm_description//config/link_inertial/xarm6_type6_UJ_BR_2403.yaml
[2.879s] -- Installing: /home/erum/U850_ws/install/xarm_description/share/xarm_description//config/link_inertial/xarm6_type8_HT2_BR2.yaml
[2.879s] -- Installing: /home/erum/U850_ws/install/xarm_description/share/xarm_description//config/link_inertial/xarm7_type7_HT_LD.yaml
[2.879s] -- Installing: /home/erum/U850_ws/install/xarm_description/share/xarm_description//config/link_inertial/xarm6_type11_HT_LD.yaml
[2.880s] -- Installing: /home/erum/U850_ws/install/xarm_description/share/xarm_description//config/link_inertial/xarm5_type5_HT_LD.yaml
[2.880s] -- Installing: /home/erum/U850_ws/install/xarm_description/share/xarm_description//config/link_inertial/xarm5_type5_UJ_BR_2403.yaml
[2.881s] -- Installing: /home/erum/U850_ws/install/xarm_description/share/xarm_description//config/link_inertial/xarm6_type6_HT_BR2.yaml
[2.881s] -- Installing: /home/erum/U850_ws/install/xarm_description/share/xarm_description//config/link_inertial/xarm6_type6_HT_BR.yaml
[2.881s] -- Installing: /home/erum/U850_ws/install/xarm_description/share/xarm_description//config/kinematics
[2.881s] -- Installing: /home/erum/U850_ws/install/xarm_description/share/xarm_description//config/kinematics/gen_kinematics_params.py
[2.881s] -- Installing: /home/erum/U850_ws/install/xarm_description/share/xarm_description//config/kinematics/default
[2.881s] -- Installing: /home/erum/U850_ws/install/xarm_description/share/xarm_description//config/kinematics/default/xarm7_default_kinematics.yaml
[2.882s] -- Installing: /home/erum/U850_ws/install/xarm_description/share/xarm_description//config/kinematics/default/uf850_default_kinematics.yaml
[2.882s] -- Installing: /home/erum/U850_ws/install/xarm_description/share/xarm_description//config/kinematics/default/xarm7_mirror_default_kinematics.yaml
[2.882s] -- Installing: /home/erum/U850_ws/install/xarm_description/share/xarm_description//config/kinematics/default/lite6_default_kinematics.yaml
[2.882s] -- Installing: /home/erum/U850_ws/install/xarm_description/share/xarm_description//config/kinematics/default/xarm5_default_kinematics.yaml
[2.882s] -- Installing: /home/erum/U850_ws/install/xarm_description/share/xarm_description//config/kinematics/default/xarm6_default_kinematics.yaml
[2.882s] -- Installing: /home/erum/U850_ws/install/xarm_description/share/xarm_description//meshes
[2.882s] -- Installing: /home/erum/U850_ws/install/xarm_description/share/xarm_description//meshes/end_tool
[2.882s] -- Installing: /home/erum/U850_ws/install/xarm_description/share/xarm_description//meshes/end_tool/visual
[2.882s] -- Installing: /home/erum/U850_ws/install/xarm_description/share/xarm_description//meshes/end_tool/visual/end_tool_1300.stl
[2.882s] -- Installing: /home/erum/U850_ws/install/xarm_description/share/xarm_description//meshes/end_tool/collision
[2.882s] -- Installing: /home/erum/U850_ws/install/xarm_description/share/xarm_description//meshes/end_tool/collision/end_tool_1300.stl
[2.882s] -- Installing: /home/erum/U850_ws/install/xarm_description/share/xarm_description//meshes/end_tool/collision/end_tool.stl
[2.882s] -- Installing: /home/erum/U850_ws/install/xarm_description/share/xarm_description//meshes/xarm7
[2.882s] -- Installing: /home/erum/U850_ws/install/xarm_description/share/xarm_description//meshes/xarm7/visual
[2.883s] -- Installing: /home/erum/U850_ws/install/xarm_description/share/xarm_description//meshes/xarm7/visual/link_base.stl
[2.884s] -- Installing: /home/erum/U850_ws/install/xarm_description/share/xarm_description//meshes/xarm7/visual/link5.stl
[2.884s] -- Installing: /home/erum/U850_ws/install/xarm_description/share/xarm_description//meshes/xarm7/visual/link1.stl
[2.884s] -- Installing: /home/erum/U850_ws/install/xarm_description/share/xarm_description//meshes/xarm7/visual/link6.stl
[2.884s] -- Installing: /home/erum/U850_ws/install/xarm_description/share/xarm_description//meshes/xarm7/visual/link4.stl
[2.885s] -- Installing: /home/erum/U850_ws/install/xarm_description/share/xarm_description//meshes/xarm7/visual/link2.stl
[2.885s] -- Installing: /home/erum/U850_ws/install/xarm_description/share/xarm_description//meshes/xarm7/visual/link7.stl
[2.885s] -- Installing: /home/erum/U850_ws/install/xarm_description/share/xarm_description//meshes/xarm7/visual/link3.stl
[2.885s] -- Installing: /home/erum/U850_ws/install/xarm_description/share/xarm_description//meshes/lite6
[2.885s] -- Installing: /home/erum/U850_ws/install/xarm_description/share/xarm_description//meshes/lite6/visual
[2.885s] -- Installing: /home/erum/U850_ws/install/xarm_description/share/xarm_description//meshes/lite6/visual/link_base.stl
[2.885s] -- Installing: /home/erum/U850_ws/install/xarm_description/share/xarm_description//meshes/lite6/visual/link5.stl
[2.885s] -- Installing: /home/erum/U850_ws/install/xarm_description/share/xarm_description//meshes/lite6/visual/link1.stl
[2.886s] -- Installing: /home/erum/U850_ws/install/xarm_description/share/xarm_description//meshes/lite6/visual/link6.stl
[2.887s] -- Installing: /home/erum/U850_ws/install/xarm_description/share/xarm_description//meshes/lite6/visual/link4.stl
[2.888s] -- Installing: /home/erum/U850_ws/install/xarm_description/share/xarm_description//meshes/lite6/visual/link2.stl
[2.889s] -- Installing: /home/erum/U850_ws/install/xarm_description/share/xarm_description//meshes/lite6/visual/link3.stl
[2.890s] -- Installing: /home/erum/U850_ws/install/xarm_description/share/xarm_description//meshes/lite6/collision
[2.890s] -- Installing: /home/erum/U850_ws/install/xarm_description/share/xarm_description//meshes/lite6/collision/link_base.stl
[2.890s] -- Installing: /home/erum/U850_ws/install/xarm_description/share/xarm_description//meshes/lite6/collision/link5.stl
[2.891s] -- Installing: /home/erum/U850_ws/install/xarm_description/share/xarm_description//meshes/lite6/collision/link1.stl
[2.892s] -- Installing: /home/erum/U850_ws/install/xarm_description/share/xarm_description//meshes/lite6/collision/link6.stl
[2.892s] -- Installing: /home/erum/U850_ws/install/xarm_description/share/xarm_description//meshes/lite6/collision/link4.stl
[2.893s] -- Installing: /home/erum/U850_ws/install/xarm_description/share/xarm_description//meshes/lite6/collision/link2.stl
[2.893s] -- Installing: /home/erum/U850_ws/install/xarm_description/share/xarm_description//meshes/lite6/collision/link3.stl
[2.893s] -- Installing: /home/erum/U850_ws/install/xarm_description/share/xarm_description//meshes/xarm7_mirror
[2.893s] -- Installing: /home/erum/U850_ws/install/xarm_description/share/xarm_description//meshes/xarm7_mirror/visual
[2.894s] -- Installing: /home/erum/U850_ws/install/xarm_description/share/xarm_description//meshes/xarm7_mirror/visual/link_base.stl
[2.898s] -- Installing: /home/erum/U850_ws/install/xarm_description/share/xarm_description//meshes/xarm7_mirror/visual/link5.stl
[2.898s] -- Installing: /home/erum/U850_ws/install/xarm_description/share/xarm_description//meshes/xarm7_mirror/visual/link1.stl
[2.898s] -- Installing: /home/erum/U850_ws/install/xarm_description/share/xarm_description//meshes/xarm7_mirror/visual/link6.stl
[2.900s] -- Installing: /home/erum/U850_ws/install/xarm_description/share/xarm_description//meshes/xarm7_mirror/visual/link4.stl
[2.901s] -- Installing: /home/erum/U850_ws/install/xarm_description/share/xarm_description//meshes/xarm7_mirror/visual/link2.stl
[2.903s] -- Installing: /home/erum/U850_ws/install/xarm_description/share/xarm_description//meshes/xarm7_mirror/visual/link7.stl
[2.906s] -- Installing: /home/erum/U850_ws/install/xarm_description/share/xarm_description//meshes/xarm7_mirror/visual/link3.stl
[2.908s] -- Installing: /home/erum/U850_ws/install/xarm_description/share/xarm_description//meshes/xarm7_mirror/collision
[2.908s] -- Installing: /home/erum/U850_ws/install/xarm_description/share/xarm_description//meshes/xarm7_mirror/collision/link_base.stl
[2.911s] -- Installing: /home/erum/U850_ws/install/xarm_description/share/xarm_description//meshes/xarm7_mirror/collision/link5.stl
[2.912s] -- Installing: /home/erum/U850_ws/install/xarm_description/share/xarm_description//meshes/xarm7_mirror/collision/link1.stl
[2.914s] -- Installing: /home/erum/U850_ws/install/xarm_description/share/xarm_description//meshes/xarm7_mirror/collision/link6.stl
[2.915s] -- Installing: /home/erum/U850_ws/install/xarm_description/share/xarm_description//meshes/xarm7_mirror/collision/link4.stl
[2.916s] -- Installing: /home/erum/U850_ws/install/xarm_description/share/xarm_description//meshes/xarm7_mirror/collision/link2.stl
[2.918s] -- Installing: /home/erum/U850_ws/install/xarm_description/share/xarm_description//meshes/xarm7_mirror/collision/link7.stl
[2.918s] -- Installing: /home/erum/U850_ws/install/xarm_description/share/xarm_description//meshes/xarm7_mirror/collision/link3.stl
[2.919s] -- Installing: /home/erum/U850_ws/install/xarm_description/share/xarm_description//meshes/uf850
[2.919s] -- Installing: /home/erum/U850_ws/install/xarm_description/share/xarm_description//meshes/uf850/visual
[2.919s] -- Installing: /home/erum/U850_ws/install/xarm_description/share/xarm_description//meshes/uf850/visual/link_base.stl
[2.923s] -- Installing: /home/erum/U850_ws/install/xarm_description/share/xarm_description//meshes/uf850/visual/link5.stl
[2.924s] -- Installing: /home/erum/U850_ws/install/xarm_description/share/xarm_description//meshes/uf850/visual/link1.stl
[2.926s] -- Installing: /home/erum/U850_ws/install/xarm_description/share/xarm_description//meshes/uf850/visual/link6.stl
[2.931s] -- Installing: /home/erum/U850_ws/install/xarm_description/share/xarm_description//meshes/uf850/visual/link4.stl
[2.935s] -- Installing: /home/erum/U850_ws/install/xarm_description/share/xarm_description//meshes/uf850/visual/link2.stl
[2.940s] -- Installing: /home/erum/U850_ws/install/xarm_description/share/xarm_description//meshes/uf850/visual/link3.stl
[2.942s] -- Installing: /home/erum/U850_ws/install/xarm_description/share/xarm_description//meshes/uf850/collision
[2.942s] -- Installing: /home/erum/U850_ws/install/xarm_description/share/xarm_description//meshes/uf850/collision/link_base.stl
[2.944s] -- Installing: /home/erum/U850_ws/install/xarm_description/share/xarm_description//meshes/uf850/collision/link5.stl
[2.944s] -- Installing: /home/erum/U850_ws/install/xarm_description/share/xarm_description//meshes/uf850/collision/link1.stl
[2.945s] -- Installing: /home/erum/U850_ws/install/xarm_description/share/xarm_description//meshes/uf850/collision/link6.stl
[2.946s] -- Installing: /home/erum/U850_ws/install/xarm_description/share/xarm_description//meshes/uf850/collision/link4.stl
[2.946s] -- Installing: /home/erum/U850_ws/install/xarm_description/share/xarm_description//meshes/uf850/collision/link2.stl
[2.947s] -- Installing: /home/erum/U850_ws/install/xarm_description/share/xarm_description//meshes/uf850/collision/link3.stl
[2.948s] -- Installing: /home/erum/U850_ws/install/xarm_description/share/xarm_description//meshes/camera
[2.948s] -- Installing: /home/erum/U850_ws/install/xarm_description/share/xarm_description//meshes/camera/realsense
[2.948s] -- Installing: /home/erum/U850_ws/install/xarm_description/share/xarm_description//meshes/camera/realsense/visual
[2.948s] -- Installing: /home/erum/U850_ws/install/xarm_description/share/xarm_description//meshes/camera/realsense/visual/d435_with_cam_stand.stl
[2.957s] -- Installing: /home/erum/U850_ws/install/xarm_description/share/xarm_description//meshes/camera/realsense/collision
[2.958s] -- Installing: /home/erum/U850_ws/install/xarm_description/share/xarm_description//meshes/camera/realsense/collision/d435_with_cam_stand.stl
[2.958s] -- Installing: /home/erum/U850_ws/install/xarm_description/share/xarm_description//meshes/xarm6_1305
[2.958s] -- Installing: /home/erum/U850_ws/install/xarm_description/share/xarm_description//meshes/xarm6_1305/visual
[2.958s] -- Installing: /home/erum/U850_ws/install/xarm_description/share/xarm_description//meshes/xarm6_1305/visual/link_base.stl
[2.960s] -- Installing: /home/erum/U850_ws/install/xarm_description/share/xarm_description//meshes/xarm6_1305/visual/link5.stl
[2.964s] -- Installing: /home/erum/U850_ws/install/xarm_description/share/xarm_description//meshes/xarm6_1305/visual/link1.stl
[2.965s] -- Installing: /home/erum/U850_ws/install/xarm_description/share/xarm_description//meshes/xarm6_1305/visual/link6.stl
[2.967s] -- Installing: /home/erum/U850_ws/install/xarm_description/share/xarm_description//meshes/xarm6_1305/visual/link4.stl
[2.971s] -- Installing: /home/erum/U850_ws/install/xarm_description/share/xarm_description//meshes/xarm6_1305/visual/link2.stl
[2.971s] -- Installing: /home/erum/U850_ws/install/xarm_description/share/xarm_description//meshes/xarm6_1305/visual/link3.stl
[2.974s] -- Installing: /home/erum/U850_ws/install/xarm_description/share/xarm_description//meshes/xarm6_1305/collision
[2.974s] -- Installing: /home/erum/U850_ws/install/xarm_description/share/xarm_description//meshes/xarm6_1305/collision/link6.obj
[2.974s] -- Installing: /home/erum/U850_ws/install/xarm_description/share/xarm_description//meshes/xarm6_1305/collision/link5.obj
[2.975s] -- Installing: /home/erum/U850_ws/install/xarm_description/share/xarm_description//meshes/xarm6_1305/collision/link_base.obj
[2.976s] -- Installing: /home/erum/U850_ws/install/xarm_description/share/xarm_description//meshes/xarm6_1305/collision/link3.obj
[2.977s] -- Installing: /home/erum/U850_ws/install/xarm_description/share/xarm_description//meshes/xarm6_1305/collision/link1.obj
[2.978s] -- Installing: /home/erum/U850_ws/install/xarm_description/share/xarm_description//meshes/xarm6_1305/collision/link4.obj
[2.979s] -- Installing: /home/erum/U850_ws/install/xarm_description/share/xarm_description//meshes/xarm6_1305/collision/link2.obj
[2.980s] -- Installing: /home/erum/U850_ws/install/xarm_description/share/xarm_description//meshes/xarm7_1305
[2.981s] -- Installing: /home/erum/U850_ws/install/xarm_description/share/xarm_description//meshes/xarm7_1305/visual
[2.981s] -- Installing: /home/erum/U850_ws/install/xarm_description/share/xarm_description//meshes/xarm7_1305/visual/link_base.stl
[2.982s] -- Installing: /home/erum/U850_ws/install/xarm_description/share/xarm_description//meshes/xarm7_1305/visual/link5.stl
[2.983s] -- Installing: /home/erum/U850_ws/install/xarm_description/share/xarm_description//meshes/xarm7_1305/visual/link1.stl
[2.985s] -- Installing: /home/erum/U850_ws/install/xarm_description/share/xarm_description//meshes/xarm7_1305/visual/link6.stl
[2.989s] -- Installing: /home/erum/U850_ws/install/xarm_description/share/xarm_description//meshes/xarm7_1305/visual/link4.stl
[2.990s] -- Installing: /home/erum/U850_ws/install/xarm_description/share/xarm_description//meshes/xarm7_1305/visual/link2.stl
[2.992s] -- Installing: /home/erum/U850_ws/install/xarm_description/share/xarm_description//meshes/xarm7_1305/visual/link7.stl
[2.994s] -- Installing: /home/erum/U850_ws/install/xarm_description/share/xarm_description//meshes/xarm7_1305/visual/link3.stl
[2.995s] -- Installing: /home/erum/U850_ws/install/xarm_description/share/xarm_description//meshes/xarm7_1305/collision
[2.995s] -- Installing: /home/erum/U850_ws/install/xarm_description/share/xarm_description//meshes/xarm7_1305/collision/link6.obj
[2.996s] -- Installing: /home/erum/U850_ws/install/xarm_description/share/xarm_description//meshes/xarm7_1305/collision/link5.obj
[2.996s] -- Installing: /home/erum/U850_ws/install/xarm_description/share/xarm_description//meshes/xarm7_1305/collision/link_base.obj
[2.997s] -- Installing: /home/erum/U850_ws/install/xarm_description/share/xarm_description//meshes/xarm7_1305/collision/link3.obj
[2.998s] -- Installing: /home/erum/U850_ws/install/xarm_description/share/xarm_description//meshes/xarm7_1305/collision/link1.obj
[2.998s] -- Installing: /home/erum/U850_ws/install/xarm_description/share/xarm_description//meshes/xarm7_1305/collision/link7.obj
[2.999s] -- Installing: /home/erum/U850_ws/install/xarm_description/share/xarm_description//meshes/xarm7_1305/collision/link4.obj
[2.999s] -- Installing: /home/erum/U850_ws/install/xarm_description/share/xarm_description//meshes/xarm7_1305/collision/link2.obj
[3.000s] -- Installing: /home/erum/U850_ws/install/xarm_description/share/xarm_description//meshes/gripper
[3.001s] -- Installing: /home/erum/U850_ws/install/xarm_description/share/xarm_description//meshes/gripper/xarm
[3.001s] -- Installing: /home/erum/U850_ws/install/xarm_description/share/xarm_description//meshes/gripper/xarm/left_finger.stl
[3.002s] -- Installing: /home/erum/U850_ws/install/xarm_description/share/xarm_description//meshes/gripper/xarm/right_outer_knuckle.stl
[3.002s] -- Installing: /home/erum/U850_ws/install/xarm_description/share/xarm_description//meshes/gripper/xarm/left_inner_knuckle.stl
[3.005s] -- Installing: /home/erum/U850_ws/install/xarm_description/share/xarm_description//meshes/gripper/xarm/left_outer_knuckle.stl
[3.006s] -- Installing: /home/erum/U850_ws/install/xarm_description/share/xarm_description//meshes/gripper/xarm/base_link.stl
[3.014s] -- Installing: /home/erum/U850_ws/install/xarm_description/share/xarm_description//meshes/gripper/xarm/right_inner_knuckle.stl
[3.016s] -- Installing: /home/erum/U850_ws/install/xarm_description/share/xarm_description//meshes/gripper/xarm/right_finger.stl
[3.018s] -- Installing: /home/erum/U850_ws/install/xarm_description/share/xarm_description//meshes/gripper/bio
[3.018s] -- Installing: /home/erum/U850_ws/install/xarm_description/share/xarm_description//meshes/gripper/bio/left_finger.stl
[3.018s] -- Installing: /home/erum/U850_ws/install/xarm_description/share/xarm_description//meshes/gripper/bio/link_base.stl
[3.020s] -- Installing: /home/erum/U850_ws/install/xarm_description/share/xarm_description//meshes/gripper/bio/right_finger.stl
[3.021s] -- Installing: /home/erum/U850_ws/install/xarm_description/share/xarm_description//meshes/gripper/lite
[3.021s] -- Installing: /home/erum/U850_ws/install/xarm_description/share/xarm_description//meshes/gripper/lite/visual
[3.023s] -- Installing: /home/erum/U850_ws/install/xarm_description/share/xarm_description//meshes/gripper/lite/visual/gripper_lite.stl
[3.024s] -- Installing: /home/erum/U850_ws/install/xarm_description/share/xarm_description//meshes/gripper/lite/collision
[3.024s] -- Installing: /home/erum/U850_ws/install/xarm_description/share/xarm_description//meshes/gripper/lite/collision/gripper_lite.stl
[3.024s] -- Installing: /home/erum/U850_ws/install/xarm_description/share/xarm_description//meshes/xarm5
[3.025s] -- Installing: /home/erum/U850_ws/install/xarm_description/share/xarm_description//meshes/xarm5/visual
[3.025s] -- Installing: /home/erum/U850_ws/install/xarm_description/share/xarm_description//meshes/xarm5/visual/link_base.stl
[3.025s] -- Installing: /home/erum/U850_ws/install/xarm_description/share/xarm_description//meshes/xarm5/visual/link5.stl
[3.026s] -- Installing: /home/erum/U850_ws/install/xarm_description/share/xarm_description//meshes/xarm5/visual/link1.stl
[3.028s] -- Installing: /home/erum/U850_ws/install/xarm_description/share/xarm_description//meshes/xarm5/visual/link4.stl
[3.031s] -- Installing: /home/erum/U850_ws/install/xarm_description/share/xarm_description//meshes/xarm5/visual/link2.stl
[3.043s] -- Installing: /home/erum/U850_ws/install/xarm_description/share/xarm_description//meshes/xarm5/visual/link3.stl
[3.045s] -- Installing: /home/erum/U850_ws/install/xarm_description/share/xarm_description//meshes/vacuum_gripper
[3.045s] -- Installing: /home/erum/U850_ws/install/xarm_description/share/xarm_description//meshes/vacuum_gripper/xarm
[3.045s] -- Installing: /home/erum/U850_ws/install/xarm_description/share/xarm_description//meshes/vacuum_gripper/xarm/visual
[3.045s] -- Installing: /home/erum/U850_ws/install/xarm_description/share/xarm_description//meshes/vacuum_gripper/xarm/visual/vacuum_gripper.stl
[3.052s] -- Installing: /home/erum/U850_ws/install/xarm_description/share/xarm_description//meshes/vacuum_gripper/xarm/collision
[3.052s] -- Installing: /home/erum/U850_ws/install/xarm_description/share/xarm_description//meshes/vacuum_gripper/xarm/collision/vacuum_gripper.stl
[3.052s] -- Installing: /home/erum/U850_ws/install/xarm_description/share/xarm_description//meshes/vacuum_gripper/lite
[3.053s] -- Installing: /home/erum/U850_ws/install/xarm_description/share/xarm_description//meshes/vacuum_gripper/lite/visual
[3.053s] -- Installing: /home/erum/U850_ws/install/xarm_description/share/xarm_description//meshes/vacuum_gripper/lite/visual/vacuum_gripper_lite.stl
[3.054s] -- Installing: /home/erum/U850_ws/install/xarm_description/share/xarm_description//meshes/vacuum_gripper/lite/collision
[3.054s] -- Installing: /home/erum/U850_ws/install/xarm_description/share/xarm_description//meshes/vacuum_gripper/lite/collision/vacuum_gripper_lite.stl
[3.055s] -- Installing: /home/erum/U850_ws/install/xarm_description/share/xarm_description//meshes/xarm5_1305
[3.055s] -- Installing: /home/erum/U850_ws/install/xarm_description/share/xarm_description//meshes/xarm5_1305/visual
[3.055s] -- Installing: /home/erum/U850_ws/install/xarm_description/share/xarm_description//meshes/xarm5_1305/visual/link_base.stl
[3.056s] -- Installing: /home/erum/U850_ws/install/xarm_description/share/xarm_description//meshes/xarm5_1305/visual/link5.stl
[3.061s] -- Installing: /home/erum/U850_ws/install/xarm_description/share/xarm_description//meshes/xarm5_1305/visual/link1.stl
[3.061s] -- Installing: /home/erum/U850_ws/install/xarm_description/share/xarm_description//meshes/xarm5_1305/visual/link4.stl
[3.068s] -- Installing: /home/erum/U850_ws/install/xarm_description/share/xarm_description//meshes/xarm5_1305/visual/link2.stl
[3.068s] -- Installing: /home/erum/U850_ws/install/xarm_description/share/xarm_description//meshes/xarm5_1305/visual/link3.stl
[3.071s] -- Installing: /home/erum/U850_ws/install/xarm_description/share/xarm_description//meshes/xarm5_1305/collision
[3.071s] -- Installing: /home/erum/U850_ws/install/xarm_description/share/xarm_description//meshes/xarm5_1305/collision/link5.obj
[3.071s] -- Installing: /home/erum/U850_ws/install/xarm_description/share/xarm_description//meshes/xarm5_1305/collision/link_base.obj
[3.072s] -- Installing: /home/erum/U850_ws/install/xarm_description/share/xarm_description//meshes/xarm5_1305/collision/link3.obj
[3.076s] -- Installing: /home/erum/U850_ws/install/xarm_description/share/xarm_description//meshes/xarm5_1305/collision/link1.obj
[3.076s] -- Installing: /home/erum/U850_ws/install/xarm_description/share/xarm_description//meshes/xarm5_1305/collision/link4.obj
[3.076s] -- Installing: /home/erum/U850_ws/install/xarm_description/share/xarm_description//meshes/xarm5_1305/collision/link2.obj
[3.076s] -- Installing: /home/erum/U850_ws/install/xarm_description/share/xarm_description//meshes/xarm6
[3.076s] -- Installing: /home/erum/U850_ws/install/xarm_description/share/xarm_description//meshes/xarm6/visual
[3.076s] -- Installing: /home/erum/U850_ws/install/xarm_description/share/xarm_description//meshes/xarm6/visual/link_base.stl
[3.077s] -- Installing: /home/erum/U850_ws/install/xarm_description/share/xarm_description//meshes/xarm6/visual/link5.stl
[3.080s] -- Installing: /home/erum/U850_ws/install/xarm_description/share/xarm_description//meshes/xarm6/visual/link1.stl
[3.081s] -- Installing: /home/erum/U850_ws/install/xarm_description/share/xarm_description//meshes/xarm6/visual/link6.stl
[3.081s] -- Installing: /home/erum/U850_ws/install/xarm_description/share/xarm_description//meshes/xarm6/visual/link4.stl
[3.083s] -- Installing: /home/erum/U850_ws/install/xarm_description/share/xarm_description//meshes/xarm6/visual/link2.stl
[3.091s] -- Installing: /home/erum/U850_ws/install/xarm_description/share/xarm_description//meshes/xarm6/visual/link3.stl
[3.092s] -- Installing: /home/erum/U850_ws/install/xarm_description/share/xarm_description//launch
[3.093s] -- Installing: /home/erum/U850_ws/install/xarm_description/share/xarm_description//launch/_rviz_display.launch.py
[3.093s] -- Installing: /home/erum/U850_ws/install/xarm_description/share/xarm_description//launch/uf850_rviz_display.launch.py
[3.093s] -- Installing: /home/erum/U850_ws/install/xarm_description/share/xarm_description//launch/_robot_joint_state.launch.py
[3.093s] -- Installing: /home/erum/U850_ws/install/xarm_description/share/xarm_description//launch/lite6_rviz_display.launch.py
[3.093s] -- Installing: /home/erum/U850_ws/install/xarm_description/share/xarm_description//launch/xarm7_mirror_rviz_display.launch.py
[3.094s] -- Installing: /home/erum/U850_ws/install/xarm_description/share/xarm_description//launch/xarm7_rviz_display.launch.py
[3.094s] -- Installing: /home/erum/U850_ws/install/xarm_description/share/xarm_description//launch/xarm6_rviz_display.launch.py
[3.094s] -- Installing: /home/erum/U850_ws/install/xarm_description/share/xarm_description//launch/_robot_description.launch.py
[3.094s] -- Installing: /home/erum/U850_ws/install/xarm_description/share/xarm_description//launch/xarm5_rviz_display.launch.py
[3.094s] -- Installing: /home/erum/U850_ws/install/xarm_description/share/xarm_description//launch/lib
[3.094s] -- Installing: /home/erum/U850_ws/install/xarm_description/share/xarm_description//launch/lib/robot_description_lib.py
[3.095s] -- Installing: /home/erum/U850_ws/install/xarm_description/share/xarm_description//launch/_robot_rviz_display.launch.py
[3.095s] -- Installing: /home/erum/U850_ws/install/xarm_description/share/ament_index/resource_index/package_run_dependencies/xarm_description
[3.095s] -- Installing: /home/erum/U850_ws/install/xarm_description/share/ament_index/resource_index/parent_prefix_path/xarm_description
[3.095s] -- Installing: /home/erum/U850_ws/install/xarm_description/share/xarm_description/environment/ament_prefix_path.sh
[3.096s] -- Installing: /home/erum/U850_ws/install/xarm_description/share/xarm_description/environment/ament_prefix_path.dsv
[3.096s] -- Installing: /home/erum/U850_ws/install/xarm_description/share/xarm_description/environment/path.sh
[3.096s] -- Installing: /home/erum/U850_ws/install/xarm_description/share/xarm_description/environment/path.dsv
[3.098s] -- Installing: /home/erum/U850_ws/install/xarm_description/share/xarm_description/local_setup.bash
[3.098s] -- Installing: /home/erum/U850_ws/install/xarm_description/share/xarm_description/local_setup.sh
[3.098s] -- Installing: /home/erum/U850_ws/install/xarm_description/share/xarm_description/local_setup.zsh
[3.099s] -- Installing: /home/erum/U850_ws/install/xarm_description/share/xarm_description/local_setup.dsv
[3.099s] -- Installing: /home/erum/U850_ws/install/xarm_description/share/xarm_description/package.dsv
[3.099s] -- Installing: /home/erum/U850_ws/install/xarm_description/share/ament_index/resource_index/packages/xarm_description
[3.099s] -- Installing: /home/erum/U850_ws/install/xarm_description/share/xarm_description/cmake/xarm_descriptionConfig.cmake
[3.099s] -- Installing: /home/erum/U850_ws/install/xarm_description/share/xarm_description/cmake/xarm_descriptionConfig-version.cmake
[3.099s] -- Installing: /home/erum/U850_ws/install/xarm_description/share/xarm_description/package.xml
[3.102s] Invoked command in '/home/erum/U850_ws/build/xarm_description' returned '0': CMAKE_PREFIX_PATH=${CMAKE_PREFIX_PATH}:/opt/ros/jazzy DEBUGINFOD_URLS=https://debuginfod.ubuntu.com /usr/bin/cmake --install /home/erum/U850_ws/build/xarm_description
